TN:
SF:../../../../../Applications/Visual Studio Code.app/Contents/Resources/app/extensions/git/dist/askpass-main.js
FN:1,anonymous_0
FN:1,231
FN:1,o
FN:1,get
FN:1,o
FN:1,s
FN:1,s
FN:1,n
FN:1,n
FN:1,i
FN:1,u
FN:1,anonymous_11
FN:1,anonymous_12
FN:1,anonymous_13
FN:1,anonymous_14
FN:1,7745
FN:1,o
FN:1,get
FN:1,o
FN:1,s
FN:1,s
FN:1,n
FN:1,n
FN:1,i
FN:1,<instance_members_initializer>
FN:1,t.IPCClient
FN:1,call
FN:1,anonymous_27
FN:1,anonymous_28
FN:1,anonymous_29
FN:1,anonymous_30
FN:1,anonymous_31
FN:1,8611
FN:1,9896
FN:1,r
FNDA:2,anonymous_0
FNDA:2,231
FNDA:212,o
FNDA:2,get
FNDA:0,o
FNDA:2,s
FNDA:0,s
FNDA:2,n
FNDA:0,n
FNDA:212,i
FNDA:0,u
FNDA:2,anonymous_11
FNDA:2,anonymous_12
FNDA:2,anonymous_13
FNDA:0,anonymous_14
FNDA:2,7745
FNDA:40,o
FNDA:2,get
FNDA:0,o
FNDA:2,s
FNDA:0,s
FNDA:2,n
FNDA:0,n
FNDA:40,i
FNDA:2,<instance_members_initializer>
FNDA:2,t.IPCClient
FNDA:2,call
FNDA:2,anonymous_27
FNDA:2,anonymous_28
FNDA:2,anonymous_29
FNDA:2,anonymous_30
FNDA:0,anonymous_31
FNDA:2,8611
FNDA:2,9896
FNDA:8,r
FNF:35
FNH:26
BRDA:1,0,0,2
BRDA:1,1,0,2
BRDA:1,2,0,0
BRDA:1,3,0,2
BRDA:1,4,0,0
BRDA:1,5,0,0
BRDA:1,6,0,212
BRDA:1,7,0,10
BRDA:1,8,0,202
BRDA:1,9,0,10
BRDA:1,10,0,202
BRDA:1,11,0,2
BRDA:1,12,0,2
BRDA:1,13,0,2
BRDA:1,14,0,0
BRDA:1,15,0,2
BRDA:1,16,0,212
BRDA:1,17,0,0
BRDA:1,18,0,2
BRDA:1,19,0,0
BRDA:1,20,0,0
BRDA:1,21,0,0
BRDA:1,22,0,0
BRDA:1,23,0,0
BRDA:1,24,0,0
BRDA:1,25,0,2
BRDA:1,26,0,2
BRDA:1,27,0,2
BRDA:1,28,0,0
BRDA:1,29,0,0
BRDA:1,30,0,40
BRDA:1,31,0,10
BRDA:1,32,0,30
BRDA:1,33,0,0
BRDA:1,34,0,2
BRDA:1,35,0,2
BRDA:1,36,0,2
BRDA:1,37,0,0
BRDA:1,38,0,2
BRDA:1,39,0,40
BRDA:1,40,0,0
BRDA:1,41,0,2
BRDA:1,42,0,2
BRDA:1,43,0,0
BRDA:1,44,0,2
BRDA:1,45,0,2
BRDA:1,46,0,2
BRDA:1,47,0,0
BRDA:1,48,0,2
BRDA:1,49,0,2
BRDA:1,50,0,2
BRDA:1,51,0,2
BRDA:1,52,0,8
BRDA:1,53,0,0
BRF:54
BRH:35
DA:1,2
DA:2,2
LH:2
LF:2
end_of_record
SF:bin/create-scaffold/argument-parser.mjs
FN:20,parseArguments
FN:23,anonymous_1
FN:217,validateArguments
FN:346,generateHelpText
FN:558,ArgumentError
FNDA:177,parseArguments
FNDA:717,anonymous_1
FNDA:165,validateArguments
FNDA:28,generateHelpText
FNDA:1,ArgumentError
FNF:5
FNH:5
BRDA:1,0,0,166
BRDA:20,1,0,177
BRDA:145,2,0,10
BRDA:147,3,0,11
BRDA:156,4,0,1
BRDA:156,5,0,10
BRDA:161,6,0,11
BRDA:165,7,0,1
BRDA:166,8,0,10
BRDA:167,9,0,2
BRDA:168,10,0,8
BRDA:196,11,0,1
BRDA:43,12,0,0
BRDA:148,13,0,0
BRDA:23,14,0,717
BRDA:28,15,0,1
BRDA:39,16,0,56
BRDA:24,17,0,0
BRDA:217,18,0,165
BRDA:221,19,0,1
BRDA:223,20,0,3
BRDA:234,21,0,3
BRDA:262,22,0,3
BRDA:266,23,0,3
BRDA:285,24,0,3
BRDA:290,25,0,3
BRDA:295,26,0,1
BRDA:297,27,0,2
BRDA:299,28,0,3
BRDA:304,29,0,3
BRDA:309,30,0,3
BRDA:317,31,0,2
BRDA:319,32,0,3
BRDA:324,33,0,3
BRDA:329,34,0,3
BRDA:334,35,0,3
BRDA:226,36,0,0
BRDA:226,37,0,0
BRDA:227,38,0,0
BRDA:227,39,0,0
BRDA:227,40,0,0
BRDA:227,41,0,0
BRDA:228,42,0,0
BRDA:228,43,0,0
BRDA:228,44,0,0
BRDA:228,45,0,0
BRDA:229,46,0,0
BRDA:229,47,0,0
BRDA:229,48,0,0
BRDA:230,49,0,0
BRDA:230,50,0,0
BRDA:230,51,0,0
BRDA:231,52,0,0
BRDA:232,53,0,0
BRDA:236,54,0,0
BRDA:264,55,0,0
BRDA:275,56,0,0
BRDA:346,57,0,28
BRDA:558,58,0,1
BRF:59
BRH:35
DA:1,166
DA:2,166
DA:3,166
DA:4,166
DA:5,166
DA:6,166
DA:7,166
DA:8,166
DA:9,166
DA:10,166
DA:11,166
DA:12,166
DA:13,166
DA:14,166
DA:15,166
DA:16,166
DA:17,166
DA:18,166
DA:19,166
DA:20,166
DA:21,177
DA:22,177
DA:23,177
DA:24,717
DA:25,0
DA:26,0
DA:27,717
DA:28,717
DA:29,1
DA:30,1
DA:31,1
DA:32,1
DA:33,1
DA:34,1
DA:35,1
DA:36,1
DA:37,1
DA:38,1
DA:39,1
DA:40,56
DA:41,56
DA:42,177
DA:43,177
DA:44,177
DA:45,177
DA:46,177
DA:47,177
DA:48,177
DA:49,177
DA:50,177
DA:51,177
DA:52,177
DA:53,177
DA:54,177
DA:55,177
DA:56,177
DA:57,177
DA:58,177
DA:59,177
DA:60,177
DA:61,177
DA:62,177
DA:63,177
DA:64,177
DA:65,177
DA:66,177
DA:67,177
DA:68,177
DA:69,177
DA:70,177
DA:71,177
DA:72,177
DA:73,177
DA:74,177
DA:75,177
DA:76,177
DA:77,177
DA:78,177
DA:79,177
DA:80,177
DA:81,177
DA:82,177
DA:83,177
DA:84,177
DA:85,177
DA:86,177
DA:87,177
DA:88,177
DA:89,177
DA:90,177
DA:91,177
DA:92,177
DA:93,177
DA:94,177
DA:95,177
DA:96,177
DA:97,177
DA:98,177
DA:99,177
DA:100,177
DA:101,177
DA:102,177
DA:103,177
DA:104,177
DA:105,177
DA:106,177
DA:107,177
DA:108,177
DA:109,177
DA:110,177
DA:111,177
DA:112,177
DA:113,177
DA:114,177
DA:115,177
DA:116,177
DA:117,177
DA:118,177
DA:119,177
DA:120,177
DA:121,177
DA:122,177
DA:123,177
DA:124,177
DA:125,177
DA:126,177
DA:127,177
DA:128,177
DA:129,177
DA:130,177
DA:131,177
DA:132,177
DA:133,177
DA:134,177
DA:135,177
DA:136,177
DA:137,177
DA:138,177
DA:139,177
DA:140,177
DA:141,177
DA:142,177
DA:143,177
DA:144,177
DA:145,177
DA:146,177
DA:147,177
DA:148,177
DA:149,0
DA:150,177
DA:151,177
DA:152,177
DA:153,177
DA:154,177
DA:155,177
DA:156,177
DA:157,177
DA:158,177
DA:159,177
DA:160,177
DA:161,177
DA:162,177
DA:163,177
DA:164,177
DA:165,177
DA:166,177
DA:167,10
DA:168,177
DA:169,177
DA:170,177
DA:171,177
DA:172,177
DA:173,177
DA:174,177
DA:175,177
DA:176,177
DA:177,177
DA:178,177
DA:179,177
DA:180,177
DA:181,177
DA:182,177
DA:183,177
DA:184,177
DA:185,177
DA:186,177
DA:187,177
DA:188,177
DA:189,177
DA:190,177
DA:191,177
DA:192,177
DA:193,177
DA:194,177
DA:195,177
DA:196,177
DA:197,1
DA:198,1
DA:199,1
DA:200,1
DA:201,1
DA:202,1
DA:203,1
DA:204,1
DA:205,1
DA:206,1
DA:207,1
DA:208,1
DA:209,1
DA:210,1
DA:211,1
DA:212,177
DA:213,166
DA:214,166
DA:215,166
DA:216,166
DA:217,166
DA:218,165
DA:219,165
DA:220,165
DA:221,165
DA:222,1
DA:223,1
DA:224,3
DA:225,3
DA:226,165
DA:227,165
DA:228,165
DA:229,165
DA:230,165
DA:231,165
DA:232,165
DA:233,0
DA:234,0
DA:235,3
DA:236,165
DA:237,0
DA:238,0
DA:239,0
DA:240,0
DA:241,0
DA:242,0
DA:243,0
DA:244,0
DA:245,0
DA:246,0
DA:247,0
DA:248,0
DA:249,0
DA:250,0
DA:251,0
DA:252,0
DA:253,0
DA:254,0
DA:255,0
DA:256,0
DA:257,0
DA:258,0
DA:259,0
DA:260,0
DA:261,0
DA:262,0
DA:263,3
DA:264,165
DA:265,0
DA:266,0
DA:267,3
DA:268,3
DA:269,165
DA:270,165
DA:271,165
DA:272,165
DA:273,165
DA:274,165
DA:275,165
DA:276,0
DA:277,0
DA:278,165
DA:279,165
DA:280,165
DA:281,165
DA:282,165
DA:283,165
DA:284,165
DA:285,165
DA:286,3
DA:287,3
DA:288,165
DA:289,165
DA:290,165
DA:291,3
DA:292,3
DA:293,3
DA:294,3
DA:295,165
DA:296,1
DA:297,165
DA:298,2
DA:299,2
DA:300,3
DA:301,3
DA:302,165
DA:303,165
DA:304,165
DA:305,3
DA:306,3
DA:307,165
DA:308,165
DA:309,165
DA:310,3
DA:311,3
DA:312,3
DA:313,3
DA:314,3
DA:315,3
DA:316,3
DA:317,165
DA:318,2
DA:319,2
DA:320,3
DA:321,3
DA:322,165
DA:323,165
DA:324,165
DA:325,3
DA:326,3
DA:327,165
DA:328,165
DA:329,165
DA:330,3
DA:331,3
DA:332,165
DA:333,165
DA:334,165
DA:335,3
DA:336,3
DA:337,3
DA:338,3
DA:339,3
DA:340,3
DA:341,165
DA:342,166
DA:343,166
DA:344,166
DA:345,166
DA:346,166
DA:347,28
DA:348,28
DA:349,28
DA:350,28
DA:351,28
DA:352,28
DA:353,28
DA:354,28
DA:355,28
DA:356,28
DA:357,28
DA:358,28
DA:359,28
DA:360,28
DA:361,28
DA:362,28
DA:363,28
DA:364,28
DA:365,28
DA:366,28
DA:367,28
DA:368,28
DA:369,28
DA:370,28
DA:371,28
DA:372,28
DA:373,28
DA:374,28
DA:375,28
DA:376,28
DA:377,28
DA:378,28
DA:379,28
DA:380,28
DA:381,28
DA:382,28
DA:383,28
DA:384,28
DA:385,28
DA:386,28
DA:387,28
DA:388,28
DA:389,28
DA:390,28
DA:391,28
DA:392,28
DA:393,28
DA:394,28
DA:395,28
DA:396,28
DA:397,28
DA:398,28
DA:399,28
DA:400,28
DA:401,28
DA:402,28
DA:403,28
DA:404,28
DA:405,28
DA:406,28
DA:407,28
DA:408,28
DA:409,28
DA:410,28
DA:411,28
DA:412,28
DA:413,28
DA:414,28
DA:415,28
DA:416,28
DA:417,28
DA:418,28
DA:419,28
DA:420,28
DA:421,28
DA:422,28
DA:423,28
DA:424,28
DA:425,28
DA:426,28
DA:427,28
DA:428,28
DA:429,28
DA:430,28
DA:431,28
DA:432,28
DA:433,28
DA:434,28
DA:435,28
DA:436,28
DA:437,28
DA:438,28
DA:439,28
DA:440,28
DA:441,28
DA:442,28
DA:443,28
DA:444,28
DA:445,28
DA:446,28
DA:447,28
DA:448,28
DA:449,28
DA:450,28
DA:451,28
DA:452,28
DA:453,28
DA:454,28
DA:455,28
DA:456,28
DA:457,28
DA:458,28
DA:459,28
DA:460,28
DA:461,28
DA:462,28
DA:463,28
DA:464,28
DA:465,28
DA:466,28
DA:467,28
DA:468,28
DA:469,28
DA:470,28
DA:471,28
DA:472,28
DA:473,28
DA:474,28
DA:475,28
DA:476,28
DA:477,28
DA:478,28
DA:479,28
DA:480,28
DA:481,28
DA:482,28
DA:483,28
DA:484,28
DA:485,28
DA:486,28
DA:487,28
DA:488,28
DA:489,28
DA:490,28
DA:491,28
DA:492,28
DA:493,28
DA:494,28
DA:495,28
DA:496,28
DA:497,28
DA:498,28
DA:499,28
DA:500,28
DA:501,28
DA:502,28
DA:503,28
DA:504,28
DA:505,28
DA:506,28
DA:507,28
DA:508,28
DA:509,28
DA:510,28
DA:511,28
DA:512,28
DA:513,28
DA:514,28
DA:515,28
DA:516,28
DA:517,28
DA:518,28
DA:519,28
DA:520,28
DA:521,28
DA:522,28
DA:523,28
DA:524,28
DA:525,28
DA:526,28
DA:527,28
DA:528,28
DA:529,28
DA:530,28
DA:531,28
DA:532,28
DA:533,28
DA:534,28
DA:535,28
DA:536,28
DA:537,28
DA:538,28
DA:539,28
DA:540,28
DA:541,28
DA:542,28
DA:543,28
DA:544,28
DA:545,28
DA:546,28
DA:547,28
DA:548,28
DA:549,28
DA:550,28
DA:551,166
DA:552,166
DA:553,166
DA:554,166
DA:555,166
DA:556,166
DA:557,166
DA:558,166
DA:559,1
DA:560,1
DA:561,1
DA:562,166
LH:527
LF:562
end_of_record
SF:bin/create-scaffold/cache-manager.mjs
FN:15,CacheManager
FN:25,resolveRepoDirectory
FN:41,normalizeRepoUrl
FN:59,getProtocolFromUrl
FN:81,getRepoNameFromUrl
FN:108,ensureCacheDirectory
FN:116,ensureRepoDirectory
FN:130,populateCache
FN:188,refreshCache
FN:212,getCacheMetadata
FN:222,updateCacheMetadata
FN:236,getCachedRepo
FN:278,isExpired
FN:296,detectCacheCorruption
FN:339,handleCacheCorruption
FN:348,clearExpiredEntries
FNDA:165,CacheManager
FNDA:6,resolveRepoDirectory
FNDA:8,normalizeRepoUrl
FNDA:6,getProtocolFromUrl
FNDA:6,getRepoNameFromUrl
FNDA:4,ensureCacheDirectory
FNDA:2,ensureRepoDirectory
FNDA:2,populateCache
FNDA:0,refreshCache
FNDA:6,getCacheMetadata
FNDA:2,updateCacheMetadata
FNDA:2,getCachedRepo
FNDA:0,isExpired
FNDA:0,detectCacheCorruption
FNDA:0,handleCacheCorruption
FNDA:0,clearExpiredEntries
FNF:16
FNH:11
BRDA:1,0,0,165
BRDA:15,1,0,165
BRDA:25,2,0,6
BRDA:29,3,0,0
BRDA:29,4,0,0
BRDA:29,5,0,0
BRDA:30,6,0,0
BRDA:41,7,0,8
BRDA:42,8,0,0
BRDA:42,9,0,0
BRDA:44,10,0,0
BRDA:59,11,0,6
BRDA:60,12,0,0
BRDA:60,13,0,0
BRDA:62,14,0,0
BRDA:81,15,0,6
BRDA:82,16,0,0
BRDA:82,17,0,0
BRDA:85,18,0,0
BRDA:108,19,0,4
BRDA:116,20,0,2
BRDA:130,21,0,2
BRDA:133,22,0,0
BRDA:133,23,0,0
BRDA:143,24,0,0
BRDA:152,25,0,0
BRDA:160,26,0,0
BRDA:161,27,0,0
BRDA:169,28,0,0
BRDA:173,29,0,0
BRDA:212,30,0,6
BRDA:222,31,0,2
BRDA:236,32,0,2
BRDA:238,33,0,0
BRDA:248,34,0,0
BRDA:264,35,0,0
BRF:36
BRH:12
DA:1,165
DA:2,165
DA:3,165
DA:4,165
DA:5,165
DA:6,165
DA:7,165
DA:8,165
DA:9,165
DA:10,165
DA:11,165
DA:12,165
DA:13,165
DA:14,165
DA:15,165
DA:16,165
DA:17,165
DA:18,165
DA:19,165
DA:20,165
DA:21,165
DA:22,165
DA:23,165
DA:24,165
DA:25,165
DA:26,6
DA:27,6
DA:28,6
DA:29,6
DA:30,6
DA:31,6
DA:32,6
DA:33,6
DA:34,6
DA:35,165
DA:36,165
DA:37,165
DA:38,165
DA:39,165
DA:40,165
DA:41,165
DA:42,8
DA:43,8
DA:44,8
DA:45,0
DA:46,0
DA:47,0
DA:48,0
DA:49,0
DA:50,0
DA:51,0
DA:52,8
DA:53,165
DA:54,165
DA:55,165
DA:56,165
DA:57,165
DA:58,165
DA:59,165
DA:60,6
DA:61,6
DA:62,6
DA:63,0
DA:64,0
DA:65,0
DA:66,0
DA:67,0
DA:68,0
DA:69,0
DA:70,0
DA:71,0
DA:72,0
DA:73,0
DA:74,6
DA:75,165
DA:76,165
DA:77,165
DA:78,165
DA:79,165
DA:80,165
DA:81,165
DA:82,6
DA:83,6
DA:84,6
DA:85,6
DA:86,0
DA:87,0
DA:88,0
DA:89,0
DA:90,0
DA:91,0
DA:92,0
DA:93,0
DA:94,0
DA:95,0
DA:96,0
DA:97,0
DA:98,0
DA:99,0
DA:100,0
DA:101,0
DA:102,0
DA:103,6
DA:104,165
DA:105,165
DA:106,165
DA:107,165
DA:108,165
DA:109,4
DA:110,4
DA:111,165
DA:112,165
DA:113,165
DA:114,165
DA:115,165
DA:116,165
DA:117,2
DA:118,2
DA:119,2
DA:120,2
DA:121,165
DA:122,165
DA:123,165
DA:124,165
DA:125,165
DA:126,165
DA:127,165
DA:128,165
DA:129,165
DA:130,165
DA:131,2
DA:132,2
DA:133,2
DA:134,2
DA:135,2
DA:136,2
DA:137,2
DA:138,2
DA:139,2
DA:140,2
DA:141,2
DA:142,2
DA:143,2
DA:144,0
DA:145,0
DA:146,2
DA:147,2
DA:148,2
DA:149,2
DA:150,2
DA:151,2
DA:152,2
DA:153,0
DA:154,0
DA:155,0
DA:156,2
DA:157,2
DA:158,2
DA:159,2
DA:160,2
DA:161,2
DA:162,2
DA:163,2
DA:164,2
DA:165,2
DA:166,2
DA:167,2
DA:168,2
DA:169,2
DA:170,2
DA:171,2
DA:172,2
DA:173,2
DA:174,0
DA:175,0
DA:176,0
DA:177,2
DA:178,2
DA:179,2
DA:180,165
DA:181,165
DA:182,165
DA:183,165
DA:184,165
DA:185,165
DA:186,165
DA:187,165
DA:188,165
DA:189,0
DA:190,0
DA:191,0
DA:192,0
DA:193,0
DA:194,0
DA:195,0
DA:196,0
DA:197,0
DA:198,0
DA:199,0
DA:200,0
DA:201,0
DA:202,0
DA:203,0
DA:204,165
DA:205,165
DA:206,165
DA:207,165
DA:208,165
DA:209,165
DA:210,165
DA:211,165
DA:212,165
DA:213,6
DA:214,6
DA:215,6
DA:216,165
DA:217,165
DA:218,165
DA:219,165
DA:220,165
DA:221,165
DA:222,165
DA:223,2
DA:224,2
DA:225,2
DA:226,2
DA:227,165
DA:228,165
DA:229,165
DA:230,165
DA:231,165
DA:232,165
DA:233,165
DA:234,165
DA:235,165
DA:236,165
DA:237,2
DA:238,2
DA:239,0
DA:240,0
DA:241,2
DA:242,2
DA:243,2
DA:244,2
DA:245,2
DA:246,2
DA:247,2
DA:248,2
DA:249,0
DA:250,0
DA:251,0
DA:252,0
DA:253,0
DA:254,0
DA:255,0
DA:256,0
DA:257,0
DA:258,0
DA:259,0
DA:260,0
DA:261,0
DA:262,0
DA:263,0
DA:264,2
DA:265,0
DA:266,0
DA:267,0
DA:268,0
DA:269,0
DA:270,2
DA:271,165
DA:272,165
DA:273,165
DA:274,165
DA:275,165
DA:276,165
DA:277,165
DA:278,165
DA:279,0
DA:280,0
DA:281,0
DA:282,0
DA:283,0
DA:284,0
DA:285,0
DA:286,0
DA:287,0
DA:288,0
DA:289,0
DA:290,165
DA:291,165
DA:292,165
DA:293,165
DA:294,165
DA:295,165
DA:296,165
DA:297,0
DA:298,0
DA:299,0
DA:300,0
DA:301,0
DA:302,0
DA:303,0
DA:304,0
DA:305,0
DA:306,0
DA:307,0
DA:308,0
DA:309,0
DA:310,0
DA:311,0
DA:312,0
DA:313,0
DA:314,0
DA:315,0
DA:316,0
DA:317,0
DA:318,0
DA:319,0
DA:320,0
DA:321,0
DA:322,0
DA:323,0
DA:324,0
DA:325,0
DA:326,0
DA:327,0
DA:328,0
DA:329,0
DA:330,0
DA:331,0
DA:332,0
DA:333,0
DA:334,165
DA:335,165
DA:336,165
DA:337,165
DA:338,165
DA:339,165
DA:340,0
DA:341,0
DA:342,0
DA:343,165
DA:344,165
DA:345,165
DA:346,165
DA:347,165
DA:348,165
DA:349,0
DA:350,0
DA:351,0
DA:352,0
DA:353,0
DA:354,0
DA:355,0
DA:356,0
DA:357,0
DA:358,0
DA:359,0
DA:360,0
DA:361,0
DA:362,0
DA:363,0
DA:364,0
DA:365,0
DA:366,0
DA:367,0
DA:368,0
DA:369,0
DA:370,0
DA:371,0
DA:372,0
DA:373,0
DA:374,0
DA:375,0
DA:376,0
DA:377,0
DA:378,0
DA:379,0
DA:380,0
DA:381,0
DA:382,0
DA:383,0
DA:384,0
DA:385,0
DA:386,0
DA:387,0
DA:388,0
DA:389,0
DA:390,0
DA:391,0
DA:392,165
LH:218
LF:392
end_of_record
SF:bin/create-scaffold/config-loader.mjs
FN:24,loadConfig
FN:54,resolveCandidatePaths
FN:67,resolveString
FN:75,expandHome
FN:101,resolveUserConfigPath
FN:118,readConfigFile
FN:143,normalizeConfigPayload
FN:183,sanitizeRepoField
FN:219,sanitizeBranchField
FN:255,normalizeAuthor
FN:322,normalizePlaceholders
FN:372,wrapValidationError
FNDA:318,loadConfig
FNDA:167,resolveCandidatePaths
FNDA:167,resolveString
FNDA:167,expandHome
FNDA:166,resolveUserConfigPath
FNDA:327,readConfigFile
FNDA:7,normalizeConfigPayload
FNDA:5,sanitizeRepoField
FNDA:1,sanitizeBranchField
FNDA:2,normalizeAuthor
FNDA:4,normalizePlaceholders
FNDA:4,wrapValidationError
FNF:12
FNH:12
BRDA:1,0,0,166
BRDA:24,1,0,169
BRDA:34,2,0,318
BRDA:25,3,0,1
BRDA:27,4,0,6
BRDA:29,5,0,6
BRDA:30,6,0,6
BRDA:30,7,0,6
BRDA:39,8,0,6
BRDA:40,9,0,2
BRDA:42,10,0,4
BRDA:49,11,0,1
BRDA:29,12,0,0
BRDA:30,13,0,0
BRDA:35,14,0,0
BRDA:54,15,0,167
BRDA:57,16,0,1
BRDA:59,17,0,5
BRDA:67,18,0,167
BRDA:68,19,0,5
BRDA:70,20,0,1
BRDA:75,21,0,167
BRDA:76,22,0,1
BRDA:78,23,0,0
BRDA:101,24,0,166
BRDA:105,25,0,0
BRDA:109,26,0,0
BRDA:118,27,0,327
BRDA:122,28,0,5
BRDA:123,29,0,2
BRDA:131,30,0,5
BRDA:135,31,0,1
BRDA:143,32,0,6
BRDA:144,33,0,0
BRDA:152,34,0,7
BRDA:153,35,0,0
BRDA:163,36,0,3
BRDA:167,37,0,1
BRDA:169,38,0,3
BRDA:171,39,0,1
BRDA:176,40,0,3
BRDA:183,41,0,5
BRDA:184,42,0,0
BRDA:191,43,0,0
BRDA:199,44,0,0
BRDA:208,45,0,1
BRDA:214,46,0,0
BRDA:219,47,0,1
BRDA:220,48,0,0
BRDA:227,49,0,0
BRDA:235,50,0,0
BRDA:244,51,0,0
BRDA:255,52,0,1
BRDA:256,53,0,0
BRDA:260,54,0,0
BRDA:264,55,0,0
BRDA:274,56,0,2
BRDA:275,57,0,0
BRDA:282,58,0,0
BRDA:286,59,0,0
BRDA:294,60,0,0
BRDA:298,61,0,0
BRDA:305,62,0,0
BRDA:315,63,0,0
BRDA:322,64,0,4
BRDA:323,65,0,2
BRDA:323,66,0,1
BRDA:325,67,0,2
BRDA:327,68,0,0
BRDA:332,69,0,2
BRDA:337,70,0,1
BRDA:344,71,0,0
BRDA:349,72,0,1
BRDA:351,73,0,0
BRDA:356,74,0,1
BRDA:359,75,0,0
BRDA:364,76,0,1
BRDA:367,77,0,1
BRDA:372,78,0,4
BRDA:373,79,0,0
BRF:80
BRH:49
DA:1,166
DA:2,166
DA:3,166
DA:4,166
DA:5,166
DA:6,166
DA:7,166
DA:8,166
DA:9,166
DA:10,166
DA:11,166
DA:12,166
DA:13,166
DA:14,166
DA:15,166
DA:16,166
DA:17,166
DA:18,166
DA:19,166
DA:20,166
DA:21,166
DA:22,166
DA:23,166
DA:24,166
DA:25,169
DA:26,1
DA:27,1
DA:28,6
DA:29,169
DA:30,169
DA:31,169
DA:32,169
DA:33,169
DA:34,169
DA:35,318
DA:36,0
DA:37,0
DA:38,318
DA:39,318
DA:40,318
DA:41,2
DA:42,2
DA:43,4
DA:44,4
DA:45,4
DA:46,4
DA:47,4
DA:48,4
DA:49,4
DA:50,1
DA:51,1
DA:52,169
DA:53,166
DA:54,167
DA:55,167
DA:56,167
DA:57,167
DA:58,1
DA:59,1
DA:60,5
DA:61,5
DA:62,5
DA:63,5
DA:64,5
DA:65,167
DA:66,166
DA:67,167
DA:68,167
DA:69,5
DA:70,5
DA:71,1
DA:72,1
DA:73,167
DA:74,166
DA:75,167
DA:76,167
DA:77,167
DA:78,167
DA:79,0
DA:80,0
DA:81,0
DA:82,0
DA:83,0
DA:84,0
DA:85,0
DA:86,0
DA:87,0
DA:88,0
DA:89,0
DA:90,0
DA:91,0
DA:92,0
DA:93,0
DA:94,0
DA:95,0
DA:96,0
DA:97,0
DA:98,0
DA:99,167
DA:100,166
DA:101,166
DA:102,166
DA:103,166
DA:104,166
DA:105,166
DA:106,0
DA:107,0
DA:108,166
DA:109,166
DA:110,0
DA:111,0
DA:112,0
DA:113,166
DA:114,166
DA:115,166
DA:116,166
DA:117,166
DA:118,327
DA:119,327
DA:120,327
DA:121,327
DA:122,327
DA:123,327
DA:124,2
DA:125,2
DA:126,2
DA:127,2
DA:128,2
DA:129,2
DA:130,2
DA:131,2
DA:132,5
DA:133,5
DA:134,5
DA:135,327
DA:136,1
DA:137,1
DA:138,1
DA:139,1
DA:140,1
DA:141,327
DA:142,166
DA:143,6
DA:144,6
DA:145,0
DA:146,0
DA:147,0
DA:148,0
DA:149,0
DA:150,6
DA:151,6
DA:152,6
DA:153,7
DA:154,0
DA:155,0
DA:156,0
DA:157,0
DA:158,0
DA:159,7
DA:160,6
DA:161,6
DA:162,6
DA:163,6
DA:164,3
DA:165,3
DA:166,3
DA:167,6
DA:168,1
DA:169,1
DA:170,3
DA:171,6
DA:172,1
DA:173,1
DA:174,1
DA:175,1
DA:176,1
DA:177,3
DA:178,3
DA:179,3
DA:180,3
DA:181,6
DA:182,166
DA:183,5
DA:184,5
DA:185,0
DA:186,0
DA:187,0
DA:188,0
DA:189,0
DA:190,5
DA:191,5
DA:192,0
DA:193,0
DA:194,0
DA:195,0
DA:196,0
DA:197,5
DA:198,5
DA:199,5
DA:200,0
DA:201,0
DA:202,0
DA:203,0
DA:204,0
DA:205,5
DA:206,5
DA:207,5
DA:208,5
DA:209,1
DA:210,1
DA:211,1
DA:212,1
DA:213,1
DA:214,1
DA:215,0
DA:216,0
DA:217,5
DA:218,166
DA:219,1
DA:220,1
DA:221,0
DA:222,0
DA:223,0
DA:224,0
DA:225,0
DA:226,1
DA:227,1
DA:228,0
DA:229,0
DA:230,0
DA:231,0
DA:232,0
DA:233,1
DA:234,1
DA:235,1
DA:236,0
DA:237,0
DA:238,0
DA:239,0
DA:240,0
DA:241,1
DA:242,1
DA:243,1
DA:244,1
DA:245,0
DA:246,0
DA:247,0
DA:248,0
DA:249,0
DA:250,0
DA:251,0
DA:252,0
DA:253,1
DA:254,166
DA:255,1
DA:256,1
DA:257,0
DA:258,0
DA:259,1
DA:260,1
DA:261,0
DA:262,0
DA:263,1
DA:264,1
DA:265,0
DA:266,0
DA:267,0
DA:268,0
DA:269,0
DA:270,1
DA:271,1
DA:272,1
DA:273,1
DA:274,1
DA:275,2
DA:276,0
DA:277,0
DA:278,0
DA:279,0
DA:280,0
DA:281,2
DA:282,2
DA:283,0
DA:284,0
DA:285,2
DA:286,2
DA:287,0
DA:288,0
DA:289,0
DA:290,0
DA:291,0
DA:292,2
DA:293,2
DA:294,2
DA:295,0
DA:296,0
DA:297,2
DA:298,2
DA:299,0
DA:300,0
DA:301,0
DA:302,0
DA:303,0
DA:304,2
DA:305,2
DA:306,0
DA:307,0
DA:308,0
DA:309,0
DA:310,0
DA:311,2
DA:312,2
DA:313,2
DA:314,1
DA:315,1
DA:316,0
DA:317,0
DA:318,1
DA:319,1
DA:320,1
DA:321,166
DA:322,4
DA:323,4
DA:324,1
DA:325,1
DA:326,2
DA:327,4
DA:328,0
DA:329,0
DA:330,0
DA:331,0
DA:332,0
DA:333,2
DA:334,2
DA:335,2
DA:336,2
DA:337,2
DA:338,1
DA:339,1
DA:340,1
DA:341,1
DA:342,1
DA:343,1
DA:344,2
DA:345,0
DA:346,0
DA:347,0
DA:348,0
DA:349,0
DA:350,1
DA:351,2
DA:352,0
DA:353,0
DA:354,0
DA:355,0
DA:356,0
DA:357,1
DA:358,1
DA:359,2
DA:360,0
DA:361,0
DA:362,0
DA:363,0
DA:364,0
DA:365,1
DA:366,1
DA:367,1
DA:368,1
DA:369,1
DA:370,4
DA:371,166
DA:372,4
DA:373,4
DA:374,4
DA:375,4
DA:376,4
DA:377,4
DA:378,4
LH:246
LF:378
end_of_record
SF:bin/create-scaffold/dry-run-engine.mjs
FN:15,DryRunEngine
FN:28,previewScaffolding
FN:62,previewScaffoldingFromPath
FN:87,verifyDirectory
FN:101,buildOperations
FN:123,previewFileCopy
FN:138,collectFileCopyOperations
FN:179,previewSetupScript
FN:199,displayPreview
FN:299,buildSummary
FN:358,formatOperation
FN:399,resolveBucket
FN:405,aggregateFileBuckets
FN:416,generateTreePreview
FN:240,summary.counts.operations.reduce.directories
FN:259,categorize
FN:259,anonymous_16
FN:269,anonymous_17
FN:275,anonymous_18
FN:288,anonymous_19
FNDA:10,DryRunEngine
FNDA:0,previewScaffolding
FNDA:8,previewScaffoldingFromPath
FNDA:16,verifyDirectory
FNDA:8,buildOperations
FNDA:8,previewFileCopy
FNDA:24,collectFileCopyOperations
FNDA:8,previewSetupScript
FNDA:16,displayPreview
FNDA:19,buildSummary
FNDA:0,formatOperation
FNDA:19,resolveBucket
FNDA:0,aggregateFileBuckets
FNDA:8,generateTreePreview
FNDA:0,summary.counts.operations.reduce.directories
FNDA:16,categorize
FNDA:38,anonymous_16
FNDA:0,anonymous_17
FNDA:8,anonymous_18
FNDA:0,anonymous_19
FNF:20
FNH:14
BRDA:1,0,0,165
BRDA:15,1,0,10
BRDA:62,2,0,8
BRDA:87,3,0,16
BRDA:90,4,0,0
BRDA:101,5,0,8
BRDA:108,6,0,0
BRDA:123,7,0,8
BRDA:128,8,0,0
BRDA:138,9,0,8
BRDA:141,10,0,24
BRDA:146,11,0,5
BRDA:148,12,0,10
BRDA:164,13,0,10
BRDA:168,14,0,10
BRDA:150,15,0,0
BRDA:166,16,0,0
BRDA:179,17,0,8
BRDA:182,18,0,0
BRDA:199,19,0,8
BRDA:283,20,0,16
BRDA:207,21,0,0
BRDA:210,22,0,0
BRDA:211,23,0,0
BRDA:212,24,0,0
BRDA:213,25,0,0
BRDA:214,26,0,0
BRDA:214,27,0,0
BRDA:215,28,0,0
BRDA:215,29,0,0
BRDA:218,30,0,0
BRDA:236,31,0,0
BRDA:236,32,0,0
BRDA:236,33,0,0
BRDA:240,34,0,0
BRDA:266,35,0,0
BRDA:286,36,0,0
BRDA:299,37,0,8
BRDA:314,38,0,19
BRDA:337,39,0,8
BRDA:315,40,0,0
BRDA:320,41,0,0
BRDA:333,42,0,0
BRDA:341,43,0,0
BRDA:350,44,0,0
BRDA:399,45,0,19
BRDA:401,46,0,0
BRDA:402,47,0,0
BRDA:416,48,0,8
BRDA:435,49,0,0
BRDA:259,50,0,16
BRDA:259,51,0,38
BRDA:275,52,0,8
BRDA:277,53,0,0
BRF:54
BRH:23
DA:1,165
DA:2,165
DA:3,165
DA:4,165
DA:5,165
DA:6,165
DA:7,165
DA:8,165
DA:9,165
DA:10,165
DA:11,165
DA:12,165
DA:13,165
DA:14,165
DA:15,165
DA:16,10
DA:17,10
DA:18,10
DA:19,165
DA:20,165
DA:21,165
DA:22,165
DA:23,165
DA:24,165
DA:25,165
DA:26,165
DA:27,165
DA:28,165
DA:29,0
DA:30,0
DA:31,0
DA:32,0
DA:33,0
DA:34,0
DA:35,0
DA:36,0
DA:37,0
DA:38,0
DA:39,0
DA:40,0
DA:41,0
DA:42,0
DA:43,0
DA:44,0
DA:45,0
DA:46,0
DA:47,0
DA:48,0
DA:49,0
DA:50,0
DA:51,0
DA:52,0
DA:53,0
DA:54,0
DA:55,0
DA:56,0
DA:57,0
DA:58,165
DA:59,165
DA:60,165
DA:61,165
DA:62,165
DA:63,8
DA:64,8
DA:65,8
DA:66,8
DA:67,8
DA:68,8
DA:69,8
DA:70,8
DA:71,8
DA:72,8
DA:73,8
DA:74,8
DA:75,8
DA:76,8
DA:77,8
DA:78,8
DA:79,8
DA:80,8
DA:81,8
DA:82,8
DA:83,8
DA:84,8
DA:85,8
DA:86,165
DA:87,165
DA:88,16
DA:89,16
DA:90,16
DA:91,0
DA:92,0
DA:93,0
DA:94,0
DA:95,0
DA:96,0
DA:97,0
DA:98,0
DA:99,16
DA:100,165
DA:101,165
DA:102,8
DA:103,8
DA:104,8
DA:105,8
DA:106,8
DA:107,8
DA:108,8
DA:109,0
DA:110,0
DA:111,0
DA:112,0
DA:113,0
DA:114,0
DA:115,0
DA:116,8
DA:117,8
DA:118,8
DA:119,165
DA:120,165
DA:121,165
DA:122,165
DA:123,165
DA:124,8
DA:125,8
DA:126,8
DA:127,8
DA:128,8
DA:129,0
DA:130,0
DA:131,0
DA:132,0
DA:133,0
DA:134,8
DA:135,8
DA:136,8
DA:137,165
DA:138,165
DA:139,8
DA:140,8
DA:141,8
DA:142,24
DA:143,24
DA:144,24
DA:145,24
DA:146,24
DA:147,5
DA:148,5
DA:149,10
DA:150,24
DA:151,0
DA:152,0
DA:153,0
DA:154,0
DA:155,0
DA:156,0
DA:157,0
DA:158,0
DA:159,0
DA:160,0
DA:161,0
DA:162,0
DA:163,0
DA:164,0
DA:165,10
DA:166,24
DA:167,0
DA:168,0
DA:169,10
DA:170,10
DA:171,10
DA:172,10
DA:173,10
DA:174,10
DA:175,10
DA:176,10
DA:177,8
DA:178,165
DA:179,165
DA:180,8
DA:181,8
DA:182,8
DA:183,0
DA:184,0
DA:185,0
DA:186,0
DA:187,0
DA:188,0
DA:189,8
DA:190,8
DA:191,8
DA:192,8
DA:193,165
DA:194,165
DA:195,165
DA:196,165
DA:197,165
DA:198,165
DA:199,165
DA:200,8
DA:201,8
DA:202,8
DA:203,8
DA:204,8
DA:205,8
DA:206,8
DA:207,8
DA:208,0
DA:209,8
DA:210,8
DA:211,8
DA:212,8
DA:213,8
DA:214,8
DA:215,8
DA:216,8
DA:217,8
DA:218,8
DA:219,0
DA:220,0
DA:221,8
DA:222,8
DA:223,8
DA:224,8
DA:225,8
DA:226,8
DA:227,8
DA:228,8
DA:229,8
DA:230,8
DA:231,8
DA:232,8
DA:233,8
DA:234,8
DA:235,8
DA:236,8
DA:237,8
DA:238,8
DA:239,8
DA:240,8
DA:241,0
DA:242,0
DA:243,0
DA:244,0
DA:245,0
DA:246,0
DA:247,0
DA:248,0
DA:249,0
DA:250,0
DA:251,0
DA:252,8
DA:253,8
DA:254,8
DA:255,8
DA:256,8
DA:257,8
DA:258,8
DA:259,8
DA:260,8
DA:261,8
DA:262,8
DA:263,8
DA:264,8
DA:265,8
DA:266,8
DA:267,8
DA:268,8
DA:269,8
DA:270,0
DA:271,0
DA:272,0
DA:273,8
DA:274,8
DA:275,8
DA:276,8
DA:277,8
DA:278,8
DA:279,8
DA:280,8
DA:281,8
DA:282,8
DA:283,8
DA:284,16
DA:285,16
DA:286,16
DA:287,0
DA:288,0
DA:289,0
DA:290,0
DA:291,0
DA:292,0
DA:293,8
DA:294,8
DA:295,8
DA:296,8
DA:297,8
DA:298,165
DA:299,165
DA:300,8
DA:301,8
DA:302,8
DA:303,8
DA:304,8
DA:305,8
DA:306,8
DA:307,8
DA:308,8
DA:309,8
DA:310,8
DA:311,8
DA:312,8
DA:313,8
DA:314,8
DA:315,19
DA:316,0
DA:317,0
DA:318,19
DA:319,19
DA:320,19
DA:321,0
DA:322,0
DA:323,0
DA:324,0
DA:325,0
DA:326,0
DA:327,0
DA:328,19
DA:329,19
DA:330,19
DA:331,19
DA:332,19
DA:333,19
DA:334,19
DA:335,19
DA:336,19
DA:337,19
DA:338,19
DA:339,19
DA:340,19
DA:341,19
DA:342,0
DA:343,0
DA:344,0
DA:345,0
DA:346,0
DA:347,0
DA:348,0
DA:349,19
DA:350,19
DA:351,0
DA:352,19
DA:353,19
DA:354,8
DA:355,8
DA:356,8
DA:357,165
DA:358,165
DA:359,0
DA:360,0
DA:361,0
DA:362,0
DA:363,0
DA:364,0
DA:365,0
DA:366,0
DA:367,0
DA:368,0
DA:369,0
DA:370,0
DA:371,0
DA:372,0
DA:373,0
DA:374,0
DA:375,0
DA:376,0
DA:377,0
DA:378,0
DA:379,0
DA:380,0
DA:381,0
DA:382,0
DA:383,0
DA:384,0
DA:385,0
DA:386,0
DA:387,0
DA:388,0
DA:389,0
DA:390,0
DA:391,0
DA:392,0
DA:393,0
DA:394,0
DA:395,0
DA:396,0
DA:397,0
DA:398,165
DA:399,165
DA:400,19
DA:401,19
DA:402,19
DA:403,19
DA:404,165
DA:405,165
DA:406,0
DA:407,0
DA:408,0
DA:409,0
DA:410,0
DA:411,0
DA:412,0
DA:413,0
DA:414,0
DA:415,165
DA:416,165
DA:417,8
DA:418,8
DA:419,8
DA:420,8
DA:421,8
DA:422,8
DA:423,8
DA:424,8
DA:425,8
DA:426,8
DA:427,8
DA:428,8
DA:429,8
DA:430,8
DA:431,8
DA:432,8
DA:433,8
DA:434,8
DA:435,8
DA:436,8
DA:437,8
DA:438,8
DA:439,8
DA:440,8
DA:441,8
DA:442,8
DA:443,165
LH:284
LF:443
end_of_record
SF:bin/create-scaffold/environment-factory.mjs
FN:24,sanitizeProjectName
FN:54,createEnvironmentObject
FN:91,normalizeInputs
FN:111,validateOptionsShape
FN:166,normalizeAuthorMetadata
FNDA:35,sanitizeProjectName
FNDA:36,createEnvironmentObject
FNDA:32,normalizeInputs
FNDA:33,validateOptionsShape
FNDA:32,normalizeAuthorMetadata
FNF:5
FNH:5
BRDA:1,0,0,167
BRDA:24,1,0,35
BRDA:25,2,0,0
BRDA:30,3,0,0
BRDA:54,4,0,36
BRDA:66,5,0,6
BRDA:73,6,0,6
BRDA:69,7,0,0
BRDA:91,8,0,32
BRDA:101,9,0,7
BRDA:92,10,0,12
BRDA:94,11,0,2
BRDA:96,12,0,2
BRDA:98,13,0,2
BRDA:106,14,0,2
BRDA:96,15,0,0
BRDA:111,16,0,33
BRDA:122,17,0,19
BRDA:141,18,0,16
BRDA:133,19,0,8
BRDA:134,20,0,1
BRDA:134,21,0,1
BRDA:123,22,0,1
BRDA:126,23,0,7
BRDA:128,24,0,7
BRDA:130,25,0,7
BRDA:158,26,0,7
BRDA:112,27,0,0
BRDA:118,28,0,0
BRDA:128,29,0,0
BRDA:166,30,0,32
BRDA:167,31,0,2
BRDA:167,32,0,5
BRDA:169,33,0,2
BRDA:171,34,0,1
BRDA:171,35,0,1
BRDA:178,36,0,3
BRDA:205,37,0,1
BRDA:179,38,0,0
BRDA:183,39,0,0
BRDA:187,40,0,0
BRDA:192,41,0,0
BRDA:196,42,0,0
BRDA:200,43,0,0
BRF:44
BRH:31
DA:1,167
DA:2,167
DA:3,167
DA:4,167
DA:5,167
DA:6,167
DA:7,167
DA:8,167
DA:9,167
DA:10,167
DA:11,167
DA:12,167
DA:13,167
DA:14,167
DA:15,167
DA:16,167
DA:17,167
DA:18,167
DA:19,167
DA:20,167
DA:21,167
DA:22,167
DA:23,167
DA:24,35
DA:25,35
DA:26,0
DA:27,0
DA:28,35
DA:29,35
DA:30,35
DA:31,0
DA:32,0
DA:33,35
DA:34,35
DA:35,35
DA:36,35
DA:37,35
DA:38,35
DA:39,167
DA:40,167
DA:41,167
DA:42,167
DA:43,167
DA:44,167
DA:45,167
DA:46,167
DA:47,167
DA:48,167
DA:49,167
DA:50,167
DA:51,167
DA:52,167
DA:53,167
DA:54,167
DA:55,36
DA:56,36
DA:57,36
DA:58,36
DA:59,36
DA:60,36
DA:61,36
DA:62,36
DA:63,36
DA:64,36
DA:65,36
DA:66,36
DA:67,6
DA:68,6
DA:69,36
DA:70,0
DA:71,0
DA:72,0
DA:73,0
DA:74,6
DA:75,6
DA:76,6
DA:77,6
DA:78,6
DA:79,6
DA:80,6
DA:81,6
DA:82,6
DA:83,6
DA:84,6
DA:85,6
DA:86,6
DA:87,6
DA:88,6
DA:89,36
DA:90,167
DA:91,32
DA:92,32
DA:93,12
DA:94,12
DA:95,2
DA:96,32
DA:97,0
DA:98,0
DA:99,2
DA:100,2
DA:101,32
DA:102,7
DA:103,7
DA:104,7
DA:105,7
DA:106,7
DA:107,2
DA:108,2
DA:109,32
DA:110,167
DA:111,33
DA:112,33
DA:113,0
DA:114,0
DA:115,33
DA:116,33
DA:117,33
DA:118,33
DA:119,0
DA:120,0
DA:121,33
DA:122,33
DA:123,19
DA:124,1
DA:125,1
DA:126,19
DA:127,7
DA:128,33
DA:129,0
DA:130,0
DA:131,7
DA:132,7
DA:133,33
DA:134,8
DA:135,1
DA:136,1
DA:137,1
DA:138,1
DA:139,1
DA:140,1
DA:141,1
DA:142,1
DA:143,1
DA:144,1
DA:145,1
DA:146,1
DA:147,1
DA:148,1
DA:149,1
DA:150,1
DA:151,1
DA:152,1
DA:153,8
DA:154,8
DA:155,8
DA:156,8
DA:157,8
DA:158,8
DA:159,7
DA:160,7
DA:161,7
DA:162,7
DA:163,7
DA:164,33
DA:165,167
DA:166,32
DA:167,32
DA:168,5
DA:169,5
DA:170,2
DA:171,32
DA:172,1
DA:173,1
DA:174,1
DA:175,1
DA:176,1
DA:177,1
DA:178,32
DA:179,3
DA:180,0
DA:181,0
DA:182,3
DA:183,3
DA:184,0
DA:185,0
DA:186,3
DA:187,3
DA:188,0
DA:189,0
DA:190,3
DA:191,3
DA:192,3
DA:193,0
DA:194,0
DA:195,3
DA:196,3
DA:197,0
DA:198,0
DA:199,3
DA:200,3
DA:201,0
DA:202,0
DA:203,3
DA:204,3
DA:205,3
DA:206,1
DA:207,1
DA:208,32
LH:180
LF:208
end_of_record
SF:bin/create-scaffold/index.mjs
FN:56,validateUserSelections
FN:133,main
FN:241,load
FN:402,anonymous_3
FN:481,anonymous_4
FN:490,anonymous_5
FN:650,anonymous_6
FN:711,anonymous_7
FN:720,anonymous_8
FN:848,ensureRepositoryCached
FN:916,loadTemplateMetadata
FN:940,cloneTemplateRepo
FN:1033,directCloneRepo
FN:1087,verifyTemplate
FN:1105,copyTemplate
FN:1152,copyRecursive
FN:1181,stageAuthorAssets
FN:1221,cleanupAuthorAssets
FN:1244,executeTemplateValidation
FN:1267,executeSetupScript
FN:1205,filter
FN:1288,printPlaceholderSummary
FN:1308,formatPlaceholderValue
FNDA:43,validateUserSelections
FNDA:165,main
FNDA:0,load
FNDA:0,anonymous_3
FNDA:0,anonymous_4
FNDA:0,anonymous_5
FNDA:0,anonymous_6
FNDA:0,anonymous_7
FNDA:0,anonymous_8
FNDA:52,ensureRepositoryCached
FNDA:47,loadTemplateMetadata
FNDA:39,cloneTemplateRepo
FNDA:2,directCloneRepo
FNDA:49,verifyTemplate
FNDA:35,copyTemplate
FNDA:123,copyRecursive
FNDA:35,stageAuthorAssets
FNDA:35,cleanupAuthorAssets
FNDA:3,executeTemplateValidation
FNDA:35,executeSetupScript
FNDA:3,filter
FNDA:0,printPlaceholderSummary
FNDA:0,formatPlaceholderValue
FNF:23
FNH:14
BRDA:1,0,0,165
BRDA:1414,1,0,0
BRDA:1418,2,0,0
BRDA:56,3,0,43
BRDA:88,4,0,2
BRDA:89,5,0,1
BRDA:92,6,0,1
BRDA:99,7,0,0
BRDA:116,8,0,0
BRDA:133,9,0,165
BRDA:337,10,0,5
BRDA:726,11,0,2
BRDA:805,12,0,9
BRDA:496,13,0,2
BRDA:169,14,0,0
BRDA:183,15,0,0
BRDA:183,16,0,0
BRDA:191,17,0,0
BRDA:195,18,0,0
BRDA:209,19,0,0
BRDA:235,20,0,0
BRDA:235,21,0,0
BRDA:236,22,0,0
BRDA:240,23,0,0
BRDA:254,24,0,0
BRDA:274,25,0,0
BRDA:276,26,0,0
BRDA:280,27,0,0
BRDA:281,28,0,0
BRDA:286,29,0,0
BRDA:288,30,0,0
BRDA:295,31,0,0
BRDA:297,32,0,0
BRDA:303,33,0,0
BRDA:318,34,0,0
BRDA:362,35,0,0
BRDA:370,36,0,0
BRDA:382,37,0,0
BRDA:387,38,0,0
BRDA:397,39,0,0
BRDA:405,40,0,0
BRDA:421,41,0,0
BRDA:428,42,0,0
BRDA:462,43,0,0
BRDA:467,44,0,0
BRDA:467,45,0,0
BRDA:467,46,0,0
BRDA:479,47,0,0
BRDA:539,48,0,0
BRDA:542,49,0,0
BRDA:549,50,0,0
BRDA:592,51,0,0
BRDA:614,52,0,0
BRDA:619,53,0,0
BRDA:630,54,0,0
BRDA:632,55,0,0
BRDA:639,56,0,0
BRDA:643,57,0,0
BRDA:643,58,0,0
BRDA:647,59,0,0
BRDA:662,60,0,0
BRDA:680,61,0,0
BRDA:684,62,0,0
BRDA:692,63,0,0
BRDA:692,64,0,0
BRDA:709,65,0,0
BRDA:743,66,0,0
BRDA:772,67,0,0
BRDA:778,68,0,0
BRDA:790,69,0,0
BRDA:822,70,0,0
BRDA:822,71,0,0
BRDA:827,72,0,0
BRDA:827,73,0,0
BRDA:848,74,0,52
BRDA:852,75,0,0
BRDA:852,76,0,0
BRDA:852,77,0,0
BRDA:864,78,0,0
BRDA:916,79,0,47
BRDA:940,80,0,39
BRDA:981,81,0,0
BRDA:1033,82,0,2
BRDA:1038,83,0,0
BRDA:1044,84,0,0
BRDA:1044,85,0,0
BRDA:1046,86,0,0
BRDA:1057,87,0,0
BRDA:1065,88,0,0
BRDA:1087,89,0,49
BRDA:1096,90,0,0
BRDA:1105,91,0,35
BRDA:1121,92,0,0
BRDA:1135,93,0,0
BRDA:1152,94,0,39
BRDA:1157,95,0,123
BRDA:1161,96,0,10
BRDA:1163,97,0,22
BRDA:1167,98,0,45
BRDA:1165,99,0,4
BRDA:1181,100,0,35
BRDA:1184,101,0,0
BRDA:1197,102,0,0
BRDA:1208,103,0,0
BRDA:1221,104,0,35
BRDA:1224,105,0,0
BRDA:1229,106,0,0
BRDA:1244,107,0,3
BRDA:1257,108,0,0
BRDA:1267,109,0,35
BRDA:1283,110,0,0
BRDA:1360,111,0,0
BRDA:1370,112,0,0
BRDA:1389,113,0,0
BRDA:1205,114,0,3
BRF:115
BRH:27
DA:1,165
DA:2,165
DA:3,165
DA:4,165
DA:5,165
DA:6,165
DA:7,165
DA:8,165
DA:9,165
DA:10,165
DA:11,165
DA:12,165
DA:13,165
DA:14,165
DA:15,165
DA:16,165
DA:17,165
DA:18,165
DA:19,165
DA:20,165
DA:21,165
DA:22,165
DA:23,165
DA:24,165
DA:25,165
DA:26,165
DA:27,165
DA:28,165
DA:29,165
DA:30,165
DA:31,165
DA:32,165
DA:33,165
DA:34,165
DA:35,165
DA:36,165
DA:37,165
DA:38,165
DA:39,165
DA:40,165
DA:41,165
DA:42,165
DA:43,165
DA:44,165
DA:45,165
DA:46,165
DA:47,165
DA:48,165
DA:49,165
DA:50,165
DA:51,165
DA:52,165
DA:53,165
DA:54,165
DA:55,165
DA:56,43
DA:57,43
DA:58,43
DA:59,43
DA:60,43
DA:61,43
DA:62,43
DA:63,43
DA:64,43
DA:65,43
DA:66,43
DA:67,43
DA:68,43
DA:69,43
DA:70,43
DA:71,43
DA:72,43
DA:73,43
DA:74,43
DA:75,43
DA:76,43
DA:77,43
DA:78,43
DA:79,43
DA:80,43
DA:81,43
DA:82,43
DA:83,43
DA:84,43
DA:85,43
DA:86,43
DA:87,43
DA:88,43
DA:89,2
DA:90,1
DA:91,1
DA:92,2
DA:93,1
DA:94,1
DA:95,1
DA:96,2
DA:97,43
DA:98,43
DA:99,43
DA:100,0
DA:101,0
DA:102,0
DA:103,0
DA:104,0
DA:105,43
DA:106,43
DA:107,43
DA:108,43
DA:109,43
DA:110,43
DA:111,43
DA:112,43
DA:113,43
DA:114,43
DA:115,43
DA:116,43
DA:117,0
DA:118,0
DA:119,0
DA:120,0
DA:121,0
DA:122,0
DA:123,0
DA:124,0
DA:125,0
DA:126,0
DA:127,0
DA:128,43
DA:129,165
DA:130,165
DA:131,165
DA:132,165
DA:133,165
DA:134,165
DA:135,165
DA:136,165
DA:137,165
DA:138,165
DA:139,165
DA:140,165
DA:141,165
DA:142,165
DA:143,165
DA:144,165
DA:145,165
DA:146,165
DA:147,165
DA:148,165
DA:149,165
DA:150,165
DA:151,165
DA:152,165
DA:153,165
DA:154,165
DA:155,165
DA:156,165
DA:157,165
DA:158,165
DA:159,165
DA:160,165
DA:161,165
DA:162,165
DA:163,165
DA:164,165
DA:165,165
DA:166,165
DA:167,165
DA:168,165
DA:169,165
DA:170,165
DA:171,165
DA:172,165
DA:173,165
DA:174,165
DA:175,165
DA:176,165
DA:177,165
DA:178,165
DA:179,165
DA:180,165
DA:181,165
DA:182,165
DA:183,165
DA:184,0
DA:185,0
DA:186,0
DA:187,0
DA:188,0
DA:189,0
DA:190,165
DA:191,165
DA:192,0
DA:193,0
DA:194,165
DA:195,165
DA:196,0
DA:197,0
DA:198,165
DA:199,165
DA:200,165
DA:201,165
DA:202,165
DA:203,165
DA:204,165
DA:205,165
DA:206,165
DA:207,165
DA:208,165
DA:209,165
DA:210,165
DA:211,165
DA:212,165
DA:213,165
DA:214,165
DA:215,165
DA:216,165
DA:217,165
DA:218,165
DA:219,165
DA:220,165
DA:221,165
DA:222,165
DA:223,165
DA:224,165
DA:225,165
DA:226,165
DA:227,165
DA:228,165
DA:229,165
DA:230,165
DA:231,165
DA:232,165
DA:233,165
DA:234,165
DA:235,165
DA:236,165
DA:237,165
DA:238,165
DA:239,165
DA:240,165
DA:241,0
DA:242,0
DA:243,0
DA:244,0
DA:245,0
DA:246,0
DA:247,0
DA:248,0
DA:249,165
DA:250,165
DA:251,165
DA:252,165
DA:253,165
DA:254,165
DA:255,0
DA:256,0
DA:257,0
DA:258,0
DA:259,0
DA:260,165
DA:261,165
DA:262,165
DA:263,165
DA:264,165
DA:265,165
DA:266,165
DA:267,165
DA:268,165
DA:269,165
DA:270,165
DA:271,165
DA:272,165
DA:273,165
DA:274,165
DA:275,165
DA:276,165
DA:277,165
DA:278,165
DA:279,165
DA:280,165
DA:281,165
DA:282,165
DA:283,165
DA:284,165
DA:285,165
DA:286,165
DA:287,165
DA:288,165
DA:289,165
DA:290,165
DA:291,165
DA:292,165
DA:293,165
DA:294,165
DA:295,165
DA:296,165
DA:297,165
DA:298,165
DA:299,165
DA:300,165
DA:301,165
DA:302,165
DA:303,165
DA:304,165
DA:305,165
DA:306,165
DA:307,165
DA:308,165
DA:309,165
DA:310,165
DA:311,165
DA:312,165
DA:313,165
DA:314,165
DA:315,165
DA:316,165
DA:317,165
DA:318,165
DA:319,0
DA:320,0
DA:321,0
DA:322,165
DA:323,165
DA:324,165
DA:325,165
DA:326,165
DA:327,165
DA:328,165
DA:329,165
DA:330,165
DA:331,165
DA:332,165
DA:333,165
DA:334,165
DA:335,165
DA:336,165
DA:337,165
DA:338,5
DA:339,5
DA:340,165
DA:341,165
DA:342,165
DA:343,165
DA:344,165
DA:345,165
DA:346,165
DA:347,165
DA:348,165
DA:349,165
DA:350,165
DA:351,165
DA:352,165
DA:353,165
DA:354,165
DA:355,165
DA:356,165
DA:357,165
DA:358,165
DA:359,165
DA:360,165
DA:361,165
DA:362,165
DA:363,0
DA:364,0
DA:365,0
DA:366,0
DA:367,0
DA:368,0
DA:369,165
DA:370,165
DA:371,0
DA:372,0
DA:373,0
DA:374,0
DA:375,0
DA:376,0
DA:377,165
DA:378,165
DA:379,165
DA:380,165
DA:381,165
DA:382,165
DA:383,165
DA:384,165
DA:385,165
DA:386,165
DA:387,165
DA:388,165
DA:389,165
DA:390,165
DA:391,165
DA:392,165
DA:393,165
DA:394,165
DA:395,165
DA:396,165
DA:397,165
DA:398,0
DA:399,0
DA:400,0
DA:401,0
DA:402,0
DA:403,0
DA:404,0
DA:405,165
DA:406,0
DA:407,0
DA:408,0
DA:409,0
DA:410,0
DA:411,0
DA:412,0
DA:413,0
DA:414,0
DA:415,165
DA:416,165
DA:417,165
DA:418,165
DA:419,165
DA:420,165
DA:421,165
DA:422,0
DA:423,0
DA:424,0
DA:425,0
DA:426,165
DA:427,165
DA:428,165
DA:429,165
DA:430,165
DA:431,165
DA:432,165
DA:433,165
DA:434,165
DA:435,165
DA:436,165
DA:437,165
DA:438,165
DA:439,165
DA:440,165
DA:441,165
DA:442,165
DA:443,165
DA:444,165
DA:445,165
DA:446,165
DA:447,165
DA:448,165
DA:449,165
DA:450,165
DA:451,165
DA:452,165
DA:453,165
DA:454,165
DA:455,165
DA:456,165
DA:457,165
DA:458,165
DA:459,165
DA:460,165
DA:461,165
DA:462,165
DA:463,0
DA:464,0
DA:465,165
DA:466,165
DA:467,165
DA:468,0
DA:469,0
DA:470,165
DA:471,165
DA:472,165
DA:473,165
DA:474,165
DA:475,165
DA:476,165
DA:477,165
DA:478,165
DA:479,165
DA:480,0
DA:481,0
DA:482,0
DA:483,0
DA:484,0
DA:485,0
DA:486,0
DA:487,0
DA:488,0
DA:489,0
DA:490,0
DA:491,0
DA:492,0
DA:493,0
DA:494,165
DA:495,165
DA:496,165
DA:497,2
DA:498,2
DA:499,165
DA:500,165
DA:501,165
DA:502,165
DA:503,165
DA:504,165
DA:505,165
DA:506,165
DA:507,165
DA:508,165
DA:509,165
DA:510,165
DA:511,165
DA:512,165
DA:513,165
DA:514,165
DA:515,165
DA:516,165
DA:517,165
DA:518,165
DA:519,165
DA:520,165
DA:521,165
DA:522,165
DA:523,165
DA:524,165
DA:525,165
DA:526,165
DA:527,165
DA:528,165
DA:529,165
DA:530,165
DA:531,165
DA:532,165
DA:533,165
DA:534,165
DA:535,165
DA:536,165
DA:537,165
DA:538,165
DA:539,165
DA:540,165
DA:541,165
DA:542,165
DA:543,165
DA:544,165
DA:545,165
DA:546,165
DA:547,165
DA:548,165
DA:549,165
DA:550,0
DA:551,0
DA:552,0
DA:553,0
DA:554,0
DA:555,0
DA:556,0
DA:557,165
DA:558,165
DA:559,165
DA:560,165
DA:561,165
DA:562,165
DA:563,165
DA:564,165
DA:565,165
DA:566,165
DA:567,165
DA:568,165
DA:569,165
DA:570,165
DA:571,165
DA:572,165
DA:573,165
DA:574,165
DA:575,165
DA:576,165
DA:577,165
DA:578,165
DA:579,165
DA:580,165
DA:581,165
DA:582,165
DA:583,165
DA:584,165
DA:585,165
DA:586,165
DA:587,165
DA:588,165
DA:589,165
DA:590,165
DA:591,165
DA:592,165
DA:593,0
DA:594,0
DA:595,0
DA:596,165
DA:597,165
DA:598,165
DA:599,165
DA:600,165
DA:601,165
DA:602,165
DA:603,165
DA:604,165
DA:605,165
DA:606,165
DA:607,165
DA:608,165
DA:609,165
DA:610,165
DA:611,165
DA:612,165
DA:613,165
DA:614,165
DA:615,165
DA:616,165
DA:617,165
DA:618,165
DA:619,165
DA:620,0
DA:621,0
DA:622,0
DA:623,0
DA:624,0
DA:625,165
DA:626,165
DA:627,165
DA:628,165
DA:629,165
DA:630,165
DA:631,165
DA:632,165
DA:633,165
DA:634,165
DA:635,165
DA:636,165
DA:637,165
DA:638,165
DA:639,165
DA:640,0
DA:641,0
DA:642,165
DA:643,165
DA:644,0
DA:645,0
DA:646,165
DA:647,165
DA:648,0
DA:649,0
DA:650,0
DA:651,0
DA:652,0
DA:653,0
DA:654,0
DA:655,0
DA:656,0
DA:657,0
DA:658,0
DA:659,165
DA:660,165
DA:661,165
DA:662,165
DA:663,0
DA:664,0
DA:665,165
DA:666,165
DA:667,165
DA:668,165
DA:669,165
DA:670,165
DA:671,165
DA:672,165
DA:673,165
DA:674,165
DA:675,165
DA:676,165
DA:677,165
DA:678,165
DA:679,165
DA:680,165
DA:681,0
DA:682,0
DA:683,165
DA:684,165
DA:685,0
DA:686,0
DA:687,0
DA:688,0
DA:689,0
DA:690,165
DA:691,165
DA:692,165
DA:693,0
DA:694,0
DA:695,165
DA:696,165
DA:697,165
DA:698,165
DA:699,165
DA:700,165
DA:701,165
DA:702,165
DA:703,165
DA:704,165
DA:705,165
DA:706,165
DA:707,165
DA:708,165
DA:709,165
DA:710,0
DA:711,0
DA:712,0
DA:713,0
DA:714,0
DA:715,0
DA:716,0
DA:717,0
DA:718,0
DA:719,0
DA:720,0
DA:721,0
DA:722,0
DA:723,0
DA:724,165
DA:725,165
DA:726,165
DA:727,2
DA:728,2
DA:729,165
DA:730,165
DA:731,165
DA:732,165
DA:733,165
DA:734,165
DA:735,165
DA:736,165
DA:737,165
DA:738,165
DA:739,165
DA:740,165
DA:741,165
DA:742,165
DA:743,165
DA:744,165
DA:745,165
DA:746,165
DA:747,165
DA:748,165
DA:749,165
DA:750,165
DA:751,165
DA:752,165
DA:753,165
DA:754,165
DA:755,165
DA:756,165
DA:757,165
DA:758,165
DA:759,165
DA:760,165
DA:761,165
DA:762,165
DA:763,165
DA:764,165
DA:765,165
DA:766,165
DA:767,165
DA:768,165
DA:769,165
DA:770,165
DA:771,165
DA:772,165
DA:773,0
DA:774,0
DA:775,165
DA:776,165
DA:777,165
DA:778,165
DA:779,0
DA:780,0
DA:781,0
DA:782,0
DA:783,0
DA:784,0
DA:785,0
DA:786,0
DA:787,0
DA:788,0
DA:789,165
DA:790,165
DA:791,0
DA:792,0
DA:793,165
DA:794,165
DA:795,165
DA:796,165
DA:797,165
DA:798,165
DA:799,165
DA:800,165
DA:801,165
DA:802,165
DA:803,165
DA:804,165
DA:805,165
DA:806,9
DA:807,9
DA:808,9
DA:809,165
DA:810,165
DA:811,165
DA:812,165
DA:813,165
DA:814,165
DA:815,165
DA:816,165
DA:817,165
DA:818,165
DA:819,165
DA:820,165
DA:821,165
DA:822,165
DA:823,0
DA:824,0
DA:825,165
DA:826,165
DA:827,165
DA:828,0
DA:829,0
DA:830,165
DA:831,165
DA:832,165
DA:833,165
DA:834,165
DA:835,165
DA:836,165
DA:837,165
DA:838,165
DA:839,165
DA:840,165
DA:841,165
DA:842,165
DA:843,165
DA:844,165
DA:845,165
DA:846,165
DA:847,165
DA:848,52
DA:849,52
DA:850,52
DA:851,52
DA:852,52
DA:853,52
DA:854,52
DA:855,52
DA:856,52
DA:857,52
DA:858,52
DA:859,52
DA:860,52
DA:861,52
DA:862,52
DA:863,52
DA:864,52
DA:865,0
DA:866,0
DA:867,0
DA:868,0
DA:869,0
DA:870,0
DA:871,0
DA:872,0
DA:873,0
DA:874,0
DA:875,0
DA:876,0
DA:877,0
DA:878,0
DA:879,0
DA:880,0
DA:881,0
DA:882,0
DA:883,0
DA:884,0
DA:885,0
DA:886,0
DA:887,0
DA:888,0
DA:889,0
DA:890,0
DA:891,0
DA:892,0
DA:893,0
DA:894,0
DA:895,0
DA:896,0
DA:897,0
DA:898,0
DA:899,0
DA:900,0
DA:901,0
DA:902,0
DA:903,0
DA:904,0
DA:905,0
DA:906,0
DA:907,0
DA:908,0
DA:909,0
DA:910,0
DA:911,0
DA:912,0
DA:913,0
DA:914,52
DA:915,165
DA:916,47
DA:917,47
DA:918,47
DA:919,47
DA:920,47
DA:921,47
DA:922,47
DA:923,47
DA:924,47
DA:925,47
DA:926,47
DA:927,47
DA:928,47
DA:929,47
DA:930,47
DA:931,47
DA:932,47
DA:933,47
DA:934,47
DA:935,47
DA:936,165
DA:937,165
DA:938,165
DA:939,165
DA:940,39
DA:941,39
DA:942,39
DA:943,39
DA:944,39
DA:945,39
DA:946,39
DA:947,39
DA:948,39
DA:949,39
DA:950,39
DA:951,39
DA:952,39
DA:953,39
DA:954,39
DA:955,39
DA:956,39
DA:957,39
DA:958,39
DA:959,39
DA:960,39
DA:961,39
DA:962,39
DA:963,39
DA:964,39
DA:965,39
DA:966,39
DA:967,39
DA:968,39
DA:969,39
DA:970,39
DA:971,39
DA:972,39
DA:973,39
DA:974,39
DA:975,39
DA:976,39
DA:977,39
DA:978,39
DA:979,39
DA:980,39
DA:981,39
DA:982,0
DA:983,0
DA:984,0
DA:985,0
DA:986,0
DA:987,0
DA:988,0
DA:989,0
DA:990,0
DA:991,0
DA:992,0
DA:993,0
DA:994,0
DA:995,0
DA:996,0
DA:997,0
DA:998,0
DA:999,0
DA:1000,0
DA:1001,0
DA:1002,0
DA:1003,0
DA:1004,0
DA:1005,0
DA:1006,0
DA:1007,0
DA:1008,0
DA:1009,0
DA:1010,0
DA:1011,0
DA:1012,0
DA:1013,0
DA:1014,0
DA:1015,0
DA:1016,0
DA:1017,0
DA:1018,0
DA:1019,0
DA:1020,0
DA:1021,0
DA:1022,0
DA:1023,0
DA:1024,0
DA:1025,0
DA:1026,0
DA:1027,0
DA:1028,39
DA:1029,165
DA:1030,165
DA:1031,165
DA:1032,165
DA:1033,2
DA:1034,2
DA:1035,2
DA:1036,2
DA:1037,2
DA:1038,2
DA:1039,0
DA:1040,0
DA:1041,2
DA:1042,2
DA:1043,2
DA:1044,2
DA:1045,2
DA:1046,2
DA:1047,0
DA:1048,0
DA:1049,0
DA:1050,0
DA:1051,2
DA:1052,2
DA:1053,2
DA:1054,2
DA:1055,2
DA:1056,2
DA:1057,2
DA:1058,0
DA:1059,0
DA:1060,0
DA:1061,0
DA:1062,0
DA:1063,0
DA:1064,0
DA:1065,2
DA:1066,0
DA:1067,0
DA:1068,0
DA:1069,0
DA:1070,0
DA:1071,0
DA:1072,0
DA:1073,0
DA:1074,0
DA:1075,0
DA:1076,0
DA:1077,0
DA:1078,0
DA:1079,0
DA:1080,2
DA:1081,2
DA:1082,2
DA:1083,165
DA:1084,165
DA:1085,165
DA:1086,165
DA:1087,49
DA:1088,49
DA:1089,49
DA:1090,49
DA:1091,49
DA:1092,49
DA:1093,49
DA:1094,49
DA:1095,49
DA:1096,49
DA:1097,0
DA:1098,0
DA:1099,0
DA:1100,49
DA:1101,165
DA:1102,165
DA:1103,165
DA:1104,165
DA:1105,35
DA:1106,35
DA:1107,35
DA:1108,35
DA:1109,35
DA:1110,35
DA:1111,35
DA:1112,35
DA:1113,35
DA:1114,35
DA:1115,35
DA:1116,35
DA:1117,35
DA:1118,35
DA:1119,35
DA:1120,35
DA:1121,35
DA:1122,35
DA:1123,35
DA:1124,35
DA:1125,35
DA:1126,35
DA:1127,35
DA:1128,35
DA:1129,35
DA:1130,35
DA:1131,35
DA:1132,35
DA:1133,35
DA:1134,35
DA:1135,35
DA:1136,0
DA:1137,0
DA:1138,0
DA:1139,0
DA:1140,0
DA:1141,0
DA:1142,0
DA:1143,0
DA:1144,0
DA:1145,0
DA:1146,0
DA:1147,35
DA:1148,165
DA:1149,165
DA:1150,165
DA:1151,165
DA:1152,39
DA:1153,39
DA:1154,39
DA:1155,39
DA:1156,39
DA:1157,39
DA:1158,123
DA:1159,123
DA:1160,123
DA:1161,123
DA:1162,10
DA:1163,10
DA:1164,22
DA:1165,123
DA:1166,4
DA:1167,123
DA:1168,45
DA:1169,45
DA:1170,45
DA:1171,45
DA:1172,45
DA:1173,45
DA:1174,123
DA:1175,39
DA:1176,165
DA:1177,165
DA:1178,165
DA:1179,165
DA:1180,165
DA:1181,35
DA:1182,35
DA:1183,35
DA:1184,35
DA:1185,35
DA:1186,35
DA:1187,35
DA:1188,35
DA:1189,35
DA:1190,35
DA:1191,35
DA:1192,35
DA:1193,35
DA:1194,35
DA:1195,35
DA:1196,35
DA:1197,35
DA:1198,0
DA:1199,0
DA:1200,35
DA:1201,35
DA:1202,35
DA:1203,35
DA:1204,35
DA:1205,35
DA:1206,35
DA:1207,35
DA:1208,35
DA:1209,0
DA:1210,0
DA:1211,0
DA:1212,0
DA:1213,0
DA:1214,0
DA:1215,35
DA:1216,165
DA:1217,165
DA:1218,165
DA:1219,165
DA:1220,165
DA:1221,35
DA:1222,35
DA:1223,35
DA:1224,35
DA:1225,35
DA:1226,35
DA:1227,35
DA:1228,35
DA:1229,35
DA:1230,0
DA:1231,0
DA:1232,0
DA:1233,0
DA:1234,0
DA:1235,35
DA:1236,35
DA:1237,35
DA:1238,35
DA:1239,35
DA:1240,35
DA:1241,35
DA:1242,35
DA:1243,165
DA:1244,3
DA:1245,3
DA:1246,3
DA:1247,3
DA:1248,3
DA:1249,3
DA:1250,3
DA:1251,3
DA:1252,3
DA:1253,3
DA:1254,3
DA:1255,3
DA:1256,3
DA:1257,3
DA:1258,0
DA:1259,0
DA:1260,0
DA:1261,0
DA:1262,3
DA:1263,165
DA:1264,165
DA:1265,165
DA:1266,165
DA:1267,35
DA:1268,35
DA:1269,35
DA:1270,35
DA:1271,35
DA:1272,35
DA:1273,35
DA:1274,35
DA:1275,35
DA:1276,35
DA:1277,35
DA:1278,35
DA:1279,35
DA:1280,35
DA:1281,35
DA:1282,35
DA:1283,35
DA:1284,35
DA:1285,35
DA:1286,35
DA:1287,35
DA:1288,35
DA:1289,0
DA:1290,0
DA:1291,0
DA:1292,0
DA:1293,0
DA:1294,0
DA:1295,0
DA:1296,0
DA:1297,0
DA:1298,0
DA:1299,0
DA:1300,0
DA:1301,0
DA:1302,0
DA:1303,0
DA:1304,0
DA:1305,0
DA:1306,0
DA:1307,35
DA:1308,35
DA:1309,0
DA:1310,0
DA:1311,0
DA:1312,0
DA:1313,0
DA:1314,0
DA:1315,0
DA:1316,0
DA:1317,0
DA:1318,0
DA:1319,0
DA:1320,0
DA:1321,0
DA:1322,0
DA:1323,0
DA:1324,0
DA:1325,0
DA:1326,0
DA:1327,35
DA:1328,35
DA:1329,35
DA:1330,35
DA:1331,35
DA:1332,35
DA:1333,35
DA:1334,35
DA:1335,35
DA:1336,35
DA:1337,35
DA:1338,35
DA:1339,35
DA:1340,35
DA:1341,35
DA:1342,35
DA:1343,35
DA:1344,35
DA:1345,35
DA:1346,35
DA:1347,35
DA:1348,35
DA:1349,35
DA:1350,35
DA:1351,35
DA:1352,35
DA:1353,35
DA:1354,35
DA:1355,35
DA:1356,35
DA:1357,35
DA:1358,35
DA:1359,35
DA:1360,35
DA:1361,0
DA:1362,0
DA:1363,0
DA:1364,0
DA:1365,0
DA:1366,0
DA:1367,0
DA:1368,35
DA:1369,35
DA:1370,35
DA:1371,0
DA:1372,35
DA:1373,35
DA:1374,35
DA:1375,35
DA:1376,35
DA:1377,35
DA:1378,35
DA:1379,35
DA:1380,35
DA:1381,35
DA:1382,35
DA:1383,35
DA:1384,35
DA:1385,35
DA:1386,35
DA:1387,35
DA:1388,35
DA:1389,35
DA:1390,0
DA:1391,0
DA:1392,0
DA:1393,0
DA:1394,0
DA:1395,0
DA:1396,0
DA:1397,0
DA:1398,0
DA:1399,0
DA:1400,35
DA:1401,35
DA:1402,165
DA:1403,165
DA:1404,165
DA:1405,165
DA:1406,165
DA:1407,165
DA:1408,165
DA:1409,165
DA:1410,165
DA:1411,165
DA:1412,165
DA:1413,165
DA:1414,165
DA:1415,0
DA:1416,0
DA:1417,165
DA:1418,165
DA:1419,165
DA:1420,165
DA:1421,165
LH:1047
LF:1421
end_of_record
SF:bin/create-scaffold/interactive-session.mjs
FN:19,InteractiveSession
FN:49,collectInputs
FN:152,#resolveDefaults
FN:174,#loadCatalog
FN:200,#promptTemplateSelection
FN:234,#promptProjectDirectory
FN:262,#promptOptionalText
FN:271,#promptYesNo
FN:295,#resolvePlaceholdersInteractively
FN:325,#normalizeOptions
FN:338,#getConfiguration
FN:363,createPrompt
FN:379,ensureRepositoryCached
FN:431,checkDirectoryAvailability
FN:179,anonymous_14
FN:201,anonymous_15
FN:221,anonymous_16
FN:306,promptAdapter
FN:315,anonymous_18
FN:367,question
FN:370,write
FN:373,close
FNDA:5,InteractiveSession
FNDA:5,collectInputs
FNDA:5,#resolveDefaults
FNDA:5,#loadCatalog
FNDA:5,#promptTemplateSelection
FNDA:4,#promptProjectDirectory
FNDA:16,#promptOptionalText
FNDA:3,#promptYesNo
FNDA:2,#resolvePlaceholdersInteractively
FNDA:7,#normalizeOptions
FNDA:4,#getConfiguration
FNDA:2,createPrompt
FNDA:5,ensureRepositoryCached
FNDA:4,checkDirectoryAvailability
FNDA:0,anonymous_14
FNDA:5,anonymous_15
FNDA:4,anonymous_16
FNDA:1,promptAdapter
FNDA:2,anonymous_18
FNDA:16,question
FNDA:4,write
FNDA:2,close
FNF:22
FNH:21
BRDA:1,0,0,166
BRDA:19,1,0,5
BRDA:30,2,0,0
BRDA:37,3,0,0
BRDA:40,4,0,0
BRDA:49,5,0,5
BRDA:82,6,0,1
BRDA:84,7,0,2
BRDA:93,8,0,1
BRDA:95,9,0,1
BRDA:97,10,0,1
BRDA:98,11,0,1
BRDA:104,12,0,1
BRDA:106,13,0,2
BRDA:108,14,0,1
BRDA:110,15,0,2
BRDA:112,16,0,1
BRDA:114,17,0,2
BRDA:116,18,0,1
BRDA:122,19,0,2
BRDA:124,20,0,1
BRDA:126,21,0,2
BRDA:128,22,0,1
BRDA:130,23,0,2
BRDA:132,24,0,1
BRDA:137,25,0,2
BRDA:139,26,0,2
BRDA:54,27,0,0
BRDA:57,28,0,0
BRDA:70,29,0,0
BRDA:77,30,0,0
BRDA:152,31,0,5
BRDA:153,32,0,2
BRDA:153,33,0,1
BRDA:158,34,0,2
BRDA:166,35,0,2
BRDA:155,36,0,0
BRDA:161,37,0,0
BRDA:161,38,0,0
BRDA:170,39,0,0
BRDA:174,40,0,5
BRDA:179,41,0,0
BRDA:191,42,0,0
BRDA:200,43,0,5
BRDA:215,44,0,1
BRDA:217,45,0,2
BRDA:224,46,0,2
BRDA:222,47,0,0
BRDA:226,48,0,0
BRDA:234,49,0,4
BRDA:235,50,0,1
BRDA:244,51,0,0
BRDA:253,52,0,0
BRDA:257,53,0,0
BRDA:262,54,0,16
BRDA:263,55,0,2
BRDA:263,56,0,4
BRDA:265,57,0,2
BRDA:267,58,0,4
BRDA:271,59,0,3
BRDA:272,60,0,0
BRDA:277,61,0,0
BRDA:287,62,0,0
BRDA:295,63,0,2
BRDA:297,64,0,0
BRDA:297,65,0,0
BRDA:317,66,0,0
BRDA:325,67,0,7
BRDA:326,68,0,4
BRDA:326,69,0,1
BRDA:328,70,0,2
BRDA:332,71,0,2
BRDA:330,72,0,0
BRDA:335,73,0,0
BRDA:338,74,0,4
BRDA:339,75,0,0
BRDA:341,76,0,0
BRDA:350,77,0,0
BRDA:363,78,0,2
BRDA:379,79,0,5
BRDA:396,80,0,0
BRDA:396,81,0,0
BRDA:405,82,0,0
BRDA:410,83,0,0
BRDA:410,84,0,0
BRDA:419,85,0,0
BRDA:431,86,0,4
BRDA:434,87,0,0
BRDA:442,88,0,0
BRDA:201,89,0,5
BRDA:202,90,0,0
BRDA:221,91,0,4
BRDA:306,92,0,1
BRDA:309,93,0,0
BRDA:315,94,0,2
BRDA:367,95,0,16
BRDA:370,96,0,4
BRDA:373,97,0,2
BRF:98
BRH:59
DA:1,166
DA:2,166
DA:3,166
DA:4,166
DA:5,166
DA:6,166
DA:7,166
DA:8,166
DA:9,166
DA:10,166
DA:11,166
DA:12,166
DA:13,166
DA:14,166
DA:15,166
DA:16,166
DA:17,166
DA:18,166
DA:19,166
DA:20,5
DA:21,5
DA:22,5
DA:23,5
DA:24,5
DA:25,5
DA:26,5
DA:27,5
DA:28,5
DA:29,5
DA:30,5
DA:31,0
DA:32,0
DA:33,5
DA:34,5
DA:35,5
DA:36,5
DA:37,5
DA:38,5
DA:39,5
DA:40,5
DA:41,5
DA:42,5
DA:43,5
DA:44,5
DA:45,5
DA:46,5
DA:47,5
DA:48,166
DA:49,166
DA:50,5
DA:51,5
DA:52,5
DA:53,5
DA:54,5
DA:55,5
DA:56,5
DA:57,5
DA:58,0
DA:59,0
DA:60,5
DA:61,5
DA:62,5
DA:63,5
DA:64,5
DA:65,5
DA:66,5
DA:67,5
DA:68,5
DA:69,5
DA:70,5
DA:71,0
DA:72,0
DA:73,0
DA:74,5
DA:75,5
DA:76,5
DA:77,5
DA:78,0
DA:79,0
DA:80,5
DA:81,5
DA:82,5
DA:83,1
DA:84,1
DA:85,2
DA:86,2
DA:87,2
DA:88,2
DA:89,2
DA:90,5
DA:91,5
DA:92,5
DA:93,5
DA:94,5
DA:95,5
DA:96,5
DA:97,5
DA:98,5
DA:99,5
DA:100,5
DA:101,5
DA:102,5
DA:103,5
DA:104,5
DA:105,1
DA:106,1
DA:107,2
DA:108,5
DA:109,1
DA:110,1
DA:111,2
DA:112,5
DA:113,1
DA:114,1
DA:115,2
DA:116,5
DA:117,1
DA:118,1
DA:119,1
DA:120,1
DA:121,1
DA:122,1
DA:123,2
DA:124,5
DA:125,1
DA:126,1
DA:127,2
DA:128,5
DA:129,1
DA:130,1
DA:131,2
DA:132,5
DA:133,1
DA:134,1
DA:135,1
DA:136,1
DA:137,1
DA:138,2
DA:139,5
DA:140,2
DA:141,2
DA:142,2
DA:143,2
DA:144,2
DA:145,5
DA:146,5
DA:147,5
DA:148,5
DA:149,5
DA:150,5
DA:151,166
DA:152,166
DA:153,5
DA:154,1
DA:155,1
DA:156,1
DA:157,1
DA:158,1
DA:159,2
DA:160,2
DA:161,5
DA:162,0
DA:163,0
DA:164,0
DA:165,0
DA:166,0
DA:167,2
DA:168,2
DA:169,2
DA:170,5
DA:171,5
DA:172,5
DA:173,166
DA:174,166
DA:175,5
DA:176,5
DA:177,5
DA:178,5
DA:179,5
DA:180,0
DA:181,0
DA:182,0
DA:183,0
DA:184,0
DA:185,0
DA:186,0
DA:187,0
DA:188,5
DA:189,5
DA:190,5
DA:191,5
DA:192,0
DA:193,0
DA:194,0
DA:195,0
DA:196,0
DA:197,0
DA:198,5
DA:199,166
DA:200,166
DA:201,5
DA:202,5
DA:203,5
DA:204,5
DA:205,5
DA:206,5
DA:207,5
DA:208,5
DA:209,5
DA:210,5
DA:211,5
DA:212,5
DA:213,5
DA:214,5
DA:215,5
DA:216,1
DA:217,1
DA:218,2
DA:219,2
DA:220,2
DA:221,2
DA:222,5
DA:223,5
DA:224,5
DA:225,2
DA:226,2
DA:227,0
DA:228,0
DA:229,0
DA:230,0
DA:231,0
DA:232,5
DA:233,166
DA:234,166
DA:235,4
DA:236,1
DA:237,1
DA:238,1
DA:239,1
DA:240,1
DA:241,1
DA:242,1
DA:243,1
DA:244,1
DA:245,0
DA:246,0
DA:247,0
DA:248,1
DA:249,1
DA:250,1
DA:251,1
DA:252,1
DA:253,1
DA:254,0
DA:255,0
DA:256,0
DA:257,1
DA:258,0
DA:259,0
DA:260,4
DA:261,166
DA:262,166
DA:263,16
DA:264,16
DA:265,16
DA:266,2
DA:267,2
DA:268,4
DA:269,16
DA:270,166
DA:271,166
DA:272,3
DA:273,3
DA:274,3
DA:275,3
DA:276,3
DA:277,3
DA:278,0
DA:279,0
DA:280,3
DA:281,3
DA:282,3
DA:283,3
DA:284,3
DA:285,3
DA:286,3
DA:287,3
DA:288,0
DA:289,0
DA:290,0
DA:291,0
DA:292,0
DA:293,3
DA:294,166
DA:295,166
DA:296,2
DA:297,2
DA:298,2
DA:299,2
DA:300,2
DA:301,2
DA:302,2
DA:303,2
DA:304,2
DA:305,2
DA:306,2
DA:307,1
DA:308,1
DA:309,1
DA:310,1
DA:311,1
DA:312,2
DA:313,2
DA:314,2
DA:315,2
DA:316,2
DA:317,2
DA:318,0
DA:319,0
DA:320,0
DA:321,0
DA:322,0
DA:323,2
DA:324,166
DA:325,166
DA:326,7
DA:327,1
DA:328,1
DA:329,2
DA:330,7
DA:331,0
DA:332,0
DA:333,2
DA:334,2
DA:335,7
DA:336,7
DA:337,166
DA:338,166
DA:339,4
DA:340,4
DA:341,4
DA:342,0
DA:343,0
DA:344,0
DA:345,0
DA:346,0
DA:347,0
DA:348,0
DA:349,4
DA:350,4
DA:351,0
DA:352,0
DA:353,0
DA:354,0
DA:355,0
DA:356,0
DA:357,0
DA:358,0
DA:359,0
DA:360,4
DA:361,166
DA:362,166
DA:363,2
DA:364,2
DA:365,2
DA:366,2
DA:367,2
DA:368,16
DA:369,2
DA:370,2
DA:371,4
DA:372,2
DA:373,2
DA:374,2
DA:375,2
DA:376,2
DA:377,2
DA:378,166
DA:379,5
DA:380,5
DA:381,5
DA:382,5
DA:383,5
DA:384,5
DA:385,5
DA:386,5
DA:387,5
DA:388,5
DA:389,5
DA:390,5
DA:391,5
DA:392,5
DA:393,5
DA:394,5
DA:395,5
DA:396,5
DA:397,0
DA:398,0
DA:399,0
DA:400,0
DA:401,0
DA:402,0
DA:403,5
DA:404,5
DA:405,5
DA:406,5
DA:407,5
DA:408,5
DA:409,5
DA:410,5
DA:411,0
DA:412,0
DA:413,0
DA:414,0
DA:415,0
DA:416,0
DA:417,5
DA:418,5
DA:419,5
DA:420,0
DA:421,0
DA:422,0
DA:423,0
DA:424,0
DA:425,0
DA:426,0
DA:427,0
DA:428,0
DA:429,5
DA:430,166
DA:431,4
DA:432,4
DA:433,4
DA:434,4
DA:435,0
DA:436,0
DA:437,0
DA:438,0
DA:439,4
DA:440,4
DA:441,4
DA:442,4
DA:443,0
DA:444,0
DA:445,0
DA:446,0
DA:447,0
DA:448,0
DA:449,0
DA:450,0
DA:451,4
LH:347
LF:451
end_of_record
SF:bin/create-scaffold/options-processor.mjs
FN:12,normalizeOptions
FN:124,pickCatchAllDimension
FN:138,handleOutOfRangeValue
FN:148,enforceDependencies
FN:173,enforceConflicts
FN:43,anonymous_5
FNDA:57,normalizeOptions
FNDA:57,pickCatchAllDimension
FNDA:3,handleOutOfRangeValue
FNDA:55,enforceDependencies
FNDA:54,enforceConflicts
FNDA:11,anonymous_5
FNF:6
FNH:6
BRDA:1,0,0,166
BRDA:12,1,0,57
BRDA:18,2,0,13
BRDA:19,3,0,7
BRDA:20,4,0,4
BRDA:21,5,0,6
BRDA:23,6,0,4
BRDA:24,7,0,1
BRDA:30,8,0,17
BRDA:31,9,0,8
BRDA:36,10,0,1
BRDA:39,11,0,7
BRDA:46,12,0,1
BRDA:51,13,0,6
BRDA:53,14,0,4
BRDA:54,15,0,1
BRDA:59,16,0,3
BRDA:64,17,0,3
BRDA:66,18,0,2
BRDA:68,19,0,5
BRDA:77,20,0,3
BRDA:88,21,0,1
BRDA:98,22,0,2
BRDA:103,23,0,10
BRDA:109,24,0,8
BRDA:110,25,0,5
BRDA:115,26,0,8
BRDA:88,27,0,1
BRDA:124,28,0,57
BRDA:125,29,0,2
BRDA:125,30,0,2
BRDA:127,31,0,10
BRDA:129,32,0,9
BRDA:130,33,0,3
BRDA:130,34,0,3
BRDA:133,35,0,7
BRDA:138,36,0,3
BRDA:148,37,0,55
BRDA:149,38,0,11
BRDA:150,39,0,5
BRDA:150,40,0,8
BRDA:152,41,0,1
BRDA:159,42,0,1
BRDA:170,43,0,9
BRDA:173,44,0,54
BRDA:174,45,0,9
BRDA:175,46,0,4
BRDA:175,47,0,6
BRDA:177,48,0,1
BRDA:181,49,0,1
BRDA:184,50,0,1
BRDA:195,51,0,8
BRDA:43,52,0,11
BRF:53
BRH:53
DA:1,166
DA:2,166
DA:3,166
DA:4,166
DA:5,166
DA:6,166
DA:7,166
DA:8,166
DA:9,166
DA:10,166
DA:11,166
DA:12,166
DA:13,57
DA:14,57
DA:15,57
DA:16,57
DA:17,57
DA:18,57
DA:19,13
DA:20,7
DA:21,13
DA:22,6
DA:23,6
DA:24,6
DA:25,6
DA:26,13
DA:27,57
DA:28,57
DA:29,57
DA:30,57
DA:31,17
DA:32,8
DA:33,8
DA:34,8
DA:35,8
DA:36,8
DA:37,1
DA:38,1
DA:39,1
DA:40,7
DA:41,8
DA:42,8
DA:43,8
DA:44,8
DA:45,8
DA:46,8
DA:47,1
DA:48,1
DA:49,1
DA:50,1
DA:51,1
DA:52,6
DA:53,8
DA:54,4
DA:55,1
DA:56,1
DA:57,1
DA:58,1
DA:59,1
DA:60,3
DA:61,4
DA:62,4
DA:63,4
DA:64,4
DA:65,3
DA:66,8
DA:67,2
DA:68,2
DA:69,5
DA:70,5
DA:71,5
DA:72,5
DA:73,5
DA:74,5
DA:75,2
DA:76,2
DA:77,17
DA:78,3
DA:79,3
DA:80,3
DA:81,3
DA:82,3
DA:83,3
DA:84,3
DA:85,3
DA:86,3
DA:87,3
DA:88,3
DA:89,1
DA:90,1
DA:91,1
DA:92,1
DA:93,1
DA:94,1
DA:95,1
DA:96,1
DA:97,1
DA:98,1
DA:99,3
DA:100,3
DA:101,3
DA:102,3
DA:103,17
DA:104,10
DA:105,10
DA:106,10
DA:107,10
DA:108,10
DA:109,57
DA:110,8
DA:111,5
DA:112,5
DA:113,5
DA:114,5
DA:115,8
DA:116,8
DA:117,8
DA:118,8
DA:119,8
DA:120,8
DA:121,8
DA:122,57
DA:123,166
DA:124,57
DA:125,57
DA:126,2
DA:127,2
DA:128,10
DA:129,57
DA:130,9
DA:131,3
DA:132,3
DA:133,9
DA:134,7
DA:135,7
DA:136,57
DA:137,166
DA:138,3
DA:139,3
DA:140,3
DA:141,3
DA:142,3
DA:143,3
DA:144,3
DA:145,3
DA:146,3
DA:147,166
DA:148,55
DA:149,55
DA:150,11
DA:151,8
DA:152,8
DA:153,1
DA:154,1
DA:155,1
DA:156,11
DA:157,11
DA:158,11
DA:159,11
DA:160,1
DA:161,1
DA:162,1
DA:163,1
DA:164,1
DA:165,1
DA:166,1
DA:167,1
DA:168,1
DA:169,1
DA:170,11
DA:171,55
DA:172,166
DA:173,54
DA:174,54
DA:175,9
DA:176,6
DA:177,6
DA:178,1
DA:179,1
DA:180,9
DA:181,9
DA:182,9
DA:183,9
DA:184,9
DA:185,1
DA:186,1
DA:187,1
DA:188,1
DA:189,1
DA:190,1
DA:191,1
DA:192,1
DA:193,1
DA:194,1
DA:195,9
DA:196,54
LH:196
LF:196
end_of_record
SF:bin/create-scaffold/placeholder-resolver.mjs
FN:11,PlaceholderResolutionError
FN:30,resolvePlaceholders
FN:201,coerceValue
FN:254,createDefaultPrompt
FN:266,askQuestion
FN:143,anonymous_5
FN:144,anonymous_6
FN:149,anonymous_7
FN:165,anonymous_8
FN:166,anonymous_9
FN:170,anonymous_10
FNDA:3,PlaceholderResolutionError
FNDA:51,resolvePlaceholders
FNDA:29,coerceValue
FNDA:0,createDefaultPrompt
FNDA:0,askQuestion
FNDA:48,anonymous_5
FNDA:22,anonymous_6
FNDA:2,anonymous_7
FNDA:40,anonymous_8
FNDA:18,anonymous_9
FNDA:0,anonymous_10
FNF:11
FNH:8
BRDA:1,0,0,167
BRDA:11,1,0,3
BRDA:30,2,0,13
BRDA:50,3,0,51
BRDA:59,4,0,51
BRDA:60,5,0,29
BRDA:96,6,0,51
BRDA:98,7,0,8
BRDA:109,8,0,11
BRDA:177,9,0,38
BRDA:146,10,0,3
BRDA:41,11,0,0
BRDA:66,12,0,0
BRDA:68,13,0,11
BRDA:85,14,0,1
BRDA:88,15,0,10
BRDA:100,16,0,6
BRDA:100,17,0,6
BRDA:110,18,0,0
BRDA:115,19,0,1
BRDA:117,20,0,7
BRDA:122,21,0,0
BRDA:124,22,0,7
BRDA:126,23,0,1
BRDA:129,24,0,6
BRDA:134,25,0,8
BRDA:137,26,0,7
BRDA:138,27,0,1
BRDA:140,28,0,0
BRDA:147,29,0,1
BRDA:147,30,0,1
BRDA:155,31,0,1
BRDA:161,32,0,7
BRDA:168,33,0,0
BRDA:172,34,0,7
BRDA:178,35,0,0
BRDA:186,36,0,0
BRDA:190,37,0,7
BRDA:201,38,0,29
BRDA:208,39,0,5
BRDA:227,40,0,21
BRDA:244,41,0,20
BRDA:202,42,0,0
BRDA:229,43,0,1
BRDA:249,44,0,0
BRDA:143,45,0,48
BRDA:144,46,0,22
BRDA:149,47,0,2
BRDA:165,48,0,40
BRDA:166,49,0,18
BRF:50
BRH:40
DA:1,167
DA:2,167
DA:3,167
DA:4,167
DA:5,167
DA:6,167
DA:7,167
DA:8,167
DA:9,167
DA:10,167
DA:11,167
DA:12,3
DA:13,3
DA:14,3
DA:15,167
DA:16,167
DA:17,167
DA:18,167
DA:19,167
DA:20,167
DA:21,167
DA:22,167
DA:23,167
DA:24,167
DA:25,167
DA:26,167
DA:27,167
DA:28,167
DA:29,167
DA:30,167
DA:31,13
DA:32,13
DA:33,13
DA:34,13
DA:35,13
DA:36,13
DA:37,13
DA:38,13
DA:39,13
DA:40,13
DA:41,13
DA:42,0
DA:43,0
DA:44,0
DA:45,0
DA:46,0
DA:47,0
DA:48,13
DA:49,13
DA:50,13
DA:51,51
DA:52,51
DA:53,13
DA:54,13
DA:55,13
DA:56,13
DA:57,13
DA:58,13
DA:59,13
DA:60,51
DA:61,29
DA:62,29
DA:63,29
DA:64,51
DA:65,13
DA:66,13
DA:67,13
DA:68,13
DA:69,11
DA:70,11
DA:71,11
DA:72,11
DA:73,11
DA:74,11
DA:75,11
DA:76,11
DA:77,11
DA:78,11
DA:79,11
DA:80,11
DA:81,11
DA:82,11
DA:83,11
DA:84,11
DA:85,11
DA:86,1
DA:87,1
DA:88,1
DA:89,10
DA:90,10
DA:91,10
DA:92,10
DA:93,10
DA:94,13
DA:95,13
DA:96,13
DA:97,51
DA:98,51
DA:99,8
DA:100,8
DA:101,6
DA:102,6
DA:103,6
DA:104,6
DA:105,8
DA:106,51
DA:107,13
DA:108,13
DA:109,13
DA:110,11
DA:111,0
DA:112,0
DA:113,11
DA:114,11
DA:115,11
DA:116,1
DA:117,1
DA:118,7
DA:119,7
DA:120,7
DA:121,7
DA:122,11
DA:123,0
DA:124,0
DA:125,7
DA:126,11
DA:127,1
DA:128,1
DA:129,1
DA:130,6
DA:131,6
DA:132,6
DA:133,6
DA:134,6
DA:135,8
DA:136,8
DA:137,13
DA:138,13
DA:139,1
DA:140,13
DA:141,13
DA:142,13
DA:143,13
DA:144,13
DA:145,13
DA:146,13
DA:147,3
DA:148,1
DA:149,1
DA:150,1
DA:151,1
DA:152,1
DA:153,3
DA:154,3
DA:155,3
DA:156,1
DA:157,1
DA:158,1
DA:159,1
DA:160,1
DA:161,1
DA:162,7
DA:163,7
DA:164,7
DA:165,7
DA:166,7
DA:167,7
DA:168,13
DA:169,0
DA:170,0
DA:171,0
DA:172,0
DA:173,7
DA:174,7
DA:175,7
DA:176,7
DA:177,13
DA:178,38
DA:179,0
DA:180,0
DA:181,38
DA:182,38
DA:183,38
DA:184,38
DA:185,38
DA:186,38
DA:187,38
DA:188,38
DA:189,38
DA:190,38
DA:191,7
DA:192,7
DA:193,7
DA:194,7
DA:195,7
DA:196,7
DA:197,7
DA:198,7
DA:199,13
DA:200,167
DA:201,29
DA:202,29
DA:203,0
DA:204,0
DA:205,0
DA:206,0
DA:207,29
DA:208,29
DA:209,5
DA:210,5
DA:211,5
DA:212,5
DA:213,5
DA:214,5
DA:215,5
DA:216,5
DA:217,5
DA:218,5
DA:219,5
DA:220,5
DA:221,5
DA:222,5
DA:223,5
DA:224,5
DA:225,5
DA:226,5
DA:227,5
DA:228,21
DA:229,29
DA:230,1
DA:231,1
DA:232,1
DA:233,1
DA:234,1
DA:235,1
DA:236,1
DA:237,1
DA:238,1
DA:239,1
DA:240,1
DA:241,1
DA:242,1
DA:243,1
DA:244,1
DA:245,20
DA:246,20
DA:247,20
DA:248,20
DA:249,20
DA:250,0
DA:251,0
DA:252,29
DA:253,167
DA:254,0
DA:255,0
DA:256,0
DA:257,0
DA:258,0
DA:259,0
DA:260,0
DA:261,0
DA:262,0
DA:263,0
DA:264,0
DA:265,167
DA:266,0
DA:267,0
DA:268,0
DA:269,0
DA:270,0
DA:271,0
DA:272,0
DA:273,0
DA:274,0
DA:275,0
DA:276,0
DA:277,0
DA:278,0
DA:279,0
DA:280,0
DA:281,0
DA:282,0
DA:283,0
DA:284,0
DA:285,0
DA:286,0
DA:287,0
DA:288,0
DA:289,0
DA:290,0
DA:291,0
DA:292,0
DA:293,0
LH:232
LF:293
end_of_record
SF:bin/create-scaffold/preflight-checks.mjs
FN:18,PreflightError
FN:29,checkGitInstallation
FN:93,validateAllArguments
FN:133,anonymous_3
FN:147,checkProjectDirectoryConflicts
FN:157,anonymous_5
FN:245,validateRepositoryAccessibility
FN:403,runAllPreflightChecks
FN:310,anonymous_8
FN:311,anonymous_9
FN:318,anonymous_10
FN:319,anonymous_11
FN:320,anonymous_12
FNDA:36,PreflightError
FNDA:70,checkGitInstallation
FNDA:70,validateAllArguments
FNDA:0,anonymous_3
FNDA:70,checkProjectDirectoryConflicts
FNDA:8,anonymous_5
FNDA:65,validateRepositoryAccessibility
FNDA:70,runAllPreflightChecks
FNDA:2,anonymous_8
FNDA:1,anonymous_9
FNDA:1,anonymous_10
FNDA:1,anonymous_11
FNDA:1,anonymous_12
FNF:13
FNH:12
BRDA:1,0,0,165
BRDA:18,1,0,36
BRDA:29,2,0,70
BRDA:40,3,0,0
BRDA:55,4,0,0
BRDA:93,5,0,70
BRDA:97,6,0,0
BRDA:99,7,0,0
BRDA:104,8,0,0
BRDA:106,9,0,0
BRDA:111,10,0,0
BRDA:116,11,0,0
BRDA:121,12,0,0
BRDA:125,13,0,0
BRDA:129,14,0,0
BRDA:147,15,0,70
BRDA:166,16,0,0
BRDA:169,17,0,0
BRDA:173,18,0,0
BRDA:187,19,0,0
BRDA:211,20,0,0
BRDA:221,21,0,0
BRDA:157,22,0,8
BRDA:245,23,0,65
BRDA:258,24,0,0
BRDA:268,25,0,0
BRDA:273,26,0,0
BRDA:279,27,0,0
BRDA:326,28,0,0
BRDA:327,29,0,0
BRDA:345,30,0,0
BRDA:346,31,0,0
BRDA:360,32,0,0
BRDA:403,33,0,70
BRDA:412,34,0,0
BRDA:310,35,0,2
BRDA:311,36,0,1
BRDA:318,37,0,1
BRDA:319,38,0,1
BRDA:320,39,0,1
BRF:40
BRH:13
DA:1,165
DA:2,165
DA:3,165
DA:4,165
DA:5,165
DA:6,165
DA:7,165
DA:8,165
DA:9,165
DA:10,165
DA:11,165
DA:12,165
DA:13,165
DA:14,165
DA:15,165
DA:16,165
DA:17,165
DA:18,165
DA:19,36
DA:20,36
DA:21,36
DA:22,36
DA:23,165
DA:24,165
DA:25,165
DA:26,165
DA:27,165
DA:28,165
DA:29,165
DA:30,70
DA:31,70
DA:32,70
DA:33,70
DA:34,70
DA:35,70
DA:36,70
DA:37,70
DA:38,70
DA:39,70
DA:40,70
DA:41,0
DA:42,0
DA:43,70
DA:44,70
DA:45,70
DA:46,70
DA:47,70
DA:48,70
DA:49,70
DA:50,70
DA:51,70
DA:52,70
DA:53,70
DA:54,70
DA:55,70
DA:56,0
DA:57,0
DA:58,0
DA:59,0
DA:60,0
DA:61,0
DA:62,0
DA:63,0
DA:64,0
DA:65,0
DA:66,0
DA:67,0
DA:68,0
DA:69,0
DA:70,0
DA:71,0
DA:72,0
DA:73,0
DA:74,0
DA:75,0
DA:76,0
DA:77,0
DA:78,0
DA:79,0
DA:80,0
DA:81,0
DA:82,0
DA:83,0
DA:84,0
DA:85,0
DA:86,70
DA:87,165
DA:88,165
DA:89,165
DA:90,165
DA:91,165
DA:92,165
DA:93,165
DA:94,70
DA:95,70
DA:96,70
DA:97,70
DA:98,0
DA:99,70
DA:100,0
DA:101,0
DA:102,70
DA:103,70
DA:104,70
DA:105,0
DA:106,70
DA:107,0
DA:108,0
DA:109,70
DA:110,70
DA:111,70
DA:112,0
DA:113,0
DA:114,70
DA:115,70
DA:116,70
DA:117,0
DA:118,0
DA:119,70
DA:120,70
DA:121,70
DA:122,0
DA:123,0
DA:124,70
DA:125,70
DA:126,0
DA:127,0
DA:128,70
DA:129,70
DA:130,0
DA:131,0
DA:132,0
DA:133,0
DA:134,0
DA:135,0
DA:136,0
DA:137,0
DA:138,0
DA:139,0
DA:140,70
DA:141,165
DA:142,165
DA:143,165
DA:144,165
DA:145,165
DA:146,165
DA:147,165
DA:148,70
DA:149,70
DA:150,70
DA:151,70
DA:152,70
DA:153,70
DA:154,70
DA:155,70
DA:156,70
DA:157,70
DA:158,70
DA:159,70
DA:160,70
DA:161,70
DA:162,70
DA:163,70
DA:164,70
DA:165,70
DA:166,70
DA:167,70
DA:168,70
DA:169,70
DA:170,0
DA:171,0
DA:172,70
DA:173,70
DA:174,0
DA:175,0
DA:176,0
DA:177,0
DA:178,0
DA:179,70
DA:180,70
DA:181,70
DA:182,70
DA:183,70
DA:184,70
DA:185,70
DA:186,70
DA:187,70
DA:188,0
DA:189,0
DA:190,0
DA:191,0
DA:192,0
DA:193,0
DA:194,0
DA:195,0
DA:196,0
DA:197,0
DA:198,0
DA:199,0
DA:200,70
DA:201,70
DA:202,70
DA:203,70
DA:204,70
DA:205,70
DA:206,70
DA:207,70
DA:208,70
DA:209,70
DA:210,70
DA:211,70
DA:212,0
DA:213,0
DA:214,0
DA:215,0
DA:216,0
DA:217,0
DA:218,0
DA:219,0
DA:220,70
DA:221,70
DA:222,0
DA:223,0
DA:224,0
DA:225,0
DA:226,0
DA:227,0
DA:228,0
DA:229,0
DA:230,0
DA:231,0
DA:232,0
DA:233,0
DA:234,0
DA:235,0
DA:236,70
DA:237,70
DA:238,165
DA:239,165
DA:240,165
DA:241,165
DA:242,165
DA:243,165
DA:244,165
DA:245,165
DA:246,65
DA:247,65
DA:248,65
DA:249,65
DA:250,65
DA:251,65
DA:252,65
DA:253,65
DA:254,65
DA:255,65
DA:256,65
DA:257,65
DA:258,65
DA:259,0
DA:260,0
DA:261,0
DA:262,0
DA:263,0
DA:264,0
DA:265,65
DA:266,65
DA:267,65
DA:268,65
DA:269,0
DA:270,0
DA:271,65
DA:272,65
DA:273,65
DA:274,65
DA:275,65
DA:276,65
DA:277,65
DA:278,65
DA:279,65
DA:280,0
DA:281,0
DA:282,0
DA:283,0
DA:284,0
DA:285,0
DA:286,65
DA:287,65
DA:288,65
DA:289,65
DA:290,65
DA:291,65
DA:292,65
DA:293,65
DA:294,65
DA:295,65
DA:296,65
DA:297,65
DA:298,65
DA:299,65
DA:300,65
DA:301,65
DA:302,65
DA:303,65
DA:304,65
DA:305,65
DA:306,65
DA:307,65
DA:308,65
DA:309,65
DA:310,65
DA:311,65
DA:312,1
DA:313,65
DA:314,65
DA:315,65
DA:316,65
DA:317,65
DA:318,65
DA:319,65
DA:320,65
DA:321,65
DA:322,65
DA:323,65
DA:324,65
DA:325,65
DA:326,65
DA:327,65
DA:328,65
DA:329,65
DA:330,65
DA:331,65
DA:332,65
DA:333,65
DA:334,65
DA:335,65
DA:336,65
DA:337,65
DA:338,65
DA:339,65
DA:340,65
DA:341,65
DA:342,65
DA:343,65
DA:344,65
DA:345,65
DA:346,65
DA:347,65
DA:348,65
DA:349,65
DA:350,65
DA:351,65
DA:352,65
DA:353,65
DA:354,65
DA:355,65
DA:356,65
DA:357,65
DA:358,65
DA:359,65
DA:360,65
DA:361,0
DA:362,0
DA:363,0
DA:364,0
DA:365,0
DA:366,0
DA:367,0
DA:368,0
DA:369,0
DA:370,0
DA:371,0
DA:372,0
DA:373,0
DA:374,0
DA:375,0
DA:376,0
DA:377,0
DA:378,0
DA:379,0
DA:380,0
DA:381,0
DA:382,0
DA:383,0
DA:384,0
DA:385,0
DA:386,0
DA:387,0
DA:388,0
DA:389,0
DA:390,0
DA:391,0
DA:392,65
DA:393,65
DA:394,165
DA:395,165
DA:396,165
DA:397,165
DA:398,165
DA:399,165
DA:400,165
DA:401,165
DA:402,165
DA:403,165
DA:404,70
DA:405,70
DA:406,70
DA:407,70
DA:408,70
DA:409,70
DA:410,70
DA:411,70
DA:412,70
DA:413,0
DA:414,0
DA:415,0
DA:416,0
DA:417,0
DA:418,0
DA:419,70
DA:420,70
DA:421,70
DA:422,70
DA:423,70
DA:424,70
DA:425,70
DA:426,70
DA:427,70
DA:428,70
DA:429,70
DA:430,70
DA:431,70
DA:432,70
DA:433,70
DA:434,70
DA:435,70
DA:436,70
DA:437,70
DA:438,70
DA:439,70
DA:440,70
DA:441,70
DA:442,70
LH:294
LF:442
end_of_record
SF:bin/create-scaffold/setup-runtime.mjs
FN:9,SetupSandboxError
FN:18,includeTemplateCopyEntry
FN:27,kiro
FN:54,vscode
FN:94,cursor
FN:106,windsurf
FN:119,transformModuleSource
FN:131,createSandboxContext
FN:162,escapeRegExp
FN:166,toPosix
FN:170,resolveProjectPath
FN:185,ensureParentDirectory
FN:190,walkFiles
FN:204,globToRegExp
FN:255,findMatchingFiles
FN:263,validateReplacements
FN:275,applyReplacements
FN:284,replaceInFile
FN:294,replaceAll
FN:306,copyEntry
FN:333,moveEntry
FN:362,removeEntry
FN:367,deepMerge
FN:393,readJson
FN:406,writeJson
FN:418,mergeJson
FN:440,updateJson
FN:453,renderFile
FN:462,parseJsonPath
FN:491,ensureArraySize
FN:497,deepEqual
FN:501,resolveParentForPath
FN:540,setAtPath
FN:554,removeAtPath
FN:574,addToArrayAtPath
FN:589,mergeArrayAtPath
FN:609,editJsonFile
FN:630,createLoggerApi
FN:654,createOptionsApi
FN:755,normalizeByDimension
FN:781,pickDefaultDimension
FN:795,createIdeApi
FN:829,buildPlaceholderApi
FN:855,buildInputReplacements
FN:883,stringifyReplacementValue
FN:895,buildInputsApi
FN:914,buildFileApi
FN:968,buildJsonApi
FN:1006,buildTemplateApi
FN:1026,normalizeTextInput
FN:1041,ensureLeadingNewline
FN:1045,ensureTrailingNewline
FN:1049,stripDuplicateNewlines
FN:1060,buildTextApi
FN:1222,loadSetupScript
FN:1255,createSetupTools
FN:137,forbidden
FN:137,anonymous_57
FN:632,info
FN:641,warn
FN:648,table
FN:662,has
FN:676,when
FN:682,list
FN:700,in
FN:721,require
FN:740,dimensions
FN:747,raw
FN:765,anonymous_68
FN:774,anonymous_69
FN:800,applyPreset
FN:831,replaceAll
FN:835,replaceInFile
FN:839,applyInputs
FN:899,get
FN:908,all
FN:916,ensureDirs
FN:923,copy
FN:926,remove
FN:929,move
FN:932,write
FN:954,copyTemplateDir
FN:970,read
FN:973,merge
FN:976,update
FN:979,set
FN:985,remove
FN:991,addToArray
FN:997,mergeArray
FN:1008,renderString
FN:1017,renderFile
FN:1062,insertAfter
FN:1096,ensureBlock
FN:1116,replaceBetween
FN:1154,appendLines
FN:1177,replace
FN:260,anonymous_96
FN:260,anonymous_97
FN:583,anonymous_98
FN:981,anonymous_99
FN:993,anonymous_100
FN:949,anonymous_101
FN:602,anonymous_102
FN:987,editJsonFile.allowCreate
FN:999,anonymous_104
FN:1203,anonymous_105
FNDA:3,SetupSandboxError
FNDA:9,includeTemplateCopyEntry
FNDA:1,kiro
FNDA:3,vscode
FNDA:0,cursor
FNDA:0,windsurf
FNDA:22,transformModuleSource
FNDA:21,createSandboxContext
FNDA:52,escapeRegExp
FNDA:59,toPosix
FNDA:110,resolveProjectPath
FNDA:56,ensureParentDirectory
FNDA:45,walkFiles
FNDA:175,globToRegExp
FNDA:8,findMatchingFiles
FNDA:9,validateReplacements
FNDA:23,applyReplacements
FNDA:0,replaceInFile
FNDA:19,replaceAll
FNDA:2,copyEntry
FNDA:1,moveEntry
FNDA:1,removeEntry
FNDA:46,deepMerge
FNDA:0,readJson
FNDA:43,writeJson
FNDA:17,mergeJson
FNDA:0,updateJson
FNDA:3,renderFile
FNDA:19,parseJsonPath
FNDA:0,ensureArraySize
FNDA:5,deepEqual
FNDA:15,resolveParentForPath
FNDA:8,setAtPath
FNDA:1,removeAtPath
FNDA:5,addToArrayAtPath
FNDA:2,mergeArrayAtPath
FNDA:15,editJsonFile
FNDA:25,createLoggerApi
FNDA:25,createOptionsApi
FNDA:25,normalizeByDimension
FNDA:25,pickDefaultDimension
FNDA:25,createIdeApi
FNDA:25,buildPlaceholderApi
FNDA:5,buildInputReplacements
FNDA:7,stringifyReplacementValue
FNDA:25,buildInputsApi
FNDA:25,buildFileApi
FNDA:25,buildJsonApi
FNDA:25,buildTemplateApi
FNDA:18,normalizeTextInput
FNDA:1,ensureLeadingNewline
FNDA:8,ensureTrailingNewline
FNDA:4,stripDuplicateNewlines
FNDA:25,buildTextApi
FNDA:22,loadSetupScript
FNDA:25,createSetupTools
FNDA:84,forbidden
FNDA:0,anonymous_57
FNDA:3,info
FNDA:0,warn
FNDA:0,table
FNDA:8,has
FNDA:7,when
FNDA:1,list
FNDA:3,in
FNDA:2,require
FNDA:0,dimensions
FNDA:0,raw
FNDA:5,anonymous_68
FNDA:0,anonymous_69
FNDA:11,applyPreset
FNDA:6,replaceAll
FNDA:0,replaceInFile
FNDA:2,applyInputs
FNDA:2,get
FNDA:2,all
FNDA:3,ensureDirs
FNDA:2,copy
FNDA:1,remove
FNDA:1,move
FNDA:2,write
FNDA:2,copyTemplateDir
FNDA:0,read
FNDA:6,merge
FNDA:0,update
FNDA:8,set
FNDA:1,remove
FNDA:5,addToArray
FNDA:1,mergeArray
FNDA:0,renderString
FNDA:3,renderFile
FNDA:4,insertAfter
FNDA:3,ensureBlock
FNDA:1,replaceBetween
FNDA:3,appendLines
FNDA:1,replace
FNDA:40,anonymous_96
FNDA:89,anonymous_97
FNDA:2,anonymous_98
FNDA:8,anonymous_99
FNDA:5,anonymous_100
FNDA:0,anonymous_101
FNDA:3,anonymous_102
FNDA:1,editJsonFile.allowCreate
FNDA:1,anonymous_104
FNDA:1,anonymous_105
FNF:106
FNH:89
BRDA:1,0,0,166
BRDA:9,1,0,3
BRDA:18,2,0,9
BRDA:20,3,0,0
BRDA:27,4,0,1
BRDA:54,5,0,3
BRDA:119,6,0,22
BRDA:120,7,0,1
BRDA:122,8,0,3
BRDA:126,9,0,3
BRDA:124,10,0,0
BRDA:131,11,0,21
BRDA:162,12,0,52
BRDA:166,13,0,59
BRDA:170,14,0,110
BRDA:171,15,0,0
BRDA:178,16,0,0
BRDA:185,17,0,56
BRDA:190,18,0,13
BRDA:193,19,0,45
BRDA:195,20,0,5
BRDA:197,21,0,28
BRDA:204,22,0,19
BRDA:238,23,0,175
BRDA:209,24,0,4
BRDA:212,25,0,2
BRDA:214,26,0,1
BRDA:224,27,0,1
BRDA:229,28,0,2
BRDA:235,29,0,2
BRDA:245,30,0,2
BRDA:205,31,0,0
BRDA:231,32,0,0
BRDA:240,33,0,0
BRDA:255,34,0,8
BRDA:256,35,0,1
BRDA:256,36,0,1
BRDA:263,37,0,8
BRDA:268,38,0,9
BRDA:264,39,0,0
BRDA:269,40,0,0
BRDA:275,41,0,23
BRDA:277,42,0,15
BRDA:294,43,0,8
BRDA:297,44,0,19
BRDA:306,45,0,2
BRDA:312,46,0,0
BRDA:328,47,0,0
BRDA:333,48,0,1
BRDA:337,49,0,0
BRDA:352,50,0,0
BRDA:362,51,0,1
BRDA:367,52,0,24
BRDA:381,53,0,46
BRDA:382,54,0,17
BRDA:382,55,0,16
BRDA:384,56,0,8
BRDA:386,57,0,23
BRDA:372,58,0,12
BRDA:372,59,0,12
BRDA:372,60,0,7
BRDA:382,61,0,5
BRDA:384,62,0,25
BRDA:382,63,0,2
BRDA:384,64,0,1
BRDA:368,65,0,0
BRDA:376,66,0,0
BRDA:406,67,0,43
BRDA:413,68,0,0
BRDA:418,69,0,17
BRDA:419,70,0,0
BRDA:427,71,0,0
BRDA:430,72,0,0
BRDA:453,73,0,3
BRDA:462,74,0,15
BRDA:471,75,0,19
BRDA:463,76,0,0
BRDA:473,77,0,0
BRDA:479,78,0,0
BRDA:485,79,0,0
BRDA:497,80,0,5
BRDA:501,81,0,15
BRDA:522,82,0,4
BRDA:522,83,0,4
BRDA:522,84,0,2
BRDA:527,85,0,4
BRDA:503,86,0,1
BRDA:507,87,0,0
BRDA:540,88,0,8
BRDA:543,89,0,0
BRDA:554,90,0,1
BRDA:556,91,0,0
BRDA:560,92,0,0
BRDA:570,93,0,0
BRDA:574,94,0,5
BRDA:580,95,0,0
BRDA:583,96,0,0
BRDA:589,97,0,1
BRDA:590,98,0,0
BRDA:595,99,0,0
BRDA:598,100,0,0
BRDA:601,101,0,2
BRDA:604,102,0,0
BRDA:609,103,0,15
BRDA:615,104,0,0
BRDA:630,105,0,25
BRDA:654,106,0,25
BRDA:655,107,0,0
BRDA:657,108,0,0
BRDA:658,109,0,0
BRDA:755,110,0,25
BRDA:758,111,0,2
BRDA:761,112,0,1
BRDA:763,113,0,1
BRDA:772,114,0,2
BRDA:781,115,0,25
BRDA:782,116,0,1
BRDA:782,117,0,1
BRDA:784,118,0,6
BRDA:790,119,0,6
BRDA:795,120,0,25
BRDA:829,121,0,25
BRDA:855,122,0,2
BRDA:859,123,0,5
BRDA:857,124,0,0
BRDA:860,125,0,0
BRDA:870,126,0,2
BRDA:883,127,0,7
BRDA:884,128,0,5
BRDA:886,129,0,2
BRDA:890,130,0,2
BRDA:888,131,0,0
BRDA:895,132,0,25
BRDA:896,133,0,0
BRDA:914,134,0,25
BRDA:968,135,0,25
BRDA:1006,136,0,25
BRDA:1026,137,0,11
BRDA:1027,138,0,6
BRDA:1028,139,0,18
BRDA:1034,140,0,4
BRDA:1037,141,0,4
BRDA:1029,142,0,0
BRDA:1035,143,0,0
BRDA:1041,144,0,1
BRDA:1042,145,0,0
BRDA:1045,146,0,8
BRDA:1046,147,0,0
BRDA:1049,148,0,4
BRDA:1054,149,0,0
BRDA:1060,150,0,25
BRDA:1222,151,0,22
BRDA:1235,152,0,3
BRDA:1243,153,0,3
BRDA:1245,154,0,1
BRDA:1249,155,0,2
BRDA:1233,156,0,0
BRDA:1237,157,0,0
BRDA:1239,158,0,0
BRDA:1255,159,0,25
BRDA:1261,160,0,6
BRDA:1257,161,0,0
BRDA:1262,162,0,0
BRDA:1263,163,0,0
BRDA:137,164,0,84
BRDA:632,165,0,3
BRDA:662,166,0,8
BRDA:663,167,0,0
BRDA:672,168,0,0
BRDA:676,169,0,7
BRDA:677,170,0,2
BRDA:677,171,0,2
BRDA:679,172,0,1
BRDA:682,173,0,1
BRDA:683,174,0,0
BRDA:690,175,0,0
BRDA:694,176,0,0
BRDA:698,177,0,0
BRDA:700,178,0,3
BRDA:701,179,0,0
BRDA:708,180,0,0
BRDA:715,181,0,1
BRDA:717,182,0,2
BRDA:721,183,0,2
BRDA:722,184,0,0
BRDA:736,185,0,1
BRDA:765,186,0,5
BRDA:800,187,0,4
BRDA:813,188,0,11
BRDA:801,189,0,0
BRDA:808,190,0,0
BRDA:817,191,0,0
BRDA:831,192,0,6
BRDA:839,193,0,2
BRDA:840,194,0,0
BRDA:845,195,0,0
BRDA:899,196,0,2
BRDA:900,197,0,0
BRDA:903,198,0,1
BRDA:908,199,0,2
BRDA:916,200,0,3
BRDA:917,201,0,0
BRDA:918,202,0,2
BRDA:923,203,0,2
BRDA:926,204,0,1
BRDA:929,205,0,1
BRDA:932,206,0,2
BRDA:934,207,0,0
BRDA:947,208,0,0
BRDA:949,209,0,0
BRDA:952,210,0,0
BRDA:954,211,0,2
BRDA:973,212,0,6
BRDA:979,213,0,8
BRDA:985,214,0,1
BRDA:991,215,0,5
BRDA:997,216,0,1
BRDA:1017,217,0,3
BRDA:1018,218,0,0
BRDA:1062,219,0,4
BRDA:1063,220,0,0
BRDA:1070,221,0,0
BRDA:1078,222,0,0
BRDA:1083,223,0,0
BRDA:1096,224,0,3
BRDA:1101,225,0,0
BRDA:1109,226,0,0
BRDA:1116,227,0,1
BRDA:1117,228,0,0
BRDA:1124,229,0,0
BRDA:1132,230,0,0
BRDA:1137,231,0,0
BRDA:1146,232,0,0
BRDA:1154,233,0,3
BRDA:1159,234,0,0
BRDA:1168,235,0,0
BRDA:1177,236,0,1
BRDA:1178,237,0,0
BRDA:1186,238,0,0
BRDA:1196,239,0,0
BRDA:1208,240,0,0
BRDA:260,241,0,40
BRDA:260,242,0,89
BRDA:583,243,0,2
BRDA:981,244,0,8
BRDA:993,245,0,5
BRDA:949,246,0,0
BRDA:602,247,0,3
BRDA:987,248,0,1
BRDA:999,249,0,1
BRDA:1203,250,0,1
BRF:251
BRH:159
DA:1,166
DA:2,166
DA:3,166
DA:4,166
DA:5,166
DA:6,166
DA:7,166
DA:8,166
DA:9,166
DA:10,3
DA:11,3
DA:12,3
DA:13,166
DA:14,166
DA:15,166
DA:16,166
DA:17,166
DA:18,9
DA:19,9
DA:20,9
DA:21,0
DA:22,0
DA:23,9
DA:24,9
DA:25,166
DA:26,166
DA:27,166
DA:28,1
DA:29,1
DA:30,1
DA:31,1
DA:32,1
DA:33,1
DA:34,1
DA:35,1
DA:36,1
DA:37,1
DA:38,1
DA:39,1
DA:40,1
DA:41,1
DA:42,1
DA:43,1
DA:44,1
DA:45,1
DA:46,1
DA:47,1
DA:48,1
DA:49,1
DA:50,1
DA:51,1
DA:52,1
DA:53,166
DA:54,166
DA:55,3
DA:56,3
DA:57,3
DA:58,3
DA:59,3
DA:60,3
DA:61,3
DA:62,3
DA:63,3
DA:64,3
DA:65,3
DA:66,3
DA:67,3
DA:68,3
DA:69,3
DA:70,3
DA:71,3
DA:72,3
DA:73,3
DA:74,3
DA:75,3
DA:76,3
DA:77,3
DA:78,3
DA:79,3
DA:80,3
DA:81,3
DA:82,3
DA:83,3
DA:84,3
DA:85,3
DA:86,3
DA:87,3
DA:88,3
DA:89,3
DA:90,3
DA:91,3
DA:92,3
DA:93,166
DA:94,166
DA:95,0
DA:96,0
DA:97,0
DA:98,0
DA:99,0
DA:100,0
DA:101,0
DA:102,0
DA:103,0
DA:104,0
DA:105,166
DA:106,166
DA:107,0
DA:108,0
DA:109,0
DA:110,0
DA:111,0
DA:112,0
DA:113,0
DA:114,0
DA:115,0
DA:116,0
DA:117,166
DA:118,166
DA:119,22
DA:120,22
DA:121,1
DA:122,1
DA:123,3
DA:124,22
DA:125,0
DA:126,0
DA:127,3
DA:128,3
DA:129,22
DA:130,166
DA:131,21
DA:132,21
DA:133,21
DA:134,21
DA:135,21
DA:136,21
DA:137,21
DA:138,0
DA:139,21
DA:140,21
DA:141,21
DA:142,21
DA:143,21
DA:144,21
DA:145,21
DA:146,21
DA:147,21
DA:148,21
DA:149,21
DA:150,21
DA:151,21
DA:152,21
DA:153,21
DA:154,21
DA:155,21
DA:156,21
DA:157,21
DA:158,21
DA:159,21
DA:160,21
DA:161,166
DA:162,52
DA:163,52
DA:164,52
DA:165,166
DA:166,59
DA:167,59
DA:168,59
DA:169,166
DA:170,110
DA:171,110
DA:172,0
DA:173,0
DA:174,110
DA:175,110
DA:176,110
DA:177,110
DA:178,110
DA:179,0
DA:180,0
DA:181,110
DA:182,110
DA:183,110
DA:184,166
DA:185,56
DA:186,56
DA:187,56
DA:188,56
DA:189,166
DA:190,13
DA:191,13
DA:192,13
DA:193,13
DA:194,45
DA:195,45
DA:196,5
DA:197,45
DA:198,28
DA:199,28
DA:200,28
DA:201,45
DA:202,13
DA:203,166
DA:204,19
DA:205,19
DA:206,19
DA:207,19
DA:208,19
DA:209,19
DA:210,4
DA:211,4
DA:212,4
DA:213,2
DA:214,2
DA:215,1
DA:216,1
DA:217,1
DA:218,1
DA:219,1
DA:220,1
DA:221,1
DA:222,1
DA:223,1
DA:224,1
DA:225,1
DA:226,1
DA:227,1
DA:228,1
DA:229,1
DA:230,2
DA:231,4
DA:232,0
DA:233,0
DA:234,0
DA:235,0
DA:236,2
DA:237,2
DA:238,4
DA:239,4
DA:240,4
DA:241,0
DA:242,0
DA:243,4
DA:244,4
DA:245,4
DA:246,2
DA:247,2
DA:248,2
DA:249,2
DA:250,4
DA:251,19
DA:252,19
DA:253,19
DA:254,166
DA:255,8
DA:256,8
DA:257,8
DA:258,8
DA:259,8
DA:260,8
DA:261,8
DA:262,166
DA:263,8
DA:264,8
DA:265,0
DA:266,0
DA:267,8
DA:268,8
DA:269,9
DA:270,0
DA:271,0
DA:272,9
DA:273,8
DA:274,166
DA:275,23
DA:276,23
DA:277,23
DA:278,15
DA:279,15
DA:280,15
DA:281,23
DA:282,23
DA:283,166
DA:284,0
DA:285,0
DA:286,0
DA:287,0
DA:288,0
DA:289,0
DA:290,0
DA:291,0
DA:292,0
DA:293,166
DA:294,8
DA:295,8
DA:296,8
DA:297,8
DA:298,19
DA:299,19
DA:300,19
DA:301,19
DA:302,19
DA:303,19
DA:304,8
DA:305,166
DA:306,2
DA:307,2
DA:308,2
DA:309,2
DA:310,2
DA:311,2
DA:312,2
DA:313,0
DA:314,0
DA:315,0
DA:316,0
DA:317,0
DA:318,2
DA:319,2
DA:320,2
DA:321,2
DA:322,2
DA:323,2
DA:324,2
DA:325,2
DA:326,2
DA:327,2
DA:328,2
DA:329,0
DA:330,0
DA:331,2
DA:332,166
DA:333,1
DA:334,1
DA:335,1
DA:336,1
DA:337,1
DA:338,0
DA:339,0
DA:340,0
DA:341,0
DA:342,0
DA:343,0
DA:344,0
DA:345,0
DA:346,0
DA:347,1
DA:348,1
DA:349,1
DA:350,1
DA:351,1
DA:352,1
DA:353,0
DA:354,0
DA:355,0
DA:356,0
DA:357,0
DA:358,0
DA:359,0
DA:360,1
DA:361,166
DA:362,1
DA:363,1
DA:364,1
DA:365,1
DA:366,166
DA:367,24
DA:368,24
DA:369,0
DA:370,0
DA:371,24
DA:372,24
DA:373,7
DA:374,7
DA:375,24
DA:376,24
DA:377,0
DA:378,0
DA:379,24
DA:380,24
DA:381,24
DA:382,46
DA:383,2
DA:384,2
DA:385,1
DA:386,1
DA:387,1
DA:388,1
DA:389,46
DA:390,24
DA:391,24
DA:392,166
DA:393,0
DA:394,0
DA:395,0
DA:396,0
DA:397,0
DA:398,0
DA:399,0
DA:400,0
DA:401,0
DA:402,0
DA:403,0
DA:404,0
DA:405,166
DA:406,43
DA:407,43
DA:408,43
DA:409,43
DA:410,43
DA:411,43
DA:412,43
DA:413,43
DA:414,0
DA:415,0
DA:416,43
DA:417,166
DA:418,17
DA:419,17
DA:420,0
DA:421,0
DA:422,17
DA:423,17
DA:424,17
DA:425,17
DA:426,17
DA:427,17
DA:428,0
DA:429,17
DA:430,17
DA:431,0
DA:432,0
DA:433,17
DA:434,17
DA:435,17
DA:436,17
DA:437,17
DA:438,17
DA:439,166
DA:440,0
DA:441,0
DA:442,0
DA:443,0
DA:444,0
DA:445,0
DA:446,0
DA:447,0
DA:448,0
DA:449,0
DA:450,0
DA:451,0
DA:452,166
DA:453,3
DA:454,3
DA:455,3
DA:456,3
DA:457,3
DA:458,3
DA:459,3
DA:460,3
DA:461,166
DA:462,15
DA:463,15
DA:464,0
DA:465,0
DA:466,15
DA:467,15
DA:468,15
DA:469,15
DA:470,15
DA:471,15
DA:472,19
DA:473,19
DA:474,0
DA:475,0
DA:476,19
DA:477,19
DA:478,19
DA:479,19
DA:480,0
DA:481,0
DA:482,19
DA:483,19
DA:484,15
DA:485,15
DA:486,0
DA:487,0
DA:488,15
DA:489,15
DA:490,166
DA:491,0
DA:492,0
DA:493,0
DA:494,0
DA:495,0
DA:496,166
DA:497,5
DA:498,5
DA:499,5
DA:500,166
DA:501,15
DA:502,15
DA:503,15
DA:504,1
DA:505,1
DA:506,1
DA:507,1
DA:508,0
DA:509,0
DA:510,0
DA:511,0
DA:512,0
DA:513,0
DA:514,0
DA:515,0
DA:516,0
DA:517,0
DA:518,0
DA:519,0
DA:520,0
DA:521,1
DA:522,1
DA:523,1
DA:524,1
DA:525,1
DA:526,1
DA:527,1
DA:528,1
DA:529,1
DA:530,1
DA:531,1
DA:532,1
DA:533,1
DA:534,1
DA:535,1
DA:536,15
DA:537,15
DA:538,15
DA:539,166
DA:540,8
DA:541,8
DA:542,8
DA:543,8
DA:544,0
DA:545,0
DA:546,0
DA:547,0
DA:548,0
DA:549,8
DA:550,8
DA:551,8
DA:552,8
DA:553,166
DA:554,1
DA:555,1
DA:556,1
DA:557,0
DA:558,0
DA:559,1
DA:560,1
DA:561,0
DA:562,0
DA:563,0
DA:564,0
DA:565,0
DA:566,0
DA:567,1
DA:568,1
DA:569,1
DA:570,1
DA:571,0
DA:572,1
DA:573,166
DA:574,5
DA:575,5
DA:576,5
DA:577,5
DA:578,5
DA:579,5
DA:580,5
DA:581,0
DA:582,0
DA:583,5
DA:584,0
DA:585,0
DA:586,5
DA:587,5
DA:588,166
DA:589,1
DA:590,1
DA:591,0
DA:592,0
DA:593,1
DA:594,1
DA:595,1
DA:596,0
DA:597,0
DA:598,1
DA:599,0
DA:600,0
DA:601,1
DA:602,2
DA:603,2
DA:604,2
DA:605,0
DA:606,0
DA:607,1
DA:608,166
DA:609,15
DA:610,15
DA:611,15
DA:612,15
DA:613,15
DA:614,15
DA:615,15
DA:616,0
DA:617,0
DA:618,0
DA:619,0
DA:620,0
DA:621,0
DA:622,0
DA:623,0
DA:624,15
DA:625,15
DA:626,15
DA:627,15
DA:628,15
DA:629,166
DA:630,25
DA:631,25
DA:632,25
DA:633,3
DA:634,3
DA:635,3
DA:636,3
DA:637,3
DA:638,3
DA:639,3
DA:640,25
DA:641,25
DA:642,0
DA:643,0
DA:644,0
DA:645,0
DA:646,0
DA:647,25
[...]
DA:258,3
DA:259,3
DA:260,3
DA:261,4
DA:262,0
DA:263,0
DA:264,0
DA:265,0
DA:266,0
DA:267,3
DA:268,3
DA:269,3
DA:270,3
DA:271,3
DA:272,4
DA:273,0
DA:274,0
DA:275,0
DA:276,0
DA:277,0
DA:278,3
DA:279,3
DA:280,4
DA:281,0
DA:282,0
DA:283,0
DA:284,0
DA:285,0
DA:286,3
DA:287,3
DA:288,3
DA:289,3
DA:290,3
DA:291,4
DA:292,1
DA:293,1
DA:294,1
DA:295,1
DA:296,1
DA:297,1
DA:298,1
DA:299,1
DA:300,1
DA:301,2
DA:302,2
DA:303,2
DA:304,2
DA:305,1
DA:306,1
DA:307,1
DA:308,0
DA:309,0
DA:310,0
DA:311,0
DA:312,0
DA:313,0
DA:314,1
DA:315,1
DA:316,1
DA:317,1
DA:318,1
DA:319,1
DA:320,1
DA:321,1
DA:322,1
DA:323,1
DA:324,1
DA:325,4
DA:326,3
DA:327,3
DA:328,3
DA:329,3
DA:330,0
DA:331,0
DA:332,0
DA:333,0
DA:334,0
DA:335,0
DA:336,0
DA:337,4
DA:338,67
DA:339,67
DA:340,67
DA:341,67
DA:342,67
DA:343,67
DA:344,2
DA:345,2
DA:346,2
DA:347,0
DA:348,0
DA:349,2
DA:350,2
DA:351,2
DA:352,2
DA:353,6
DA:354,1
DA:355,1
DA:356,6
DA:357,1
DA:358,1
DA:359,2
DA:360,0
DA:361,0
DA:362,1
DA:363,1
DA:364,1
DA:365,1
DA:366,1
DA:367,1
DA:368,1
DA:369,1
DA:370,1
DA:371,1
DA:372,1
DA:373,1
DA:374,2
DA:375,0
DA:376,0
DA:377,1
DA:378,1
DA:379,1
DA:380,1
DA:381,1
DA:382,1
DA:383,2
DA:384,2
DA:385,1
DA:386,1
DA:387,1
DA:388,2
DA:389,67
DA:390,67
DA:391,67
DA:392,67
DA:393,67
DA:394,67
DA:395,1
DA:396,0
DA:397,0
DA:398,1
DA:399,1
DA:400,1
DA:401,4
DA:402,0
DA:403,0
DA:404,4
DA:405,1
DA:406,1
DA:407,1
DA:408,1
DA:409,0
DA:410,0
DA:411,1
DA:412,1
DA:413,1
DA:414,1
DA:415,0
DA:416,0
DA:417,1
DA:418,1
DA:419,1
DA:420,0
DA:421,0
DA:422,1
DA:423,67
DA:424,67
DA:425,67
DA:426,67
DA:427,67
DA:428,67
DA:429,1
DA:430,0
DA:431,0
DA:432,1
DA:433,1
DA:434,1
DA:435,1
DA:436,1
DA:437,1
DA:438,1
DA:439,1
DA:440,1
DA:441,1
DA:442,0
DA:443,0
DA:444,1
DA:445,1
DA:446,1
DA:447,0
DA:448,0
DA:449,1
DA:450,1
DA:451,1
DA:452,0
DA:453,0
DA:454,1
DA:455,1
DA:456,1
DA:457,0
DA:458,0
DA:459,1
DA:460,1
DA:461,1
DA:462,0
DA:463,0
DA:464,1
DA:465,1
DA:466,1
DA:467,0
DA:468,0
DA:469,1
DA:470,1
DA:471,1
DA:472,0
DA:473,0
DA:474,0
DA:475,0
DA:476,1
DA:477,1
DA:478,67
DA:479,67
DA:480,67
DA:481,67
DA:482,67
DA:483,67
DA:484,1
DA:485,0
DA:486,0
DA:487,1
DA:488,1
DA:489,1
DA:490,1
DA:491,0
DA:492,0
DA:493,1
DA:494,1
DA:495,1
DA:496,0
DA:497,0
DA:498,1
DA:499,1
DA:500,0
DA:501,0
DA:502,1
DA:503,1
DA:504,67
DA:505,67
DA:506,67
DA:507,67
DA:508,67
DA:509,67
DA:510,67
DA:511,3
DA:512,3
DA:513,3
DA:514,3
DA:515,0
DA:516,0
DA:517,3
DA:518,3
DA:519,3
DA:520,6
DA:521,6
DA:522,6
DA:523,6
DA:524,6
DA:525,6
DA:526,3
DA:527,3
DA:528,3
DA:529,3
DA:530,3
DA:531,3
DA:532,3
DA:533,3
DA:534,1
DA:535,1
DA:536,2
DA:537,2
DA:538,2
DA:539,3
DA:540,0
DA:541,0
DA:542,2
DA:543,2
DA:544,3
DA:545,0
DA:546,0
DA:547,2
DA:548,2
DA:549,2
DA:550,3
DA:551,0
DA:552,0
DA:553,0
DA:554,0
DA:555,3
DA:556,67
DA:557,67
DA:558,67
DA:559,67
DA:560,67
DA:561,67
DA:562,67
DA:563,0
DA:564,0
DA:565,0
DA:566,0
DA:567,0
DA:568,0
DA:569,0
DA:570,0
DA:571,0
DA:572,0
DA:573,0
DA:574,0
DA:575,0
DA:576,0
DA:577,0
DA:578,0
DA:579,0
DA:580,0
DA:581,67
DA:582,67
DA:583,67
DA:584,67
DA:585,67
DA:586,67
DA:587,67
DA:588,67
DA:589,3
DA:590,3
DA:591,3
DA:592,3
DA:593,3
DA:594,3
DA:595,2
DA:596,2
DA:597,2
DA:598,2
DA:599,2
DA:600,2
DA:601,3
DA:602,3
DA:603,3
DA:604,2
DA:605,2
DA:606,2
DA:607,1
DA:608,1
DA:609,1
DA:610,2
DA:611,2
DA:612,2
DA:613,2
DA:614,2
DA:615,1
DA:616,1
DA:617,1
DA:618,2
DA:619,3
DA:620,3
DA:621,3
DA:622,3
DA:623,3
DA:624,3
DA:625,3
DA:626,3
DA:627,3
DA:628,3
DA:629,3
DA:630,3
DA:631,3
DA:632,0
DA:633,0
DA:634,3
DA:635,67
DA:636,67
DA:637,67
DA:638,67
DA:639,67
DA:640,67
DA:641,67
DA:642,67
DA:643,9
DA:644,0
DA:645,0
DA:646,9
DA:647,9
DA:648,9
DA:649,9
DA:650,9
DA:651,27
DA:652,99
DA:653,99
DA:654,6
DA:655,6
DA:656,6
DA:657,5
DA:658,5
DA:659,6
DA:660,5
DA:661,5
DA:662,6
DA:663,6
DA:664,6
DA:665,6
DA:666,6
DA:667,99
DA:668,27
DA:669,9
DA:670,9
DA:671,9
DA:672,67
DA:673,67
DA:674,67
DA:675,67
DA:676,67
DA:677,67
DA:678,5
DA:679,5
DA:680,5
DA:681,1
DA:682,5
DA:683,5
DA:684,4
DA:685,4
DA:686,4
DA:687,5
DA:688,67
DA:689,67
DA:690,67
DA:691,67
DA:692,67
DA:693,67
DA:694,67
DA:695,0
DA:696,0
DA:697,0
DA:698,0
DA:699,0
DA:700,0
DA:701,0
DA:702,67
DA:703,67
DA:704,67
DA:705,67
DA:706,67
DA:707,67
DA:708,67
DA:709,6
DA:710,6
DA:711,5
DA:712,6
DA:713,1
DA:714,1
DA:715,6
DA:716,67
DA:717,67
DA:718,67
DA:719,67
DA:720,67
DA:721,67
DA:722,67
DA:723,1
DA:724,1
DA:725,1
DA:726,1
DA:727,1
DA:728,1
DA:729,1
DA:730,1
DA:731,1
DA:732,1
DA:733,1
DA:734,1
DA:735,1
DA:736,1
DA:737,1
DA:738,0
DA:739,0
DA:740,1
DA:741,1
DA:742,1
DA:743,67
DA:744,67
DA:745,67
DA:746,67
DA:747,67
DA:748,67
DA:749,67
DA:750,3
DA:751,3
DA:752,3
DA:753,3
DA:754,3
DA:755,3
DA:756,3
DA:757,0
DA:758,0
DA:759,3
DA:760,3
DA:761,3
DA:762,3
DA:763,0
DA:764,0
DA:765,3
DA:766,3
DA:767,3
DA:768,4
DA:769,4
DA:770,2
DA:771,3
DA:772,3
DA:773,3
DA:774,1
DA:775,1
DA:776,3
DA:777,3
DA:778,3
DA:779,3
DA:780,2
DA:781,2
DA:782,3
DA:783,3
DA:784,3
DA:785,3
DA:786,3
DA:787,3
DA:788,3
DA:789,3
DA:790,0
DA:791,0
DA:792,0
DA:793,0
DA:794,0
DA:795,0
DA:796,3
DA:797,67
DA:798,67
DA:799,67
LH:659
LF:799
end_of_record
SF:tmp/make-template/src/lib/utils/errors.js
FN:13,MakeTemplateError
FN:25,RestorationError
FN:35,undoLogNotFound
FN:56,undoLogCorrupted
FN:78,versionMismatch
FN:99,restorationConflict
FN:120,missingValues
FN:142,partialFailure
FNDA:4,MakeTemplateError
FNDA:4,RestorationError
FNDA:1,undoLogNotFound
FNDA:2,undoLogCorrupted
FNDA:0,versionMismatch
FNDA:0,restorationConflict
FNDA:0,missingValues
FNDA:0,partialFailure
FNF:8
FNH:4
BRDA:1,0,0,69
BRDA:13,1,0,4
BRDA:25,2,0,4
BRDA:35,3,0,1
BRDA:56,4,0,2
BRF:5
BRH:5
DA:1,69
DA:2,69
DA:3,69
DA:4,69
DA:5,69
DA:6,69
DA:7,69
DA:8,69
DA:9,69
DA:10,69
DA:11,69
DA:12,69
DA:13,69
DA:14,4
DA:15,4
DA:16,4
DA:17,4
DA:18,4
DA:19,69
DA:20,69
DA:21,69
DA:22,69
DA:23,69
DA:24,69
DA:25,69
DA:26,4
DA:27,4
DA:28,4
DA:29,69
DA:30,69
DA:31,69
DA:32,69
DA:33,69
DA:34,69
DA:35,69
DA:36,1
DA:37,1
DA:38,1
DA:39,1
DA:40,1
DA:41,1
DA:42,1
DA:43,1
DA:44,1
DA:45,1
DA:46,1
DA:47,1
DA:48,1
DA:49,69
DA:50,69
DA:51,69
DA:52,69
DA:53,69
DA:54,69
DA:55,69
DA:56,69
DA:57,2
DA:58,2
DA:59,2
DA:60,2
DA:61,2
DA:62,2
DA:63,2
DA:64,2
DA:65,2
DA:66,2
DA:67,2
DA:68,2
DA:69,2
DA:70,2
DA:71,69
DA:72,69
DA:73,69
DA:74,69
DA:75,69
DA:76,69
DA:77,69
DA:78,69
DA:79,0
DA:80,0
DA:81,0
DA:82,0
DA:83,0
DA:84,0
DA:85,0
DA:86,0
DA:87,0
DA:88,0
DA:89,0
DA:90,0
DA:91,0
DA:92,0
DA:93,69
DA:94,69
DA:95,69
DA:96,69
DA:97,69
DA:98,69
DA:99,69
DA:100,0
DA:101,0
DA:102,0
DA:103,0
DA:104,0
DA:105,0
DA:106,0
DA:107,0
DA:108,0
DA:109,0
DA:110,0
DA:111,0
DA:112,0
DA:113,0
DA:114,69
DA:115,69
DA:116,69
DA:117,69
DA:118,69
DA:119,69
DA:120,69
DA:121,0
DA:122,0
DA:123,0
DA:124,0
DA:125,0
DA:126,0
DA:127,0
DA:128,0
DA:129,0
DA:130,0
DA:131,0
DA:132,0
DA:133,0
DA:134,0
DA:135,69
DA:136,69
DA:137,69
DA:138,69
DA:139,69
DA:140,69
DA:141,69
DA:142,69
DA:143,0
DA:144,0
DA:145,0
DA:146,0
DA:147,0
DA:148,0
DA:149,0
DA:150,0
DA:151,0
DA:152,0
DA:153,0
DA:154,0
DA:155,0
DA:156,0
DA:157,0
DA:158,69
LH:101
LF:158
end_of_record
SF:tmp/make-template/src/lib/utils/file-categorizer.js
FN:13,FileCategorizer
FN:130,categorizeFile
FN:199,matchesCategory
FN:218,matchesPattern
FN:254,shouldStoreContent
FN:287,getDefaultAction
FN:304,getWarnings
FN:323,formatFileSize
FN:336,categorizeFiles
FN:365,getCategorySummary
FN:401,addCustomRules
FN:432,validateRules
FNDA:40,FileCategorizer
FNDA:7,categorizeFile
FNDA:45,matchesCategory
FNDA:55,matchesPattern
FNDA:9,shouldStoreContent
FNDA:7,getDefaultAction
FNDA:5,getWarnings
FNDA:6,formatFileSize
FNDA:0,categorizeFiles
FNDA:0,getCategorySummary
FNDA:2,addCustomRules
FNDA:50,validateRules
FNF:12
FNH:10
BRDA:1,0,0,68
BRDA:13,1,0,40
BRDA:130,2,0,3
BRDA:138,3,0,7
BRDA:141,4,0,3
BRDA:156,5,0,2
BRDA:157,6,0,1
BRDA:158,7,0,1
BRDA:163,8,0,0
BRDA:186,9,0,1
BRDA:199,10,0,15
BRDA:202,11,0,45
BRDA:203,12,0,11
BRDA:206,13,0,4
BRDA:200,14,0,1
BRDA:200,15,0,7
BRDA:218,16,0,55
BRDA:220,17,0,43
BRDA:220,18,0,12
BRDA:222,19,0,43
BRDA:228,20,0,41
BRDA:234,21,0,35
BRDA:240,22,0,35
BRDA:225,23,0,2
BRDA:231,24,0,6
BRDA:233,25,0,2
BRDA:237,26,0,0
BRDA:254,27,0,9
BRDA:270,28,0,2
BRDA:272,29,0,4
BRDA:277,30,0,2
BRDA:256,31,0,1
BRDA:258,32,0,5
BRDA:261,33,0,1
BRDA:263,34,0,4
BRDA:265,35,0,1
BRDA:267,36,0,3
BRDA:275,37,0,1
BRDA:287,38,0,7
BRDA:295,39,0,1
BRDA:304,40,0,5
BRDA:307,41,0,2
BRDA:307,42,0,1
BRDA:311,43,0,1
BRDA:323,44,0,6
BRDA:324,45,0,1
BRDA:324,46,0,5
BRDA:325,47,0,1
BRDA:325,48,0,4
BRDA:326,49,0,3
BRDA:326,50,0,1
BRDA:401,51,0,2
BRDA:402,52,0,1
BRDA:415,53,0,0
BRDA:419,54,0,1
BRDA:423,55,0,1
BRDA:432,56,0,1
BRDA:437,57,0,4
BRDA:440,58,0,50
BRDA:441,59,0,0
BRF:60
BRH:56
DA:1,68
DA:2,68
DA:3,68
DA:4,68
DA:5,68
DA:6,68
DA:7,68
DA:8,68
DA:9,68
DA:10,68
DA:11,68
DA:12,68
DA:13,68
DA:14,40
DA:15,40
DA:16,40
DA:17,40
DA:18,40
DA:19,40
DA:20,40
DA:21,40
DA:22,40
DA:23,40
DA:24,40
DA:25,40
DA:26,40
DA:27,40
DA:28,40
DA:29,40
DA:30,40
DA:31,40
DA:32,40
DA:33,40
DA:34,40
DA:35,40
DA:36,40
DA:37,40
DA:38,40
DA:39,40
DA:40,40
DA:41,40
DA:42,40
DA:43,40
DA:44,40
DA:45,40
DA:46,40
DA:47,40
DA:48,40
DA:49,40
DA:50,40
DA:51,40
DA:52,40
DA:53,40
DA:54,40
DA:55,40
DA:56,40
DA:57,40
DA:58,40
DA:59,40
DA:60,40
DA:61,40
DA:62,40
DA:63,40
DA:64,40
DA:65,40
DA:66,40
DA:67,40
DA:68,40
DA:69,40
DA:70,40
DA:71,40
DA:72,40
DA:73,40
DA:74,40
DA:75,40
DA:76,40
DA:77,40
DA:78,40
DA:79,40
DA:80,40
DA:81,40
DA:82,40
DA:83,40
DA:84,40
DA:85,40
DA:86,40
DA:87,40
DA:88,40
DA:89,40
DA:90,40
DA:91,40
DA:92,40
DA:93,40
DA:94,40
DA:95,40
DA:96,40
DA:97,40
DA:98,40
DA:99,40
DA:100,40
DA:101,40
DA:102,40
DA:103,40
DA:104,40
DA:105,40
DA:106,40
DA:107,40
DA:108,40
DA:109,40
DA:110,40
DA:111,40
DA:112,40
DA:113,40
DA:114,40
DA:115,40
DA:116,40
DA:117,40
DA:118,40
DA:119,40
DA:120,40
DA:121,40
DA:122,40
DA:123,68
DA:124,68
DA:125,68
DA:126,68
DA:127,68
DA:128,68
DA:129,68
DA:130,68
DA:131,3
DA:132,3
DA:133,3
DA:134,3
DA:135,3
DA:136,3
DA:137,3
DA:138,3
DA:139,7
DA:140,7
DA:141,7
DA:142,3
DA:143,3
DA:144,3
DA:145,3
DA:146,3
DA:147,3
DA:148,3
DA:149,3
DA:150,3
DA:151,3
DA:152,3
DA:153,3
DA:154,3
DA:155,3
DA:156,3
DA:157,3
DA:158,3
DA:159,3
DA:160,3
DA:161,3
DA:162,3
DA:163,7
DA:164,0
DA:165,0
DA:166,0
DA:167,0
DA:168,0
DA:169,0
DA:170,0
DA:171,0
DA:172,0
DA:173,0
DA:174,0
DA:175,0
DA:176,0
DA:177,0
DA:178,0
DA:179,0
DA:180,0
DA:181,0
DA:182,0
DA:183,0
DA:184,0
DA:185,0
DA:186,3
DA:187,1
DA:188,1
DA:189,3
DA:190,68
DA:191,68
DA:192,68
DA:193,68
DA:194,68
DA:195,68
DA:196,68
DA:197,68
DA:198,68
DA:199,68
DA:200,15
DA:201,15
DA:202,15
DA:203,45
DA:204,11
DA:205,11
DA:206,45
DA:207,4
DA:208,4
DA:209,15
DA:210,68
DA:211,68
DA:212,68
DA:213,68
DA:214,68
DA:215,68
DA:216,68
DA:217,68
DA:218,68
DA:219,55
DA:220,55
DA:221,12
DA:222,12
DA:223,43
DA:224,43
DA:225,55
DA:226,2
DA:227,2
DA:228,2
DA:229,41
DA:230,41
DA:231,55
DA:232,6
DA:233,6
DA:234,6
DA:235,35
DA:236,35
DA:237,55
DA:238,0
DA:239,0
DA:240,0
DA:241,35
DA:242,35
DA:243,35
DA:244,55
DA:245,68
DA:246,68
DA:247,68
DA:248,68
DA:249,68
DA:250,68
DA:251,68
DA:252,68
DA:253,68
DA:254,68
DA:255,9
DA:256,9
DA:257,1
DA:258,1
DA:259,5
DA:260,5
DA:261,9
DA:262,1
DA:263,1
DA:264,4
DA:265,9
DA:266,1
DA:267,1
DA:268,3
DA:269,3
DA:270,9
DA:271,2
DA:272,2
DA:273,4
DA:274,4
DA:275,9
DA:276,1
DA:277,1
DA:278,1
DA:279,1
DA:280,9
DA:281,68
DA:282,68
DA:283,68
DA:284,68
DA:285,68
DA:286,68
DA:287,68
DA:288,7
DA:289,7
DA:290,7
DA:291,7
DA:292,7
DA:293,7
DA:294,7
DA:295,7
DA:296,7
DA:297,68
DA:298,68
DA:299,68
DA:300,68
DA:301,68
DA:302,68
DA:303,68
DA:304,68
DA:305,5
DA:306,5
DA:307,5
DA:308,1
DA:309,1
DA:310,5
DA:311,5
DA:312,1
DA:313,1
DA:314,5
DA:315,5
DA:316,5
DA:317,68
DA:318,68
DA:319,68
DA:320,68
DA:321,68
DA:322,68
DA:323,68
DA:324,6
DA:325,6
DA:326,6
DA:327,1
DA:328,6
DA:329,68
DA:330,68
DA:331,68
DA:332,68
DA:333,68
DA:334,68
DA:335,68
DA:336,68
DA:337,0
DA:338,0
DA:339,0
DA:340,0
DA:341,0
DA:342,0
DA:343,0
DA:344,0
DA:345,0
DA:346,0
DA:347,0
DA:348,0
DA:349,0
DA:350,0
DA:351,0
DA:352,0
DA:353,0
DA:354,0
DA:355,0
DA:356,0
DA:357,0
DA:358,0
DA:359,68
DA:360,68
DA:361,68
DA:362,68
DA:363,68
DA:364,68
DA:365,68
DA:366,0
DA:367,0
DA:368,0
DA:369,0
DA:370,0
DA:371,0
DA:372,0
DA:373,0
DA:374,0
DA:375,0
DA:376,0
DA:377,0
DA:378,0
DA:379,0
DA:380,0
DA:381,0
DA:382,0
DA:383,0
DA:384,0
DA:385,0
DA:386,0
DA:387,0
DA:388,0
DA:389,0
DA:390,0
DA:391,0
DA:392,0
DA:393,0
DA:394,0
DA:395,68
DA:396,68
DA:397,68
DA:398,68
DA:399,68
DA:400,68
DA:401,68
DA:402,2
DA:403,1
DA:404,1
DA:405,1
DA:406,1
DA:407,1
DA:408,1
DA:409,1
DA:410,2
DA:411,2
DA:412,2
DA:413,2
DA:414,2
DA:415,2
DA:416,0
DA:417,0
DA:418,2
DA:419,2
DA:420,1
DA:421,1
DA:422,2
DA:423,2
DA:424,1
DA:425,1
DA:426,2
DA:427,68
DA:428,68
DA:429,68
DA:430,68
DA:431,68
DA:432,68
DA:433,1
DA:434,1
DA:435,1
DA:436,1
DA:437,1
DA:438,4
DA:439,4
DA:440,4
DA:441,50
DA:442,0
DA:443,50
DA:444,50
DA:445,50
DA:446,50
DA:447,4
DA:448,1
DA:449,1
DA:450,1
DA:451,1
DA:452,1
DA:453,1
DA:454,68
DA:455,68
DA:456,68
LH:377
LF:456
end_of_record
SF:tmp/make-template/src/lib/utils/fixture-safety.js
FN:8,readFileAsText
FN:20,detectTopLevelSideEffects
FN:71,hasSetupExport
FNDA:0,readFileAsText
FNDA:0,detectTopLevelSideEffects
FNDA:0,hasSetupExport
FNF:3
FNH:0
BRDA:1,0,0,67
BRF:1
BRH:1
DA:1,67
DA:2,67
DA:3,67
DA:4,67
DA:5,67
DA:6,67
DA:7,67
DA:8,67
DA:9,0
DA:10,0
DA:11,0
DA:12,0
DA:13,0
DA:14,0
DA:15,0
DA:16,67
DA:17,67
DA:18,67
DA:19,67
DA:20,67
DA:21,0
DA:22,0
DA:23,0
DA:24,0
DA:25,0
DA:26,0
DA:27,0
DA:28,0
DA:29,0
DA:30,0
DA:31,0
DA:32,0
DA:33,0
DA:34,0
DA:35,0
DA:36,0
DA:37,0
DA:38,0
DA:39,0
DA:40,0
DA:41,0
DA:42,0
DA:43,0
DA:44,0
DA:45,0
DA:46,0
DA:47,0
DA:48,0
DA:49,0
DA:50,0
DA:51,0
DA:52,0
DA:53,0
DA:54,0
DA:55,0
DA:56,0
DA:57,0
DA:58,0
DA:59,0
DA:60,0
DA:61,0
DA:62,0
DA:63,0
DA:64,0
DA:65,0
DA:66,0
DA:67,0
DA:68,0
DA:69,67
DA:70,67
DA:71,67
DA:72,0
DA:73,0
DA:74,0
LH:16
LF:74
end_of_record
SF:tmp/make-template/src/lib/utils/fs-utils.js
FN:18,ensureDir
FN:42,writeFileAtomic
FN:81,exists
FN:96,readFile
FN:121,remove
FN:146,copyFile
FN:174,stat
FN:195,readdir
FNDA:65,ensureDir
FNDA:36,writeFileAtomic
FNDA:44,exists
FNDA:17,readFile
FNDA:19,remove
FNDA:13,copyFile
FNDA:3,stat
FNDA:0,readdir
FNF:8
FNH:7
BRDA:1,0,0,73
BRDA:18,1,0,65
BRDA:21,2,0,0
BRDA:42,3,0,36
BRDA:48,4,0,0
BRDA:56,5,0,0
BRDA:81,6,0,44
BRDA:83,7,0,29
BRDA:85,8,0,14
BRDA:96,9,0,17
BRDA:100,10,0,0
BRDA:121,11,0,19
BRDA:125,12,0,0
BRDA:146,13,0,13
BRDA:152,14,0,11
BRDA:153,15,0,2
BRDA:156,16,0,0
BRDA:174,17,0,3
BRDA:178,18,0,0
BRF:19
BRH:12
DA:1,73
DA:2,73
DA:3,73
DA:4,73
DA:5,73
DA:6,73
DA:7,73
DA:8,73
DA:9,73
DA:10,73
DA:11,73
DA:12,73
DA:13,73
DA:14,73
DA:15,73
DA:16,73
DA:17,73
DA:18,73
DA:19,65
DA:20,65
DA:21,65
DA:22,0
DA:23,0
DA:24,0
DA:25,0
DA:26,0
DA:27,0
DA:28,0
DA:29,0
DA:30,0
DA:31,0
DA:32,0
DA:33,0
DA:34,65
DA:35,73
DA:36,73
DA:37,73
DA:38,73
DA:39,73
DA:40,73
DA:41,73
DA:42,73
DA:43,36
DA:44,36
DA:45,36
DA:46,36
DA:47,36
DA:48,36
DA:49,0
DA:50,0
DA:51,36
DA:52,36
DA:53,36
DA:54,36
DA:55,36
DA:56,36
DA:57,0
DA:58,0
DA:59,0
DA:60,0
DA:61,0
DA:62,0
DA:63,0
DA:64,0
DA:65,0
DA:66,0
DA:67,0
DA:68,0
DA:69,0
DA:70,0
DA:71,0
DA:72,0
DA:73,0
DA:74,36
DA:75,73
DA:76,73
DA:77,73
DA:78,73
DA:79,73
DA:80,73
DA:81,73
DA:82,44
DA:83,44
DA:84,29
DA:85,44
DA:86,14
DA:87,14
DA:88,44
DA:89,73
DA:90,73
DA:91,73
DA:92,73
DA:93,73
DA:94,73
DA:95,73
DA:96,73
DA:97,17
DA:98,17
DA:99,17
DA:100,17
DA:101,0
DA:102,0
DA:103,0
DA:104,0
DA:105,0
DA:106,0
DA:107,0
DA:108,0
DA:109,0
DA:110,0
DA:111,0
DA:112,0
DA:113,17
DA:114,73
DA:115,73
DA:116,73
DA:117,73
DA:118,73
DA:119,73
DA:120,73
DA:121,73
DA:122,19
DA:123,19
DA:124,19
DA:125,19
DA:126,0
DA:127,0
DA:128,0
DA:129,0
DA:130,0
DA:131,0
DA:132,0
DA:133,0
DA:134,0
DA:135,0
DA:136,0
DA:137,0
DA:138,19
DA:139,73
DA:140,73
DA:141,73
DA:142,73
DA:143,73
DA:144,73
DA:145,73
DA:146,73
DA:147,13
DA:148,13
DA:149,13
DA:150,13
DA:151,13
DA:152,13
DA:153,13
DA:154,2
DA:155,2
DA:156,2
DA:157,0
DA:158,0
DA:159,0
DA:160,0
DA:161,0
DA:162,0
DA:163,0
DA:164,0
DA:165,2
DA:166,13
DA:167,73
DA:168,73
DA:169,73
DA:170,73
DA:171,73
DA:172,73
DA:173,73
DA:174,73
DA:175,3
DA:176,3
DA:177,3
DA:178,3
DA:179,0
DA:180,0
DA:181,0
DA:182,0
DA:183,0
DA:184,0
DA:185,0
DA:186,0
DA:187,3
DA:188,73
DA:189,73
DA:190,73
DA:191,73
DA:192,73
DA:193,73
DA:194,73
DA:195,73
DA:196,0
DA:197,0
DA:198,0
DA:199,0
DA:200,0
DA:201,0
DA:202,0
DA:203,0
DA:204,0
DA:205,0
DA:206,0
DA:207,0
DA:208,0
DA:209,0
DA:210,0
DA:211,73
DA:212,73
DA:213,73
LH:127
LF:213
end_of_record
SF:tmp/make-template/src/lib/utils/logger.js
FN:11,Logger
FN:26,error
FN:37,warn
FN:48,info
FN:59,debug
FN:70,success
FN:81,fatal
FN:94,validationError
FN:110,filesystemError
FN:137,_serializeArgs
FN:166,missingDependencies
FN:198,progress
FN:209,complete
FN:218,dryRun
FN:228,confirm
FN:239,child
FN:258,setLevel
FN:138,anonymous_17
FNDA:34,Logger
FNDA:5,error
FNDA:8,warn
FNDA:63,info
FNDA:0,debug
FNDA:7,success
FNDA:0,fatal
FNDA:0,validationError
FNDA:0,filesystemError
FNDA:31,_serializeArgs
FNDA:0,missingDependencies
FNDA:0,progress
FNDA:0,complete
FNDA:0,dryRun
FNDA:0,confirm
FNDA:0,child
FNDA:14,setLevel
FNDA:0,anonymous_17
FNF:18
FNH:7
BRDA:1,0,0,69
BRDA:11,1,0,34
BRDA:26,2,0,5
BRDA:37,3,0,8
BRDA:48,4,0,63
BRDA:70,5,0,7
BRDA:137,6,0,31
BRDA:258,7,0,14
BRDA:261,8,0,0
BRF:9
BRH:8
DA:1,69
DA:2,69
DA:3,69
DA:4,69
DA:5,69
DA:6,69
DA:7,69
DA:8,69
DA:9,69
DA:10,69
DA:11,69
DA:12,34
DA:13,34
DA:14,34
DA:15,34
DA:16,34
DA:17,34
DA:18,34
DA:19,34
DA:20,69
DA:21,69
DA:22,69
DA:23,69
DA:24,69
DA:25,69
DA:26,69
DA:27,5
DA:28,5
DA:29,5
DA:30,5
DA:31,69
DA:32,69
DA:33,69
DA:34,69
DA:35,69
DA:36,69
DA:37,69
DA:38,8
DA:39,8
DA:40,8
DA:41,8
DA:42,69
DA:43,69
DA:44,69
DA:45,69
DA:46,69
DA:47,69
DA:48,69
DA:49,63
DA:50,63
DA:51,63
DA:52,63
DA:53,69
DA:54,69
DA:55,69
DA:56,69
DA:57,69
DA:58,69
DA:59,69
DA:60,0
DA:61,0
DA:62,0
DA:63,0
DA:64,69
DA:65,69
DA:66,69
DA:67,69
DA:68,69
DA:69,69
DA:70,69
DA:71,7
DA:72,7
DA:73,7
DA:74,7
DA:75,69
DA:76,69
DA:77,69
DA:78,69
DA:79,69
DA:80,69
DA:81,69
DA:82,0
DA:83,0
DA:84,0
DA:85,0
DA:86,0
DA:87,0
DA:88,69
DA:89,69
DA:90,69
DA:91,69
DA:92,69
DA:93,69
DA:94,69
DA:95,0
DA:96,0
DA:97,0
DA:98,0
DA:99,0
DA:100,0
DA:101,0
DA:102,0
DA:103,69
DA:104,69
DA:105,69
DA:106,69
DA:107,69
DA:108,69
DA:109,69
DA:110,69
DA:111,0
DA:112,0
DA:113,0
DA:114,0
DA:115,0
DA:116,0
DA:117,0
DA:118,0
DA:119,0
DA:120,0
DA:121,0
DA:122,0
DA:123,0
DA:124,0
DA:125,0
DA:126,0
DA:127,0
DA:128,0
DA:129,0
DA:130,69
DA:131,69
DA:132,69
DA:133,69
DA:134,69
DA:135,69
DA:136,69
DA:137,69
DA:138,31
DA:139,0
DA:140,0
DA:141,0
DA:142,0
DA:143,0
DA:144,0
DA:145,0
DA:146,0
DA:147,0
DA:148,0
DA:149,0
DA:150,0
DA:151,0
DA:152,0
DA:153,0
DA:154,0
DA:155,0
DA:156,0
DA:157,0
DA:158,31
DA:159,31
DA:160,69
DA:161,69
DA:162,69
DA:163,69
DA:164,69
DA:165,69
DA:166,69
DA:167,0
DA:168,0
DA:169,0
DA:170,0
DA:171,0
DA:172,0
DA:173,0
DA:174,0
DA:175,0
DA:176,0
DA:177,0
DA:178,0
DA:179,0
DA:180,0
DA:181,0
DA:182,0
DA:183,0
DA:184,0
DA:185,0
DA:186,0
DA:187,0
DA:188,0
DA:189,0
DA:190,69
DA:191,69
DA:192,69
DA:193,69
DA:194,69
DA:195,69
DA:196,69
DA:197,69
DA:198,69
DA:199,0
DA:200,0
DA:201,0
DA:202,0
DA:203,0
DA:204,69
DA:205,69
DA:206,69
DA:207,69
DA:208,69
DA:209,69
DA:210,0
DA:211,0
DA:212,0
DA:213,69
DA:214,69
DA:215,69
DA:216,69
DA:217,69
DA:218,69
DA:219,0
DA:220,0
DA:221,0
DA:222,0
DA:223,69
DA:224,69
DA:225,69
DA:226,69
DA:227,69
DA:228,69
DA:229,0
DA:230,0
DA:231,0
DA:232,0
DA:233,69
DA:234,69
DA:235,69
DA:236,69
DA:237,69
DA:238,69
DA:239,69
DA:240,0
DA:241,0
DA:242,0
DA:243,0
DA:244,0
DA:245,0
DA:246,0
DA:247,0
DA:248,0
DA:249,0
DA:250,0
DA:251,0
DA:252,0
DA:253,69
DA:254,69
DA:255,69
DA:256,69
DA:257,69
DA:258,69
DA:259,14
DA:260,14
DA:261,14
DA:262,0
DA:263,0
DA:264,14
DA:265,69
DA:266,69
DA:267,69
LH:157
LF:267
end_of_record
SF:tmp/make-template/src/lib/utils/schema-validator.js
FN:18,SchemaValidator
FN:28,validateTemplate
FNDA:0,SchemaValidator
FNDA:0,validateTemplate
FNF:2
FNH:0
BRDA:1,0,0,66
BRF:1
BRH:1
DA:1,66
DA:2,66
DA:3,66
DA:4,66
DA:5,66
DA:6,66
DA:7,66
DA:8,66
DA:9,66
DA:10,66
DA:11,66
DA:12,66
DA:13,66
DA:14,66
DA:15,66
DA:16,66
DA:17,66
DA:18,66
DA:19,0
DA:20,0
DA:21,0
DA:22,66
DA:23,66
DA:24,66
DA:25,66
DA:26,66
DA:27,66
DA:28,66
DA:29,0
DA:30,0
DA:31,0
DA:32,0
DA:33,0
DA:34,0
DA:35,66
LH:26
LF:35
end_of_record
