TN:
SF:bin/create-scaffold/options-processor.mjs
FN:12,normalizeOptions
FN:43,anonymous_1
FN:124,pickCatchAllDimension
FN:138,handleOutOfRangeValue
FN:148,enforceDependencies
FN:173,enforceConflicts
FNDA:12,normalizeOptions
FNDA:11,anonymous_1
FNDA:12,pickCatchAllDimension
FNDA:1,handleOutOfRangeValue
FNDA:10,enforceDependencies
FNDA:9,enforceConflicts
FNF:6
FNH:6
BRDA:1,0,0,1
BRDA:12,1,0,12
BRDA:18,2,0,11
BRDA:19,3,0,6
BRDA:20,4,0,4
BRDA:21,5,0,5
BRDA:23,6,0,4
BRDA:24,7,0,1
BRDA:30,8,0,11
BRDA:31,9,0,8
BRDA:36,10,0,1
BRDA:39,11,0,7
BRDA:41,12,0,0
BRDA:46,13,0,1
BRDA:51,14,0,6
BRDA:53,15,0,4
BRDA:54,16,0,1
BRDA:59,17,0,3
BRDA:61,18,0,0
BRDA:64,19,0,3
BRDA:66,20,0,2
BRDA:67,21,0,0
BRDA:68,22,0,5
BRDA:69,23,0,0
BRDA:77,24,0,3
BRDA:79,25,0,0
BRDA:84,26,0,0
BRDA:88,27,0,1
BRDA:98,28,0,2
BRDA:99,29,0,0
BRDA:103,30,0,10
BRDA:109,31,0,6
BRDA:110,32,0,4
BRDA:111,33,0,0
BRDA:115,34,0,8
BRDA:43,35,0,11
BRDA:124,36,0,12
BRDA:125,37,0,2
BRDA:125,38,0,2
BRDA:127,39,0,10
BRDA:129,40,0,9
BRDA:130,41,0,3
BRDA:130,42,0,3
BRDA:133,43,0,7
BRDA:138,44,0,1
BRDA:143,45,0,0
BRDA:148,46,0,10
BRDA:149,47,0,9
BRDA:150,48,0,5
BRDA:150,49,0,8
BRDA:152,50,0,1
BRDA:155,51,0,0
BRDA:156,52,0,0
BRDA:159,53,0,1
BRDA:160,54,0,0
BRDA:168,55,0,0
BRDA:169,56,0,0
BRDA:170,57,0,9
BRDA:173,58,0,9
BRDA:174,59,0,7
BRDA:175,60,0,4
BRDA:175,61,0,6
BRDA:177,62,0,1
BRDA:180,63,0,0
BRDA:181,64,0,1
BRDA:181,65,0,0
BRDA:184,66,0,1
BRDA:185,67,0,0
BRDA:193,68,0,0
BRDA:194,69,0,0
BRDA:195,70,0,8
BRF:71
BRH:52
DA:1,1
DA:2,1
DA:3,1
DA:4,1
DA:5,1
DA:6,1
DA:7,1
DA:8,1
DA:9,1
DA:10,1
DA:11,1
DA:12,1
DA:13,12
DA:14,12
DA:15,12
DA:16,12
DA:17,12
DA:18,12
DA:19,11
DA:20,6
DA:21,11
DA:22,5
DA:23,5
DA:24,5
DA:25,5
DA:26,11
DA:27,12
DA:28,12
DA:29,12
DA:30,12
DA:31,11
DA:32,8
DA:33,8
DA:34,8
DA:35,8
DA:36,8
DA:37,1
DA:38,1
DA:39,1
DA:40,7
DA:41,8
DA:42,8
DA:43,8
DA:44,8
DA:45,8
DA:46,8
DA:47,1
DA:48,1
DA:49,1
DA:50,1
DA:51,1
DA:52,6
DA:53,8
DA:54,4
DA:55,1
DA:56,1
DA:57,1
DA:58,1
DA:59,1
DA:60,3
DA:61,4
DA:62,0
DA:63,0
DA:64,0
DA:65,3
DA:66,8
DA:67,2
DA:68,2
DA:69,5
DA:70,0
DA:71,0
DA:72,0
DA:73,5
DA:74,5
DA:75,2
DA:76,2
DA:77,11
DA:78,3
DA:79,3
DA:80,0
DA:81,0
DA:82,0
DA:83,3
DA:84,3
DA:85,0
DA:86,0
DA:87,0
DA:88,3
DA:89,1
DA:90,1
DA:91,1
DA:92,1
DA:93,1
DA:94,1
DA:95,1
DA:96,1
DA:97,1
DA:98,1
DA:99,3
DA:100,3
DA:101,3
DA:102,3
DA:103,11
DA:104,10
DA:105,10
DA:106,10
DA:107,10
DA:108,10
DA:109,12
DA:110,6
DA:111,4
DA:112,4
DA:113,4
DA:114,4
DA:115,6
DA:116,8
DA:117,8
DA:118,8
DA:119,8
DA:120,8
DA:121,8
DA:122,12
DA:123,1
DA:124,12
DA:125,12
DA:126,2
DA:127,2
DA:128,10
DA:129,12
DA:130,9
DA:131,3
DA:132,3
DA:133,9
DA:134,7
DA:135,7
DA:136,12
DA:137,1
DA:138,1
DA:139,1
DA:140,1
DA:141,1
DA:142,1
DA:143,1
DA:144,0
DA:145,0
DA:146,1
DA:147,1
DA:148,10
DA:149,10
DA:150,9
DA:151,8
DA:152,8
DA:153,1
DA:154,1
DA:155,1
DA:156,9
DA:157,9
DA:158,9
DA:159,9
DA:160,1
DA:161,1
DA:162,1
DA:163,1
DA:164,1
DA:165,1
DA:166,1
DA:167,1
DA:168,1
DA:169,0
DA:170,0
DA:171,10
DA:172,1
DA:173,9
DA:174,9
DA:175,7
DA:176,6
DA:177,6
DA:178,1
DA:179,1
DA:180,7
DA:181,7
DA:182,7
DA:183,7
DA:184,7
DA:185,1
DA:186,1
DA:187,1
DA:188,1
DA:189,1
DA:190,1
DA:191,1
DA:192,1
DA:193,1
DA:194,0
DA:195,0
DA:196,9
LH:178
LF:196
end_of_record
SF:bin/create-scaffold/template-validation.mjs
FN:11,runTemplateValidation
FN:79,formatValidationResults
FN:100,formatValidationResultsAsJson
FN:105,anonymous_3
FN:113,summarizeResults
FN:138,statusIcon
FN:149,humanizeName
FN:153,anonymous_7
FNDA:3,runTemplateValidation
FNDA:3,formatValidationResults
FNDA:1,formatValidationResultsAsJson
FNDA:1,anonymous_3
FNDA:5,summarizeResults
FNDA:3,statusIcon
FNDA:3,humanizeName
FNDA:3,anonymous_7
FNF:8
FNH:8
BRDA:1,0,0,1
BRDA:11,1,0,3
BRDA:16,2,0,2
BRDA:17,3,0,1
BRDA:18,4,0,0
BRDA:31,5,0,2
BRDA:33,6,0,1
BRDA:59,7,0,0
BRDA:67,8,0,1
BRDA:79,9,0,1
BRDA:84,10,0,3
BRDA:88,11,0,2
BRDA:89,12,0,3
BRDA:100,13,0,1
BRDA:105,14,0,1
BRDA:108,15,0,0
BRDA:113,16,0,3
BRDA:118,17,0,5
BRDA:119,18,0,3
BRDA:121,19,0,2
BRDA:121,20,0,1
BRDA:134,21,0,0
BRDA:138,22,0,3
BRDA:140,23,0,1
BRDA:142,24,0,1
BRDA:144,25,0,1
BRDA:149,26,0,3
BRDA:150,27,0,0
BRDA:153,28,0,3
BRF:29
BRH:24
DA:1,1
DA:2,1
DA:3,1
DA:4,1
DA:5,1
DA:6,1
DA:7,1
DA:8,1
DA:9,1
DA:10,1
DA:11,1
DA:12,3
DA:13,3
DA:14,3
DA:15,3
DA:16,3
DA:17,3
DA:18,1
DA:19,1
DA:20,1
DA:21,1
DA:22,1
DA:23,1
DA:24,1
DA:25,1
DA:26,1
DA:27,1
DA:28,1
DA:29,1
DA:30,1
DA:31,1
DA:32,2
DA:33,3
DA:34,1
DA:35,1
DA:36,1
DA:37,1
DA:38,1
DA:39,1
DA:40,1
DA:41,1
DA:42,1
DA:43,1
DA:44,1
DA:45,1
DA:46,1
DA:47,1
DA:48,1
DA:49,1
DA:50,1
DA:51,1
DA:52,1
DA:53,1
DA:54,1
DA:55,3
DA:56,3
DA:57,3
DA:58,3
DA:59,3
DA:60,0
DA:61,0
DA:62,0
DA:63,0
DA:64,0
DA:65,0
DA:66,0
DA:67,3
DA:68,1
DA:69,1
DA:70,1
DA:71,1
DA:72,1
DA:73,1
DA:74,1
DA:75,1
DA:76,1
DA:77,3
DA:78,1
DA:79,1
DA:80,1
DA:81,1
DA:82,1
DA:83,1
DA:84,1
DA:85,3
DA:86,3
DA:87,3
DA:88,3
DA:89,2
DA:90,3
DA:91,3
DA:92,2
DA:93,3
DA:94,3
DA:95,1
DA:96,1
DA:97,1
DA:98,1
DA:99,1
DA:100,1
DA:101,1
DA:102,1
DA:103,1
DA:104,1
DA:105,1
DA:106,1
DA:107,1
DA:108,1
DA:109,1
DA:110,1
DA:111,1
DA:112,1
DA:113,3
DA:114,3
DA:115,3
DA:116,3
DA:117,3
DA:118,3
DA:119,5
DA:120,3
DA:121,5
DA:122,1
DA:123,1
DA:124,1
DA:125,1
DA:126,5
DA:127,3
DA:128,3
DA:129,3
DA:130,3
DA:131,3
DA:132,3
DA:133,3
DA:134,3
DA:135,3
DA:136,3
DA:137,1
DA:138,3
DA:139,3
DA:140,3
DA:141,1
DA:142,3
DA:143,1
DA:144,3
DA:145,1
DA:146,3
DA:147,3
DA:148,1
DA:149,3
DA:150,3
DA:151,0
DA:152,0
DA:153,3
DA:154,3
LH:145
LF:154
end_of_record
SF:lib/shared/security.mjs
FN:16,getPackageName
FN:24,generateInstallationInstructions
FN:37,generatePackageValidationError
FN:48,validatePackageName
FN:71,validatePackageIdentity
FN:107,ValidationError
FN:121,sanitizePath
FN:162,validateRepoUrl
FN:257,sanitizeBranchName
FN:325,validateTemplateName
FN:388,validateProjectDirectory
FN:450,sanitizeErrorMessage
FN:495,createSecureTempDir
FN:515,validateIdeParameter
FN:559,validateOptionsParameter
FN:613,validateSupportedOptionsMetadata
FN:665,validateAuthoringMode
FN:695,validateAuthorAssetsDir
FN:734,validateDimensionsMetadata
FN:983,anonymous_19
FN:992,anonymous_20
FN:1019,validateLogFilePath
FN:1063,validateCacheTtl
FN:1107,validateAllInputs
FNDA:0,getPackageName
FNDA:0,generateInstallationInstructions
FNDA:0,generatePackageValidationError
FNDA:0,validatePackageName
FNDA:0,validatePackageIdentity
FNDA:11,ValidationError
FNDA:0,sanitizePath
FNDA:0,validateRepoUrl
FNDA:0,sanitizeBranchName
FNDA:0,validateTemplateName
FNDA:0,validateProjectDirectory
FNDA:1,sanitizeErrorMessage
FNDA:0,createSecureTempDir
FNDA:0,validateIdeParameter
FNDA:0,validateOptionsParameter
FNDA:4,validateSupportedOptionsMetadata
FNDA:4,validateAuthoringMode
FNDA:4,validateAuthorAssetsDir
FNDA:4,validateDimensionsMetadata
FNDA:0,anonymous_19
FNDA:0,anonymous_20
FNDA:0,validateLogFilePath
FNDA:0,validateCacheTtl
FNDA:0,validateAllInputs
FNF:24
FNH:6
BRDA:1,0,0,4
BRDA:107,1,0,11
BRDA:450,2,0,1
BRDA:451,3,0,0
BRDA:483,4,0,0
BRDA:613,5,0,4
BRDA:614,6,0,0
BRDA:616,7,0,0
BRDA:665,8,0,4
BRDA:666,9,0,0
BRDA:668,10,0,0
BRDA:695,11,0,4
BRDA:698,12,0,0
BRDA:700,13,0,0
BRDA:715,14,0,0
BRDA:734,15,0,4
BRDA:735,16,0,0
BRDA:737,17,0,0
BRDA:739,18,0,0
BRF:19
BRH:7
DA:1,4
DA:2,4
DA:3,4
DA:4,4
DA:5,4
DA:6,4
DA:7,4
DA:8,4
DA:9,4
DA:10,4
DA:11,4
DA:12,4
DA:13,4
DA:14,4
DA:15,4
DA:16,4
DA:17,0
DA:18,0
DA:19,4
DA:20,4
DA:21,4
DA:22,4
DA:23,4
DA:24,4
DA:25,0
DA:26,0
DA:27,0
DA:28,0
DA:29,0
DA:30,0
DA:31,4
DA:32,4
DA:33,4
DA:34,4
DA:35,4
DA:36,4
DA:37,4
DA:38,0
DA:39,0
DA:40,0
DA:41,4
DA:42,4
DA:43,4
DA:44,4
DA:45,4
DA:46,4
DA:47,4
DA:48,4
DA:49,0
DA:50,0
DA:51,0
DA:52,0
DA:53,0
DA:54,0
DA:55,0
DA:56,0
DA:57,0
DA:58,0
DA:59,0
DA:60,0
DA:61,0
DA:62,0
DA:63,0
DA:64,4
DA:65,4
DA:66,4
DA:67,4
DA:68,4
DA:69,4
DA:70,4
DA:71,4
DA:72,0
DA:73,0
DA:74,0
DA:75,0
DA:76,0
DA:77,0
DA:78,0
DA:79,0
DA:80,0
DA:81,0
DA:82,0
DA:83,0
DA:84,0
DA:85,0
DA:86,0
DA:87,0
DA:88,0
DA:89,0
DA:90,0
DA:91,0
DA:92,0
DA:93,0
DA:94,0
DA:95,0
DA:96,0
DA:97,0
DA:98,0
DA:99,0
DA:100,0
DA:101,0
DA:102,4
DA:103,4
DA:104,4
DA:105,4
DA:106,4
DA:107,4
DA:108,11
DA:109,11
DA:110,11
DA:111,11
DA:112,4
DA:113,4
DA:114,4
DA:115,4
DA:116,4
DA:117,4
DA:118,4
DA:119,4
DA:120,4
DA:121,4
DA:122,0
DA:123,0
DA:124,0
DA:125,0
DA:126,0
DA:127,0
DA:128,0
DA:129,0
DA:130,0
DA:131,0
DA:132,0
DA:133,0
DA:134,0
DA:135,0
DA:136,0
DA:137,0
DA:138,0
DA:139,0
DA:140,0
DA:141,0
DA:142,0
DA:143,0
DA:144,0
DA:145,0
DA:146,0
DA:147,0
DA:148,0
DA:149,0
DA:150,0
DA:151,0
DA:152,0
DA:153,0
DA:154,0
DA:155,4
DA:156,4
DA:157,4
DA:158,4
DA:159,4
DA:160,4
DA:161,4
DA:162,4
DA:163,0
DA:164,0
DA:165,0
DA:166,0
DA:167,0
DA:168,0
DA:169,0
DA:170,0
DA:171,0
DA:172,0
DA:173,0
DA:174,0
DA:175,0
DA:176,0
DA:177,0
DA:178,0
DA:179,0
DA:180,0
DA:181,0
DA:182,0
DA:183,0
DA:184,0
DA:185,0
DA:186,0
DA:187,0
DA:188,0
DA:189,0
DA:190,0
DA:191,0
DA:192,0
DA:193,0
DA:194,0
DA:195,0
DA:196,0
DA:197,0
DA:198,0
DA:199,0
DA:200,0
DA:201,0
DA:202,0
DA:203,0
DA:204,0
DA:205,0
DA:206,0
DA:207,0
DA:208,0
DA:209,0
DA:210,0
DA:211,0
DA:212,0
DA:213,0
DA:214,0
DA:215,0
DA:216,0
DA:217,0
DA:218,0
DA:219,0
DA:220,0
DA:221,0
DA:222,0
DA:223,0
DA:224,0
DA:225,0
DA:226,0
DA:227,0
DA:228,0
DA:229,0
DA:230,0
DA:231,0
DA:232,0
DA:233,0
DA:234,0
DA:235,0
DA:236,0
DA:237,0
DA:238,0
DA:239,0
DA:240,0
DA:241,0
DA:242,0
DA:243,0
DA:244,0
DA:245,0
DA:246,0
DA:247,0
DA:248,0
DA:249,0
DA:250,4
DA:251,4
DA:252,4
DA:253,4
DA:254,4
DA:255,4
DA:256,4
DA:257,4
DA:258,0
DA:259,0
DA:260,0
DA:261,0
DA:262,0
DA:263,0
DA:264,0
DA:265,0
DA:266,0
DA:267,0
DA:268,0
DA:269,0
DA:270,0
DA:271,0
DA:272,0
DA:273,0
DA:274,0
DA:275,0
DA:276,0
DA:277,0
DA:278,0
DA:279,0
DA:280,0
DA:281,0
DA:282,0
DA:283,0
DA:284,0
DA:285,0
DA:286,0
DA:287,0
DA:288,0
DA:289,0
DA:290,0
DA:291,0
DA:292,0
DA:293,0
DA:294,0
DA:295,0
DA:296,0
DA:297,0
DA:298,0
DA:299,0
DA:300,0
DA:301,0
DA:302,0
DA:303,0
DA:304,0
DA:305,0
DA:306,0
DA:307,0
DA:308,0
DA:309,0
DA:310,0
DA:311,0
DA:312,0
DA:313,0
DA:314,0
DA:315,0
DA:316,0
DA:317,0
DA:318,4
DA:319,4
DA:320,4
DA:321,4
DA:322,4
DA:323,4
DA:324,4
DA:325,4
DA:326,0
DA:327,0
DA:328,0
DA:329,0
DA:330,0
DA:331,0
DA:332,0
DA:333,0
DA:334,0
DA:335,0
DA:336,0
DA:337,0
DA:338,0
DA:339,0
DA:340,0
DA:341,0
DA:342,0
DA:343,0
DA:344,0
DA:345,0
DA:346,0
DA:347,0
DA:348,0
DA:349,0
DA:350,0
DA:351,0
DA:352,0
DA:353,0
DA:354,0
DA:355,0
DA:356,0
DA:357,0
DA:358,0
DA:359,0
DA:360,0
DA:361,0
DA:362,0
DA:363,0
DA:364,0
DA:365,0
DA:366,0
DA:367,0
DA:368,0
DA:369,0
DA:370,0
DA:371,0
DA:372,0
DA:373,0
DA:374,0
DA:375,0
DA:376,0
DA:377,0
DA:378,0
DA:379,0
DA:380,0
DA:381,4
DA:382,4
DA:383,4
DA:384,4
DA:385,4
DA:386,4
DA:387,4
DA:388,4
DA:389,0
DA:390,0
DA:391,0
DA:392,0
DA:393,0
DA:394,0
DA:395,0
DA:396,0
DA:397,0
DA:398,0
DA:399,0
DA:400,0
DA:401,0
DA:402,0
DA:403,0
DA:404,0
DA:405,0
DA:406,0
DA:407,0
DA:408,0
DA:409,0
DA:410,0
DA:411,0
DA:412,0
DA:413,0
DA:414,0
DA:415,0
DA:416,0
DA:417,0
DA:418,0
DA:419,0
DA:420,0
DA:421,0
DA:422,0
DA:423,0
DA:424,0
DA:425,0
DA:426,0
DA:427,0
DA:428,0
DA:429,0
DA:430,0
DA:431,0
DA:432,0
DA:433,0
DA:434,0
DA:435,0
DA:436,0
DA:437,0
DA:438,0
DA:439,0
DA:440,0
DA:441,0
DA:442,0
DA:443,0
DA:444,4
DA:445,4
DA:446,4
DA:447,4
DA:448,4
DA:449,4
DA:450,4
DA:451,1
DA:452,1
DA:453,1
DA:454,1
DA:455,1
DA:456,1
DA:457,1
DA:458,1
DA:459,1
DA:460,1
DA:461,1
DA:462,1
DA:463,1
DA:464,1
DA:465,1
DA:466,1
DA:467,1
DA:468,1
DA:469,1
DA:470,1
DA:471,1
DA:472,1
DA:473,1
DA:474,1
DA:475,1
DA:476,1
DA:477,1
DA:478,1
DA:479,1
DA:480,1
DA:481,1
DA:482,1
DA:483,1
DA:484,0
DA:485,0
DA:486,1
DA:487,1
DA:488,1
DA:489,4
DA:490,4
DA:491,4
DA:492,4
DA:493,4
DA:494,4
DA:495,4
DA:496,0
DA:497,0
DA:498,0
DA:499,0
DA:500,0
DA:501,0
DA:502,0
DA:503,0
DA:504,0
DA:505,0
DA:506,0
DA:507,0
DA:508,4
DA:509,4
DA:510,4
DA:511,4
DA:512,4
DA:513,4
DA:514,4
DA:515,4
DA:516,0
DA:517,0
DA:518,0
DA:519,0
DA:520,0
DA:521,0
DA:522,0
DA:523,0
DA:524,0
DA:525,0
DA:526,0
DA:527,0
DA:528,0
DA:529,0
DA:530,0
DA:531,0
DA:532,0
DA:533,0
DA:534,0
DA:535,0
DA:536,0
DA:537,0
DA:538,0
DA:539,0
DA:540,0
DA:541,0
DA:542,0
DA:543,0
DA:544,0
DA:545,0
DA:546,0
DA:547,0
DA:548,0
DA:549,0
DA:550,0
DA:551,0
DA:552,4
DA:553,4
DA:554,4
DA:555,4
DA:556,4
DA:557,4
DA:558,4
DA:559,4
DA:560,0
DA:561,0
DA:562,0
DA:563,0
DA:564,0
DA:565,0
DA:566,0
DA:567,0
DA:568,0
DA:569,0
DA:570,0
DA:571,0
DA:572,0
DA:573,0
DA:574,0
DA:575,0
DA:576,0
DA:577,0
DA:578,0
DA:579,0
DA:580,0
DA:581,0
DA:582,0
DA:583,0
DA:584,0
DA:585,0
DA:586,0
DA:587,0
DA:588,0
DA:589,0
DA:590,0
DA:591,0
DA:592,0
DA:593,0
DA:594,0
DA:595,0
DA:596,0
DA:597,0
DA:598,0
DA:599,0
DA:600,0
DA:601,0
DA:602,0
DA:603,0
DA:604,0
DA:605,0
DA:606,4
DA:607,4
DA:608,4
DA:609,4
DA:610,4
DA:611,4
DA:612,4
DA:613,4
DA:614,4
DA:615,4
DA:616,4
DA:617,0
DA:618,0
DA:619,0
DA:620,0
DA:621,0
DA:622,0
DA:623,0
DA:624,0
DA:625,0
DA:626,0
DA:627,0
DA:628,0
DA:629,0
DA:630,0
DA:631,0
DA:632,0
DA:633,0
DA:634,0
DA:635,0
DA:636,0
DA:637,0
DA:638,0
DA:639,0
DA:640,0
DA:641,0
DA:642,0
DA:643,0
DA:644,0
DA:645,0
DA:646,0
DA:647,0
DA:648,0
DA:649,0
DA:650,0
DA:651,0
DA:652,0
DA:653,0
DA:654,0
DA:655,0
DA:656,0
DA:657,0
DA:658,4
DA:659,4
DA:660,4
DA:661,4
DA:662,4
DA:663,4
DA:664,4
DA:665,4
DA:666,4
DA:667,4
DA:668,4
DA:669,0
DA:670,0
DA:671,0
DA:672,0
DA:673,0
DA:674,0
DA:675,0
DA:676,0
DA:677,0
DA:678,0
DA:679,0
DA:680,0
DA:681,0
DA:682,0
DA:683,0
DA:684,0
DA:685,0
DA:686,0
DA:687,0
DA:688,4
DA:689,4
DA:690,4
DA:691,4
DA:692,4
DA:693,4
DA:694,4
DA:695,4
DA:696,4
DA:697,4
DA:698,4
DA:699,4
DA:700,4
DA:701,0
DA:702,0
DA:703,0
DA:704,0
DA:705,0
DA:706,0
DA:707,0
DA:708,0
DA:709,0
DA:710,0
DA:711,0
DA:712,0
DA:713,0
DA:714,0
DA:715,4
DA:716,0
DA:717,0
DA:718,0
DA:719,0
DA:720,0
DA:721,0
DA:722,0
DA:723,0
DA:724,0
DA:725,0
DA:726,0
DA:727,4
DA:728,4
DA:729,4
DA:730,4
DA:731,4
DA:732,4
DA:733,4
DA:734,4
DA:735,4
DA:736,4
DA:737,4
DA:738,0
DA:739,4
DA:740,0
DA:741,0
DA:742,0
DA:743,0
DA:744,0
DA:745,0
DA:746,0
DA:747,0
DA:748,0
DA:749,0
DA:750,0
DA:751,0
DA:752,0
DA:753,0
DA:754,0
DA:755,0
DA:756,0
DA:757,0
DA:758,0
DA:759,0
DA:760,0
DA:761,0
DA:762,0
DA:763,0
DA:764,0
DA:765,0
DA:766,0
DA:767,0
DA:768,0
DA:769,0
DA:770,0
DA:771,0
DA:772,0
DA:773,0
DA:774,0
DA:775,0
DA:776,0
DA:777,0
DA:778,0
DA:779,0
DA:780,0
DA:781,0
DA:782,0
DA:783,0
DA:784,0
DA:785,0
DA:786,0
DA:787,0
DA:788,0
DA:789,0
DA:790,0
DA:791,0
DA:792,0
DA:793,0
DA:794,0
DA:795,0
DA:796,0
DA:797,0
DA:798,0
DA:799,0
DA:800,0
DA:801,0
DA:802,0
DA:803,0
DA:804,0
DA:805,0
DA:806,0
DA:807,0
DA:808,0
DA:809,0
DA:810,0
DA:811,0
DA:812,0
DA:813,0
DA:814,0
DA:815,0
DA:816,0
DA:817,0
DA:818,0
DA:819,0
DA:820,0
DA:821,0
DA:822,0
DA:823,0
DA:824,0
DA:825,0
DA:826,0
DA:827,0
DA:828,0
DA:829,0
DA:830,0
DA:831,0
DA:832,0
DA:833,0
DA:834,0
DA:835,0
DA:836,0
DA:837,0
DA:838,0
DA:839,0
DA:840,0
DA:841,0
DA:842,0
DA:843,0
DA:844,0
DA:845,0
DA:846,0
DA:847,0
DA:848,0
DA:849,0
DA:850,0
DA:851,0
DA:852,0
DA:853,0
DA:854,0
DA:855,0
DA:856,0
DA:857,0
DA:858,0
DA:859,0
DA:860,0
DA:861,0
DA:862,0
DA:863,0
DA:864,0
DA:865,0
DA:866,0
DA:867,0
DA:868,0
DA:869,0
DA:870,0
DA:871,0
DA:872,0
DA:873,0
DA:874,0
DA:875,0
DA:876,0
DA:877,0
DA:878,0
DA:879,0
DA:880,0
DA:881,0
DA:882,0
DA:883,0
DA:884,0
DA:885,0
DA:886,0
DA:887,0
DA:888,0
DA:889,0
DA:890,0
DA:891,0
DA:892,0
DA:893,0
DA:894,0
DA:895,0
DA:896,0
DA:897,0
DA:898,0
DA:899,0
DA:900,0
DA:901,0
DA:902,0
DA:903,0
DA:904,0
DA:905,0
DA:906,0
DA:907,0
DA:908,0
DA:909,0
DA:910,0
DA:911,0
DA:912,0
DA:913,0
DA:914,0
DA:915,0
DA:916,0
DA:917,0
DA:918,0
DA:919,0
DA:920,0
DA:921,0
DA:922,0
DA:923,0
DA:924,0
DA:925,0
DA:926,0
DA:927,0
DA:928,0
DA:929,0
DA:930,0
DA:931,0
DA:932,0
DA:933,0
DA:934,0
DA:935,0
DA:936,0
DA:937,0
DA:938,0
DA:939,0
DA:940,0
DA:941,0
DA:942,0
DA:943,0
DA:944,0
DA:945,0
DA:946,0
DA:947,0
DA:948,0
DA:949,0
DA:950,0
DA:951,0
DA:952,0
DA:953,0
DA:954,0
DA:955,0
DA:956,0
DA:957,0
DA:958,0
DA:959,0
DA:960,0
DA:961,0
DA:962,0
DA:963,0
DA:964,0
DA:965,0
DA:966,0
DA:967,0
DA:968,0
DA:969,0
DA:970,0
DA:971,0
DA:972,0
DA:973,0
DA:974,0
DA:975,0
DA:976,0
DA:977,0
DA:978,0
DA:979,0
DA:980,0
DA:981,0
DA:982,0
DA:983,0
DA:984,0
DA:985,0
DA:986,0
DA:987,0
DA:988,0
DA:989,0
DA:990,0
DA:991,0
DA:992,0
DA:993,0
DA:994,0
DA:995,0
DA:996,0
DA:997,0
DA:998,0
DA:999,0
DA:1000,0
DA:1001,0
DA:1002,0
DA:1003,0
DA:1004,0
DA:1005,0
DA:1006,0
DA:1007,0
DA:1008,0
DA:1009,0
DA:1010,0
DA:1011,0
DA:1012,4
DA:1013,4
DA:1014,4
DA:1015,4
DA:1016,4
DA:1017,4
DA:1018,4
DA:1019,4
DA:1020,0
DA:1021,0
DA:1022,0
DA:1023,0
DA:1024,0
DA:1025,0
DA:1026,0
DA:1027,0
DA:1028,0
DA:1029,0
DA:1030,0
DA:1031,0
DA:1032,0
DA:1033,0
DA:1034,0
DA:1035,0
DA:1036,0
DA:1037,0
DA:1038,0
DA:1039,0
DA:1040,0
DA:1041,0
DA:1042,0
DA:1043,0
DA:1044,0
DA:1045,0
DA:1046,0
DA:1047,0
DA:1048,0
DA:1049,0
DA:1050,0
DA:1051,0
DA:1052,0
DA:1053,0
DA:1054,0
DA:1055,0
DA:1056,4
DA:1057,4
DA:1058,4
DA:1059,4
DA:1060,4
DA:1061,4
DA:1062,4
DA:1063,4
DA:1064,0
DA:1065,0
DA:1066,0
DA:1067,0
DA:1068,0
DA:1069,0
DA:1070,0
DA:1071,0
DA:1072,0
DA:1073,0
DA:1074,0
DA:1075,0
DA:1076,0
DA:1077,0
DA:1078,0
DA:1079,0
DA:1080,0
DA:1081,0
DA:1082,0
DA:1083,0
DA:1084,0
DA:1085,0
DA:1086,0
DA:1087,0
DA:1088,0
DA:1089,0
DA:1090,0
DA:1091,0
DA:1092,0
DA:1093,0
DA:1094,0
DA:1095,0
DA:1096,0
DA:1097,0
DA:1098,0
DA:1099,0
DA:1100,4
DA:1101,4
DA:1102,4
DA:1103,4
DA:1104,4
DA:1105,4
DA:1106,4
DA:1107,4
DA:1108,0
DA:1109,0
DA:1110,0
DA:1111,0
DA:1112,0
DA:1113,0
DA:1114,0
DA:1115,0
DA:1116,0
DA:1117,0
DA:1118,0
DA:1119,0
DA:1120,0
DA:1121,0
DA:1122,0
DA:1123,0
DA:1124,0
DA:1125,0
DA:1126,0
DA:1127,0
DA:1128,0
DA:1129,0
DA:1130,0
DA:1131,0
DA:1132,0
DA:1133,0
DA:1134,0
DA:1135,0
DA:1136,0
DA:1137,0
DA:1138,0
DA:1139,0
DA:1140,0
DA:1141,0
DA:1142,0
DA:1143,0
DA:1144,0
DA:1145,0
DA:1146,0
DA:1147,0
DA:1148,0
DA:1149,0
DA:1150,0
DA:1151,0
DA:1152,0
DA:1153,0
DA:1154,0
DA:1155,0
DA:1156,0
DA:1157,0
DA:1158,0
DA:1159,0
DA:1160,0
DA:1161,0
DA:1162,0
DA:1163,0
DA:1164,0
DA:1165,0
DA:1166,0
DA:1167,0
DA:1168,0
DA:1169,0
DA:1170,0
DA:1171,0
DA:1172,0
DA:1173,0
DA:1174,0
DA:1175,0
DA:1176,0
DA:1177,0
DA:1178,0
DA:1179,0
DA:1180,0
LH:235
LF:1180
end_of_record
SF:lib/shared/utils/canonical-variables.mjs
FN:33,normalizeCanonicalVariables
FN:142,anonymous_1
FN:154,mergeCanonicalPlaceholders
FN:193,anonymous_3
FN:218,anonymous_4
FNDA:6,normalizeCanonicalVariables
FNDA:2,anonymous_1
FNDA:4,mergeCanonicalPlaceholders
FNDA:2,anonymous_3
FNDA:5,anonymous_4
FNF:5
FNH:5
BRDA:1,0,0,2
BRDA:33,1,0,6
BRDA:34,2,0,3
BRDA:34,3,0,2
BRDA:36,4,0,3
BRDA:40,5,0,3
BRDA:44,6,0,3
BRDA:65,7,0,1
BRDA:67,8,0,2
BRDA:71,9,0,2
BRDA:81,10,0,2
BRDA:95,11,0,2
BRDA:102,12,0,2
BRDA:106,13,0,2
BRDA:110,14,0,2
BRDA:115,15,0,2
BRDA:119,16,0,2
BRDA:120,17,0,2
BRDA:128,18,0,2
BRDA:131,19,0,2
BRDA:132,20,0,1
BRDA:134,21,0,2
BRDA:138,22,0,2
BRDA:38,23,0,0
BRDA:42,24,0,0
BRDA:51,25,0,0
BRDA:56,26,0,0
BRDA:61,27,0,0
BRDA:69,28,0,0
BRDA:77,29,0,0
BRDA:83,30,0,0
BRDA:84,31,0,0
BRDA:100,32,0,0
BRDA:100,33,0,0
BRDA:104,34,0,0
BRDA:104,35,0,0
BRDA:104,36,0,0
BRDA:108,37,0,0
BRDA:108,38,0,0
BRDA:114,39,0,0
BRDA:115,40,0,0
BRDA:115,41,0,0
BRDA:119,42,0,0
BRDA:121,43,0,0
BRDA:124,44,0,0
BRDA:127,45,0,0
BRDA:130,46,0,0
BRDA:131,47,0,0
BRDA:142,48,0,2
BRDA:154,49,0,4
BRDA:157,50,0,2
BRDA:162,51,0,4
BRDA:164,52,0,3
BRDA:167,53,0,1
BRDA:174,54,0,1
BRDA:178,55,0,1
BRDA:195,56,0,2
BRDA:202,57,0,4
BRDA:203,58,0,1
BRDA:205,59,0,3
BRDA:214,60,0,0
BRDA:193,61,0,2
BRDA:218,62,0,5
BRF:63
BRH:37
DA:1,2
DA:2,2
DA:3,2
DA:4,2
DA:5,2
DA:6,2
DA:7,2
DA:8,2
DA:9,2
DA:10,2
DA:11,2
DA:12,2
DA:13,2
DA:14,2
DA:15,2
DA:16,2
DA:17,2
DA:18,2
DA:19,2
DA:20,2
DA:21,2
DA:22,2
DA:23,2
DA:24,2
DA:25,2
DA:26,2
DA:27,2
DA:28,2
DA:29,2
DA:30,2
DA:31,2
DA:32,2
DA:33,2
DA:34,6
DA:35,2
DA:36,2
DA:37,3
DA:38,6
DA:39,0
DA:40,0
DA:41,3
DA:42,6
DA:43,0
DA:44,0
DA:45,3
DA:46,3
DA:47,3
DA:48,3
DA:49,3
DA:50,3
DA:51,3
DA:52,0
DA:53,0
DA:54,3
DA:55,3
DA:56,3
DA:57,0
DA:58,0
DA:59,3
DA:60,3
DA:61,3
DA:62,0
DA:63,0
DA:64,3
DA:65,3
DA:66,1
DA:67,1
DA:68,2
DA:69,3
DA:70,0
DA:71,0
DA:72,2
DA:73,2
DA:74,2
DA:75,2
DA:76,2
DA:77,3
DA:78,0
DA:79,0
DA:80,0
DA:81,0
DA:82,2
DA:83,3
DA:84,3
DA:85,0
DA:86,0
DA:87,0
DA:88,0
DA:89,0
DA:90,0
DA:91,0
DA:92,0
DA:93,0
DA:94,0
DA:95,0
DA:96,2
DA:97,3
DA:98,3
DA:99,3
DA:100,3
DA:101,0
DA:102,0
DA:103,2
DA:104,3
DA:105,0
DA:106,0
DA:107,2
DA:108,3
DA:109,0
DA:110,0
DA:111,2
DA:112,2
DA:113,2
DA:114,3
DA:115,3
DA:116,3
DA:117,3
DA:118,3
DA:119,3
DA:120,3
DA:121,2
DA:122,0
DA:123,0
DA:124,2
DA:125,0
DA:126,0
DA:127,2
DA:128,2
DA:129,2
DA:130,3
DA:131,3
DA:132,3
DA:133,1
DA:134,1
DA:135,2
DA:136,2
DA:137,2
DA:138,2
DA:139,2
DA:140,2
DA:141,2
DA:142,2
DA:143,2
DA:144,2
DA:145,2
DA:146,2
DA:147,6
DA:148,2
DA:149,2
DA:150,2
DA:151,2
DA:152,2
DA:153,2
DA:154,2
DA:155,4
DA:156,4
DA:157,4
DA:158,2
DA:159,2
DA:160,2
DA:161,4
DA:162,4
DA:163,4
DA:164,4
DA:165,3
DA:166,3
DA:167,3
DA:168,1
DA:169,4
DA:170,4
DA:171,4
DA:172,4
DA:173,4
DA:174,4
DA:175,1
DA:176,1
DA:177,4
DA:178,4
DA:179,4
DA:180,4
DA:181,4
DA:182,4
DA:183,4
DA:184,4
DA:185,4
DA:186,4
DA:187,4
DA:188,4
DA:189,4
DA:190,4
DA:191,4
DA:192,4
DA:193,4
DA:194,4
DA:195,4
DA:196,2
DA:197,2
DA:198,2
DA:199,2
DA:200,2
DA:201,4
DA:202,4
DA:203,4
DA:204,1
DA:205,1
DA:206,3
DA:207,3
DA:208,3
DA:209,4
DA:210,4
DA:211,4
DA:212,4
DA:213,4
DA:214,4
DA:215,0
DA:216,0
DA:217,4
DA:218,4
DA:219,4
LH:180
LF:219
end_of_record
SF:lib/shared/utils/placeholder-schema.mjs
FN:13,normalizePlaceholders
FN:72,normalizeType
FN:95,normalizeDefault
FNDA:7,normalizePlaceholders
FNDA:6,normalizeType
FNDA:6,normalizeDefault
FNF:3
FNH:3
BRDA:1,0,0,2
BRDA:13,1,0,7
BRDA:14,2,0,1
BRDA:16,3,0,5
BRDA:21,4,0,7
BRDA:33,5,0,1
BRDA:35,6,0,6
BRDA:43,7,0,6
BRDA:47,8,0,6
BRDA:55,9,0,5
BRDA:56,10,0,1
BRDA:67,11,0,4
BRDA:22,12,0,0
BRDA:27,13,0,0
BRDA:38,14,0,0
BRDA:45,15,0,0
BRDA:55,16,0,0
BRDA:72,17,0,6
BRDA:73,18,0,3
BRDA:73,19,0,3
BRDA:77,20,0,0
BRDA:82,21,0,3
BRDA:85,22,0,0
BRDA:90,23,0,3
BRDA:95,24,0,6
BRDA:96,25,0,2
BRDA:96,26,0,4
BRDA:98,27,0,2
BRDA:100,28,0,1
BRDA:101,29,0,0
BRDA:108,30,0,1
BRDA:113,31,0,0
BRDA:115,32,0,0
BRDA:122,33,0,0
BRF:34
BRH:23
DA:1,2
DA:2,2
DA:3,2
DA:4,2
DA:5,2
DA:6,2
DA:7,2
DA:8,2
DA:9,2
DA:10,2
DA:11,2
DA:12,2
DA:13,2
DA:14,7
DA:15,1
DA:16,1
DA:17,5
DA:18,5
DA:19,5
DA:20,5
DA:21,7
DA:22,7
DA:23,0
DA:24,0
DA:25,7
DA:26,7
DA:27,7
DA:28,0
DA:29,0
DA:30,7
DA:31,7
DA:32,7
DA:33,7
DA:34,1
DA:35,1
DA:36,6
DA:37,6
DA:38,7
DA:39,0
DA:40,0
DA:41,0
DA:42,0
DA:43,0
DA:44,6
DA:45,7
DA:46,0
DA:47,0
DA:48,6
DA:49,6
DA:50,6
DA:51,6
DA:52,6
DA:53,6
DA:54,6
DA:55,7
DA:56,7
DA:57,7
DA:58,7
DA:59,7
DA:60,7
DA:61,7
DA:62,7
DA:63,7
DA:64,7
DA:65,7
DA:66,7
DA:67,7
DA:68,4
DA:69,4
DA:70,7
DA:71,2
DA:72,6
DA:73,6
DA:74,3
DA:75,3
DA:76,3
DA:77,6
DA:78,0
DA:79,0
DA:80,0
DA:81,0
DA:82,0
DA:83,3
DA:84,3
DA:85,6
DA:86,0
DA:87,0
DA:88,0
DA:89,0
DA:90,0
DA:91,3
DA:92,3
DA:93,6
DA:94,2
DA:95,6
DA:96,6
DA:97,4
DA:98,4
DA:99,2
DA:100,6
DA:101,1
DA:102,0
DA:103,0
DA:104,0
DA:105,0
DA:106,0
DA:107,1
DA:108,1
DA:109,1
DA:110,1
DA:111,1
DA:112,1
DA:113,1
DA:114,1
DA:115,1
DA:116,0
DA:117,0
DA:118,0
DA:119,0
DA:120,0
DA:121,1
DA:122,1
DA:123,0
DA:124,0
DA:125,0
DA:126,0
DA:127,0
DA:128,0
DA:129,0
DA:130,0
DA:131,0
DA:132,0
DA:133,0
DA:134,0
DA:135,0
DA:136,0
DA:137,0
DA:138,0
DA:139,0
DA:140,0
DA:141,0
DA:142,0
DA:143,6
DA:144,2
DA:145,2
LH:94
LF:145
end_of_record
SF:lib/shared/utils/template-validator.mjs
FN:31,validateTemplateManifest
FN:77,anonymous_1
FN:91,anonymous_2
FN:133,normalizeHandoff
FNDA:8,validateTemplateManifest
FNDA:2,anonymous_1
FNDA:5,anonymous_2
FNDA:7,normalizeHandoff
FNF:4
FNH:4
BRDA:1,0,0,2
BRDA:31,1,0,8
BRDA:42,2,0,6
BRDA:42,3,0,1
BRDA:44,4,0,6
BRDA:47,5,0,6
BRDA:52,6,0,6
BRDA:61,7,0,4
BRDA:61,8,0,1
BRDA:63,9,0,5
BRDA:64,10,0,3
BRDA:67,11,0,5
BRDA:70,12,0,4
BRDA:70,13,0,1
BRDA:101,14,0,3
BRDA:113,15,0,3
BRDA:32,16,0,0
BRDA:37,17,0,0
BRDA:45,18,0,0
BRDA:50,19,0,0
BRDA:58,20,0,0
BRDA:64,21,0,0
BRDA:97,22,0,0
BRDA:103,23,0,0
BRDA:104,24,0,0
BRDA:106,25,0,0
BRDA:106,26,0,0
BRDA:115,27,0,0
BRDA:117,28,0,0
BRDA:77,29,0,2
BRDA:84,30,0,0
BRDA:91,31,0,5
BRDA:133,32,0,7
BRDA:134,33,0,5
BRDA:136,34,0,1
BRDA:140,35,0,1
BRDA:155,36,0,1
BRDA:138,37,0,0
BRDA:144,38,0,0
BRDA:148,39,0,0
BRDA:151,40,0,0
BRF:41
BRH:23
DA:1,2
DA:2,2
DA:3,2
DA:4,2
DA:5,2
DA:6,2
DA:7,2
DA:8,2
DA:9,2
DA:10,2
DA:11,2
DA:12,2
DA:13,2
DA:14,2
DA:15,2
DA:16,2
DA:17,2
DA:18,2
DA:19,2
DA:20,2
DA:21,2
DA:22,2
DA:23,2
DA:24,2
DA:25,2
DA:26,2
DA:27,2
DA:28,2
DA:29,2
DA:30,2
DA:31,2
DA:32,8
DA:33,0
DA:34,0
DA:35,8
DA:36,8
DA:37,8
DA:38,0
DA:39,0
DA:40,8
DA:41,8
DA:42,8
DA:43,1
DA:44,1
DA:45,8
DA:46,0
DA:47,0
DA:48,6
DA:49,6
DA:50,8
DA:51,0
DA:52,0
DA:53,6
DA:54,6
DA:55,6
DA:56,6
DA:57,6
DA:58,6
DA:59,0
DA:60,0
DA:61,6
DA:62,1
DA:63,1
DA:64,6
DA:65,0
DA:66,0
DA:67,6
DA:68,5
DA:69,8
DA:70,8
DA:71,8
DA:72,8
DA:73,8
DA:74,8
DA:75,8
DA:76,8
DA:77,8
DA:78,2
DA:79,2
DA:80,2
DA:81,2
DA:82,2
DA:83,2
DA:84,2
DA:85,2
DA:86,2
DA:87,8
DA:88,8
DA:89,8
DA:90,8
DA:91,8
DA:92,5
DA:93,8
DA:94,8
DA:95,8
DA:96,8
DA:97,8
DA:98,0
DA:99,0
DA:100,0
DA:101,0
DA:102,3
DA:103,8
DA:104,8
DA:105,8
DA:106,8
DA:107,0
DA:108,0
DA:109,0
DA:110,0
DA:111,0
DA:112,0
DA:113,0
DA:114,3
DA:115,8
DA:116,8
DA:117,8
DA:118,8
DA:119,8
DA:120,8
DA:121,8
DA:122,8
DA:123,8
DA:124,8
DA:125,8
DA:126,8
DA:127,8
DA:128,8
DA:129,8
DA:130,8
DA:131,8
DA:132,2
DA:133,7
DA:134,7
DA:135,5
DA:136,5
DA:137,1
DA:138,7
DA:139,0
DA:140,0
DA:141,1
DA:142,1
DA:143,1
DA:144,1
DA:145,0
DA:146,0
DA:147,1
DA:148,1
DA:149,0
DA:150,0
DA:151,1
DA:152,0
DA:153,0
DA:154,1
DA:155,1
DA:156,1
DA:157,1
DA:158,7
LH:127
LF:158
end_of_record
SF:lib/shared/utils/validation-utils.mjs
FN:17,handleValidationError
FN:38,validateMultipleFields
FNDA:10,handleValidationError
FNDA:7,validateMultipleFields
FNF:2
FNH:2
BRDA:1,0,0,1
BRDA:17,1,0,10
BRDA:20,2,0,5
BRDA:21,3,0,3
BRDA:23,4,0,2
BRDA:38,5,0,4
BRDA:42,6,0,7
BRDA:44,7,0,4
BRF:8
BRH:8
DA:1,1
DA:2,1
DA:3,1
DA:4,1
DA:5,1
DA:6,1
DA:7,1
DA:8,1
DA:9,1
DA:10,1
DA:11,1
DA:12,1
DA:13,1
DA:14,1
DA:15,1
DA:16,1
DA:17,1
DA:18,10
DA:19,10
DA:20,10
DA:21,5
DA:22,3
DA:23,5
DA:24,2
DA:25,2
DA:26,5
DA:27,5
DA:28,10
DA:29,1
DA:30,1
DA:31,1
DA:32,1
DA:33,1
DA:34,1
DA:35,1
DA:36,1
DA:37,1
DA:38,1
DA:39,4
DA:40,4
DA:41,4
DA:42,4
DA:43,7
DA:44,7
DA:45,4
DA:46,4
DA:47,7
DA:48,4
DA:49,4
DA:50,4
LH:50
LF:50
end_of_record
SF:lib/shared/validators/manifest-validator.mjs
FN:11,validateManifest
FN:49,createResult
FNDA:1,validateManifest
FNDA:1,createResult
FNF:2
FNH:2
BRDA:1,0,0,1
BRDA:11,1,0,1
BRDA:18,2,0,0
BRDA:31,3,0,0
BRDA:39,4,0,0
BRDA:49,5,0,1
BRF:6
BRH:3
DA:1,1
DA:2,1
DA:3,1
DA:4,1
DA:5,1
DA:6,1
DA:7,1
DA:8,1
DA:9,1
DA:10,1
DA:11,1
DA:12,1
DA:13,1
DA:14,1
DA:15,1
DA:16,1
DA:17,1
DA:18,1
DA:19,0
DA:20,0
DA:21,0
DA:22,0
DA:23,0
DA:24,0
DA:25,0
DA:26,0
DA:27,1
DA:28,1
DA:29,1
DA:30,1
DA:31,1
DA:32,0
DA:33,0
DA:34,0
DA:35,0
DA:36,1
DA:37,1
DA:38,1
DA:39,1
DA:40,0
DA:41,0
DA:42,0
DA:43,0
DA:44,0
DA:45,1
DA:46,1
DA:47,1
DA:48,1
DA:49,1
DA:50,1
DA:51,1
DA:52,1
DA:53,1
DA:54,1
DA:55,1
LH:38
LF:55
end_of_record
SF:lib/shared/validators/required-files.mjs
FN:9,validateRequiredFiles
FN:34,fileExists
FN:43,hasReadme
FN:66,createResult
FNDA:1,validateRequiredFiles
FNDA:2,fileExists
FNDA:1,hasReadme
FNDA:1,createResult
FNF:4
FNH:4
BRDA:1,0,0,1
BRDA:9,1,0,1
BRDA:13,2,0,0
BRDA:23,3,0,0
BRDA:29,4,0,0
BRDA:34,5,0,2
BRDA:36,6,0,1
BRDA:43,7,0,1
BRDA:55,8,0,0
BRDA:59,9,0,0
BRDA:66,10,0,1
BRF:11
BRH:6
DA:1,1
DA:2,1
DA:3,1
DA:4,1
DA:5,1
DA:6,1
DA:7,1
DA:8,1
DA:9,1
DA:10,1
DA:11,1
DA:12,1
DA:13,1
DA:14,0
DA:15,0
DA:16,1
DA:17,1
DA:18,1
DA:19,1
DA:20,1
DA:21,1
DA:22,1
DA:23,1
DA:24,0
DA:25,0
DA:26,1
DA:27,1
DA:28,1
DA:29,1
DA:30,0
DA:31,0
DA:32,1
DA:33,1
DA:34,2
DA:35,2
DA:36,2
DA:37,1
DA:38,1
DA:39,1
DA:40,1
DA:41,2
DA:42,1
DA:43,1
DA:44,1
DA:45,1
DA:46,1
DA:47,1
DA:48,1
DA:49,1
DA:50,1
DA:51,1
DA:52,1
DA:53,1
DA:54,1
DA:55,1
DA:56,0
DA:57,0
DA:58,1
DA:59,1
DA:60,0
DA:61,0
DA:62,0
DA:63,0
DA:64,1
DA:65,1
DA:66,1
DA:67,1
DA:68,1
DA:69,1
DA:70,1
DA:71,1
DA:72,1
LH:60
LF:72
end_of_record
SF:lib/shared/validators/setup-lint.mjs
FN:20,validateSetupScript
FN:101,createResult
FNDA:1,validateSetupScript
FNDA:1,createResult
FNF:2
FNH:2
BRDA:1,0,0,1
BRDA:20,1,0,1
BRDA:24,2,0,0
BRDA:28,3,0,0
BRDA:29,4,0,0
BRDA:31,5,0,0
BRDA:59,6,0,0
BRDA:101,7,0,1
BRF:8
BRH:3
DA:1,1
DA:2,1
DA:3,1
DA:4,1
DA:5,1
DA:6,1
DA:7,1
DA:8,1
DA:9,1
DA:10,1
DA:11,1
DA:12,1
DA:13,1
DA:14,1
DA:15,1
DA:16,1
DA:17,1
DA:18,1
DA:19,1
DA:20,1
DA:21,1
DA:22,1
DA:23,1
DA:24,1
DA:25,1
DA:26,1
DA:27,1
DA:28,1
DA:29,1
DA:30,1
DA:31,1
DA:32,0
DA:33,0
DA:34,0
DA:35,0
DA:36,0
DA:37,0
DA:38,0
DA:39,0
DA:40,0
DA:41,0
DA:42,0
DA:43,0
DA:44,0
DA:45,0
DA:46,0
DA:47,0
DA:48,0
DA:49,0
DA:50,0
DA:51,0
DA:52,0
DA:53,0
DA:54,0
DA:55,0
DA:56,0
DA:57,0
DA:58,0
DA:59,1
DA:60,0
DA:61,0
DA:62,0
DA:63,0
DA:64,0
DA:65,0
DA:66,0
DA:67,0
DA:68,0
DA:69,0
DA:70,0
DA:71,0
DA:72,0
DA:73,0
DA:74,0
DA:75,0
DA:76,0
DA:77,0
DA:78,0
DA:79,0
DA:80,0
DA:81,0
DA:82,0
DA:83,0
DA:84,0
DA:85,0
DA:86,0
DA:87,0
DA:88,0
DA:89,0
DA:90,0
DA:91,0
DA:92,0
DA:93,0
DA:94,0
DA:95,0
DA:96,0
DA:97,0
DA:98,0
DA:99,1
DA:100,1
DA:101,1
DA:102,1
DA:103,1
DA:104,1
DA:105,1
DA:106,1
DA:107,1
LH:41
LF:107
end_of_record
SF:lib/validation/template-validator.mjs
FN:15,TemplateValidator
FN:25,validate
FN:77,validateSchema
FN:152,validateDimensionsSchema
FN:191,validateGatesSchema
FN:220,validateFeatureSpecsSchema
FN:249,validateDomain
FN:298,validateDimensionValues
FN:343,validateGatesReference
FN:367,validateFeatureSpecsReference
FN:403,validateHintsReference
FNDA:1,TemplateValidator
FNDA:10,validate
FNDA:10,validateSchema
FNDA:8,validateDimensionsSchema
FNDA:2,validateGatesSchema
FNDA:2,validateFeatureSpecsSchema
FNDA:10,validateDomain
FNDA:9,validateDimensionValues
FNDA:2,validateGatesReference
FNDA:2,validateFeatureSpecsReference
FNDA:2,validateHintsReference
FNF:11
FNH:11
BRDA:1,0,0,1
BRDA:15,1,0,1
BRDA:25,2,0,10
BRDA:28,3,0,0
BRDA:36,4,0,3
BRDA:37,5,0,2
BRDA:39,6,0,1
BRDA:46,7,0,6
BRDA:49,8,0,0
BRDA:52,9,0,9
BRDA:59,10,0,1
BRDA:77,11,0,10
BRDA:80,12,0,1
BRDA:90,13,0,0
BRDA:96,14,0,9
BRDA:98,15,0,0
BRDA:104,16,0,9
BRDA:106,17,0,0
BRDA:112,18,0,9
BRDA:114,19,0,1
BRDA:120,20,0,9
BRDA:123,21,0,7
BRDA:125,22,0,9
BRDA:128,23,0,2
BRDA:130,24,0,9
BRDA:133,25,0,2
BRDA:135,26,0,9
BRDA:138,27,0,1
BRDA:152,28,0,7
BRDA:156,29,0,8
BRDA:157,30,0,2
BRDA:165,31,0,0
BRDA:174,32,0,0
BRDA:191,33,0,2
BRDA:195,34,0,0
BRDA:203,35,0,0
BRDA:220,36,0,2
BRDA:224,37,0,0
BRDA:232,38,0,0
BRDA:249,39,0,10
BRDA:253,40,0,1
BRDA:259,41,0,9
BRDA:262,42,0,1
BRDA:268,43,0,9
BRDA:271,44,0,7
BRDA:273,45,0,9
BRDA:276,46,0,2
BRDA:276,47,0,2
BRDA:278,48,0,9
BRDA:281,49,0,2
BRDA:281,50,0,2
BRDA:283,51,0,9
BRDA:286,52,0,2
BRDA:286,53,0,2
BRDA:286,54,0,2
BRDA:288,55,0,9
BRDA:298,56,0,7
BRDA:301,57,0,8
BRDA:302,58,0,0
BRDA:312,59,0,0
BRDA:321,60,0,5
BRDA:322,61,0,9
BRDA:323,62,0,2
BRDA:343,63,0,2
BRDA:349,64,0,1
BRDA:367,65,0,2
BRDA:369,66,0,0
BRDA:372,67,0,1
BRDA:381,68,0,0
BRDA:403,69,0,2
BRDA:405,70,0,0
BRDA:408,71,0,1
BRF:72
BRH:56
DA:1,1
DA:2,1
DA:3,1
DA:4,1
DA:5,1
DA:6,1
DA:7,1
DA:8,1
DA:9,1
DA:10,1
DA:11,1
DA:12,1
DA:13,1
DA:14,1
DA:15,1
DA:16,1
DA:17,1
DA:18,1
DA:19,1
DA:20,1
DA:21,1
DA:22,1
DA:23,1
DA:24,1
DA:25,1
DA:26,10
DA:27,10
DA:28,10
DA:29,10
DA:30,10
DA:31,10
DA:32,10
DA:33,10
DA:34,10
DA:35,10
DA:36,10
DA:37,3
DA:38,2
DA:39,3
DA:40,1
DA:41,1
DA:42,3
DA:43,10
DA:44,10
DA:45,10
DA:46,10
DA:47,6
DA:48,6
DA:49,6
DA:50,0
DA:51,0
DA:52,6
DA:53,9
DA:54,9
DA:55,9
DA:56,9
DA:57,9
DA:58,9
DA:59,10
DA:60,1
DA:61,1
DA:62,1
DA:63,1
DA:64,1
DA:65,1
DA:66,1
DA:67,1
DA:68,1
DA:69,1
DA:70,10
DA:71,1
DA:72,1
DA:73,1
DA:74,1
DA:75,1
DA:76,1
DA:77,1
DA:78,10
DA:79,10
DA:80,10
DA:81,1
DA:82,1
DA:83,1
DA:84,1
DA:85,10
DA:86,10
DA:87,10
DA:88,10
DA:89,10
DA:90,10
DA:91,0
DA:92,0
DA:93,0
DA:94,0
DA:95,0
DA:96,0
DA:97,9
DA:98,10
DA:99,0
DA:100,0
DA:101,0
DA:102,0
DA:103,0
DA:104,0
DA:105,9
DA:106,10
DA:107,0
DA:108,0
DA:109,0
DA:110,0
DA:111,0
DA:112,0
DA:113,9
DA:114,10
DA:115,1
DA:116,1
DA:117,1
DA:118,1
DA:119,1
DA:120,1
DA:121,9
DA:122,9
DA:123,10
DA:124,7
DA:125,7
DA:126,9
DA:127,9
DA:128,10
DA:129,2
DA:130,2
DA:131,9
DA:132,9
DA:133,10
DA:134,2
DA:135,2
DA:136,9
DA:137,9
DA:138,10
DA:139,1
DA:140,1
DA:141,1
DA:142,1
DA:143,1
DA:144,1
DA:145,10
DA:146,1
DA:147,1
DA:148,1
DA:149,1
DA:150,1
DA:151,1
DA:152,1
DA:153,7
DA:154,7
DA:155,7
DA:156,7
DA:157,8
DA:158,2
DA:159,2
DA:160,2
DA:161,2
DA:162,2
DA:163,2
DA:164,8
DA:165,8
DA:166,0
DA:167,0
DA:168,0
DA:169,0
DA:170,0
DA:171,0
DA:172,0
DA:173,8
DA:174,8
DA:175,0
DA:176,0
DA:177,0
DA:178,0
DA:179,0
DA:180,0
DA:181,8
DA:182,7
DA:183,7
DA:184,7
DA:185,1
DA:186,1
DA:187,1
DA:188,1
DA:189,1
DA:190,1
DA:191,1
DA:192,2
DA:193,2
DA:194,2
DA:195,2
DA:196,0
DA:197,0
DA:198,0
DA:199,0
DA:200,0
DA:201,0
DA:202,2
DA:203,2
DA:204,0
DA:205,0
DA:206,0
DA:207,0
DA:208,0
DA:209,0
DA:210,2
DA:211,2
DA:212,2
DA:213,2
DA:214,1
DA:215,1
DA:216,1
DA:217,1
DA:218,1
DA:219,1
DA:220,1
DA:221,2
DA:222,2
DA:223,2
DA:224,2
DA:225,0
DA:226,0
DA:227,0
DA:228,0
DA:229,0
DA:230,0
DA:231,2
DA:232,2
DA:233,0
DA:234,0
DA:235,0
DA:236,0
DA:237,0
DA:238,0
DA:239,2
DA:240,2
DA:241,2
DA:242,2
DA:243,1
DA:244,1
DA:245,1
DA:246,1
DA:247,1
DA:248,1
DA:249,1
DA:250,10
DA:251,10
DA:252,10
DA:253,10
DA:254,1
DA:255,1
DA:256,1
DA:257,1
DA:258,1
DA:259,1
DA:260,9
DA:261,9
DA:262,10
DA:263,1
DA:264,1
DA:265,1
DA:266,1
DA:267,1
DA:268,1
DA:269,9
DA:270,9
DA:271,10
DA:272,7
DA:273,7
DA:274,9
DA:275,9
DA:276,10
DA:277,2
DA:278,2
DA:279,9
DA:280,9
DA:281,10
DA:282,2
DA:283,2
DA:284,9
DA:285,9
DA:286,10
DA:287,2
DA:288,2
DA:289,9
DA:290,9
DA:291,10
DA:292,1
DA:293,1
DA:294,1
DA:295,1
DA:296,1
DA:297,1
DA:298,1
DA:299,7
DA:300,7
DA:301,7
DA:302,8
DA:303,0
DA:304,0
DA:305,0
DA:306,0
DA:307,0
DA:308,0
DA:309,8
DA:310,8
DA:311,8
DA:312,8
DA:313,0
DA:314,0
DA:315,0
DA:316,0
DA:317,0
DA:318,0
DA:319,8
DA:320,8
DA:321,8
DA:322,5
DA:323,9
DA:324,2
DA:325,2
DA:326,2
DA:327,2
DA:328,2
DA:329,2
DA:330,9
DA:331,5
DA:332,8
DA:333,7
DA:334,7
DA:335,7
DA:336,1
DA:337,1
DA:338,1
DA:339,1
DA:340,1
DA:341,1
DA:342,1
DA:343,1
DA:344,2
DA:345,2
DA:346,2
DA:347,2
DA:348,2
DA:349,2
DA:350,1
DA:351,1
DA:352,1
DA:353,1
DA:354,1
DA:355,1
DA:356,2
DA:357,2
DA:358,2
DA:359,2
DA:360,1
DA:361,1
DA:362,1
DA:363,1
DA:364,1
DA:365,1
DA:366,1
DA:367,1
DA:368,2
DA:369,2
DA:370,2
DA:371,2
DA:372,2
DA:373,1
DA:374,1
DA:375,1
DA:376,1
DA:377,1
DA:378,1
DA:379,2
DA:380,2
DA:381,2
DA:382,0
DA:383,0
DA:384,0
DA:385,0
DA:386,0
DA:387,0
DA:388,0
DA:389,0
DA:390,0
DA:391,0
DA:392,2
DA:393,2
DA:394,2
DA:395,2
DA:396,1
DA:397,1
DA:398,1
DA:399,1
DA:400,1
DA:401,1
DA:402,1
DA:403,1
DA:404,2
DA:405,2
DA:406,2
DA:407,2
DA:408,2
DA:409,1
DA:410,1
DA:411,1
DA:412,1
DA:413,1
DA:414,1
DA:415,2
DA:416,2
DA:417,2
DA:418,2
DA:419,1
LH:340
LF:419
end_of_record
