{"total": {"lines":{"total":18616,"covered":15667,"skipped":0,"pct":84.15},"statements":{"total":18616,"covered":15667,"skipped":0,"pct":84.15},"functions":{"total":588,"covered":518,"skipped":0,"pct":88.09},"branches":{"total":3278,"covered":2550,"skipped":0,"pct":77.79},"branchesTrue":{"total":0,"covered":0,"skipped":0,"pct":100}}
,"/Users/vijay/workspaces/ws-million-views/create/bin/create-scaffold/index.mjs": {"lines":{"total":30,"covered":30,"skipped":0,"pct":100},"functions":{"total":1,"covered":1,"skipped":0,"pct":100},"statements":{"total":30,"covered":30,"skipped":0,"pct":100},"branches":{"total":2,"covered":2,"skipped":0,"pct":100}}
,"/Users/vijay/workspaces/ws-million-views/create/bin/create-scaffold/commands/list/help.js": {"lines":{"total":62,"covered":62,"skipped":0,"pct":100},"functions":{"total":0,"covered":0,"skipped":0,"pct":100},"statements":{"total":62,"covered":62,"skipped":0,"pct":100},"branches":{"total":1,"covered":1,"skipped":0,"pct":100}}
,"/Users/vijay/workspaces/ws-million-views/create/bin/create-scaffold/commands/list/index.js": {"lines":{"total":37,"covered":30,"skipped":0,"pct":81.08},"functions":{"total":3,"covered":3,"skipped":0,"pct":100},"statements":{"total":37,"covered":30,"skipped":0,"pct":81.08},"branches":{"total":8,"covered":6,"skipped":0,"pct":75}}
,"/Users/vijay/workspaces/ws-million-views/create/bin/create-scaffold/commands/list/registry-fetcher.js": {"lines":{"total":117,"covered":81,"skipped":0,"pct":69.23},"functions":{"total":4,"covered":4,"skipped":0,"pct":100},"statements":{"total":117,"covered":81,"skipped":0,"pct":69.23},"branches":{"total":28,"covered":6,"skipped":0,"pct":21.42}}
,"/Users/vijay/workspaces/ws-million-views/create/bin/create-scaffold/commands/new/help.js": {"lines":{"total":134,"covered":134,"skipped":0,"pct":100},"functions":{"total":0,"covered":0,"skipped":0,"pct":100},"statements":{"total":134,"covered":134,"skipped":0,"pct":100},"branches":{"total":1,"covered":1,"skipped":0,"pct":100}}
,"/Users/vijay/workspaces/ws-million-views/create/bin/create-scaffold/commands/new/index.js": {"lines":{"total":119,"covered":107,"skipped":0,"pct":89.91},"functions":{"total":4,"covered":4,"skipped":0,"pct":100},"statements":{"total":119,"covered":107,"skipped":0,"pct":89.91},"branches":{"total":50,"covered":44,"skipped":0,"pct":88}}
,"/Users/vijay/workspaces/ws-million-views/create/bin/create-scaffold/commands/new/scaffolder.js": {"lines":{"total":473,"covered":380,"skipped":0,"pct":80.33},"functions":{"total":9,"covered":6,"skipped":0,"pct":66.66},"statements":{"total":473,"covered":380,"skipped":0,"pct":80.33},"branches":{"total":87,"covered":65,"skipped":0,"pct":74.71}}
,"/Users/vijay/workspaces/ws-million-views/create/bin/create-scaffold/commands/validate/help.js": {"lines":{"total":31,"covered":31,"skipped":0,"pct":100},"functions":{"total":0,"covered":0,"skipped":0,"pct":100},"statements":{"total":31,"covered":31,"skipped":0,"pct":100},"branches":{"total":1,"covered":1,"skipped":0,"pct":100}}
,"/Users/vijay/workspaces/ws-million-views/create/bin/create-scaffold/commands/validate/index.js": {"lines":{"total":92,"covered":48,"skipped":0,"pct":52.17},"functions":{"total":4,"covered":4,"skipped":0,"pct":100},"statements":{"total":92,"covered":48,"skipped":0,"pct":52.17},"branches":{"total":11,"covered":7,"skipped":0,"pct":63.63}}
,"/Users/vijay/workspaces/ws-million-views/create/bin/create-scaffold/modules/cache-manager.mjs": {"lines":{"total":489,"covered":398,"skipped":0,"pct":81.39},"functions":{"total":19,"covered":19,"skipped":0,"pct":100},"statements":{"total":489,"covered":398,"skipped":0,"pct":81.39},"branches":{"total":74,"covered":45,"skipped":0,"pct":60.81}}
,"/Users/vijay/workspaces/ws-million-views/create/bin/create-scaffold/modules/config-loader.mjs": {"lines":{"total":514,"covered":414,"skipped":0,"pct":80.54},"functions":{"total":11,"covered":11,"skipped":0,"pct":100},"statements":{"total":514,"covered":414,"skipped":0,"pct":80.54},"branches":{"total":155,"covered":126,"skipped":0,"pct":81.29}}
,"/Users/vijay/workspaces/ws-million-views/create/bin/create-scaffold/modules/dry-run-engine.mjs": {"lines":{"total":283,"covered":263,"skipped":0,"pct":92.93},"functions":{"total":7,"covered":7,"skipped":0,"pct":100},"statements":{"total":283,"covered":263,"skipped":0,"pct":92.93},"branches":{"total":40,"covered":24,"skipped":0,"pct":60}}
,"/Users/vijay/workspaces/ws-million-views/create/bin/create-scaffold/modules/guided-setup-workflow.mjs": {"lines":{"total":1390,"covered":1041,"skipped":0,"pct":74.89},"functions":{"total":57,"covered":50,"skipped":0,"pct":87.71},"statements":{"total":1390,"covered":1041,"skipped":0,"pct":74.89},"branches":{"total":244,"covered":170,"skipped":0,"pct":69.67}}
,"/Users/vijay/workspaces/ws-million-views/create/bin/create-scaffold/modules/options-processor.mjs": {"lines":{"total":196,"covered":178,"skipped":0,"pct":90.81},"functions":{"total":5,"covered":5,"skipped":0,"pct":100},"statements":{"total":196,"covered":178,"skipped":0,"pct":90.81},"branches":{"total":80,"covered":66,"skipped":0,"pct":82.5}}
,"/Users/vijay/workspaces/ws-million-views/create/bin/create-scaffold/modules/setup-runtime.mjs": {"lines":{"total":160,"covered":147,"skipped":0,"pct":91.87},"functions":{"total":7,"covered":5,"skipped":0,"pct":71.42},"statements":{"total":160,"covered":147,"skipped":0,"pct":91.87},"branches":{"total":25,"covered":14,"skipped":0,"pct":56}}
,"/Users/vijay/workspaces/ws-million-views/create/bin/create-scaffold/modules/template-resolver.mjs": {"lines":{"total":718,"covered":491,"skipped":0,"pct":68.38},"functions":{"total":13,"covered":11,"skipped":0,"pct":84.61},"statements":{"total":718,"covered":491,"skipped":0,"pct":68.38},"branches":{"total":112,"covered":89,"skipped":0,"pct":79.46}}
,"/Users/vijay/workspaces/ws-million-views/create/bin/create-scaffold/modules/registry/cache-manager.mjs": {"lines":{"total":368,"covered":359,"skipped":0,"pct":97.55},"functions":{"total":20,"covered":20,"skipped":0,"pct":100},"statements":{"total":368,"covered":359,"skipped":0,"pct":97.55},"branches":{"total":63,"covered":55,"skipped":0,"pct":87.3}}
,"/Users/vijay/workspaces/ws-million-views/create/bin/make-template/index.mjs": {"lines":{"total":44,"covered":44,"skipped":0,"pct":100},"functions":{"total":1,"covered":1,"skipped":0,"pct":100},"statements":{"total":44,"covered":44,"skipped":0,"pct":100},"branches":{"total":2,"covered":2,"skipped":0,"pct":100}}
,"/Users/vijay/workspaces/ws-million-views/create/bin/make-template/commands/config/validate/help.js": {"lines":{"total":18,"covered":18,"skipped":0,"pct":100},"functions":{"total":0,"covered":0,"skipped":0,"pct":100},"statements":{"total":18,"covered":18,"skipped":0,"pct":100},"branches":{"total":1,"covered":1,"skipped":0,"pct":100}}
,"/Users/vijay/workspaces/ws-million-views/create/bin/make-template/commands/config/validate/index.js": {"lines":{"total":30,"covered":30,"skipped":0,"pct":100},"functions":{"total":3,"covered":3,"skipped":0,"pct":100},"statements":{"total":30,"covered":30,"skipped":0,"pct":100},"branches":{"total":6,"covered":6,"skipped":0,"pct":100}}
,"/Users/vijay/workspaces/ws-million-views/create/bin/make-template/commands/convert/converter.js": {"lines":{"total":559,"covered":438,"skipped":0,"pct":78.35},"functions":{"total":15,"covered":14,"skipped":0,"pct":93.33},"statements":{"total":559,"covered":438,"skipped":0,"pct":78.35},"branches":{"total":108,"covered":71,"skipped":0,"pct":65.74}}
,"/Users/vijay/workspaces/ws-million-views/create/bin/make-template/commands/convert/help.js": {"lines":{"total":115,"covered":115,"skipped":0,"pct":100},"functions":{"total":0,"covered":0,"skipped":0,"pct":100},"statements":{"total":115,"covered":115,"skipped":0,"pct":100},"branches":{"total":1,"covered":1,"skipped":0,"pct":100}}
,"/Users/vijay/workspaces/ws-million-views/create/bin/make-template/commands/convert/index.js": {"lines":{"total":59,"covered":47,"skipped":0,"pct":79.66},"functions":{"total":3,"covered":3,"skipped":0,"pct":100},"statements":{"total":59,"covered":47,"skipped":0,"pct":79.66},"branches":{"total":19,"covered":14,"skipped":0,"pct":73.68}}
,"/Users/vijay/workspaces/ws-million-views/create/bin/make-template/commands/convert/validator.js": {"lines":{"total":34,"covered":26,"skipped":0,"pct":76.47},"functions":{"total":1,"covered":1,"skipped":0,"pct":100},"statements":{"total":34,"covered":26,"skipped":0,"pct":76.47},"branches":{"total":8,"covered":4,"skipped":0,"pct":50}}
,"/Users/vijay/workspaces/ws-million-views/create/bin/make-template/commands/hints/help.js": {"lines":{"total":12,"covered":12,"skipped":0,"pct":100},"functions":{"total":0,"covered":0,"skipped":0,"pct":100},"statements":{"total":12,"covered":12,"skipped":0,"pct":100},"branches":{"total":1,"covered":1,"skipped":0,"pct":100}}
,"/Users/vijay/workspaces/ws-million-views/create/bin/make-template/commands/hints/index.js": {"lines":{"total":131,"covered":129,"skipped":0,"pct":98.47},"functions":{"total":3,"covered":2,"skipped":0,"pct":66.66},"statements":{"total":131,"covered":129,"skipped":0,"pct":98.47},"branches":{"total":4,"covered":4,"skipped":0,"pct":100}}
,"/Users/vijay/workspaces/ws-million-views/create/bin/make-template/commands/init/help.js": {"lines":{"total":51,"covered":51,"skipped":0,"pct":100},"functions":{"total":0,"covered":0,"skipped":0,"pct":100},"statements":{"total":51,"covered":51,"skipped":0,"pct":100},"branches":{"total":1,"covered":1,"skipped":0,"pct":100}}
,"/Users/vijay/workspaces/ws-million-views/create/bin/make-template/commands/init/index.js": {"lines":{"total":74,"covered":69,"skipped":0,"pct":93.24},"functions":{"total":3,"covered":3,"skipped":0,"pct":100},"statements":{"total":74,"covered":69,"skipped":0,"pct":93.24},"branches":{"total":14,"covered":12,"skipped":0,"pct":85.71}}
,"/Users/vijay/workspaces/ws-million-views/create/bin/make-template/commands/restore/help.js": {"lines":{"total":79,"covered":79,"skipped":0,"pct":100},"functions":{"total":0,"covered":0,"skipped":0,"pct":100},"statements":{"total":79,"covered":79,"skipped":0,"pct":100},"branches":{"total":1,"covered":1,"skipped":0,"pct":100}}
,"/Users/vijay/workspaces/ws-million-views/create/bin/make-template/commands/restore/index.js": {"lines":{"total":53,"covered":38,"skipped":0,"pct":71.69},"functions":{"total":3,"covered":3,"skipped":0,"pct":100},"statements":{"total":53,"covered":38,"skipped":0,"pct":71.69},"branches":{"total":14,"covered":12,"skipped":0,"pct":85.71}}
,"/Users/vijay/workspaces/ws-million-views/create/bin/make-template/commands/restore/restorer.js": {"lines":{"total":116,"covered":99,"skipped":0,"pct":85.34},"functions":{"total":4,"covered":4,"skipped":0,"pct":100},"statements":{"total":116,"covered":99,"skipped":0,"pct":85.34},"branches":{"total":19,"covered":15,"skipped":0,"pct":78.94}}
,"/Users/vijay/workspaces/ws-million-views/create/bin/make-template/commands/test/help.js": {"lines":{"total":39,"covered":39,"skipped":0,"pct":100},"functions":{"total":0,"covered":0,"skipped":0,"pct":100},"statements":{"total":39,"covered":39,"skipped":0,"pct":100},"branches":{"total":1,"covered":1,"skipped":0,"pct":100}}
,"/Users/vijay/workspaces/ws-million-views/create/bin/make-template/commands/test/index.js": {"lines":{"total":202,"covered":156,"skipped":0,"pct":77.22},"functions":{"total":5,"covered":5,"skipped":0,"pct":100},"statements":{"total":202,"covered":156,"skipped":0,"pct":77.22},"branches":{"total":29,"covered":24,"skipped":0,"pct":82.75}}
,"/Users/vijay/workspaces/ws-million-views/create/bin/make-template/commands/validate/help.js": {"lines":{"total":40,"covered":40,"skipped":0,"pct":100},"functions":{"total":0,"covered":0,"skipped":0,"pct":100},"statements":{"total":40,"covered":40,"skipped":0,"pct":100},"branches":{"total":1,"covered":1,"skipped":0,"pct":100}}
,"/Users/vijay/workspaces/ws-million-views/create/bin/make-template/commands/validate/index.js": {"lines":{"total":89,"covered":70,"skipped":0,"pct":78.65},"functions":{"total":3,"covered":3,"skipped":0,"pct":100},"statements":{"total":89,"covered":70,"skipped":0,"pct":78.65},"branches":{"total":25,"covered":19,"skipped":0,"pct":76}}
,"/Users/vijay/workspaces/ws-million-views/create/lib/boundary-validator.mjs": {"lines":{"total":198,"covered":153,"skipped":0,"pct":77.27},"functions":{"total":11,"covered":8,"skipped":0,"pct":72.72},"statements":{"total":198,"covered":153,"skipped":0,"pct":77.27},"branches":{"total":17,"covered":17,"skipped":0,"pct":100}}
,"/Users/vijay/workspaces/ws-million-views/create/lib/error-classes.mjs": {"lines":{"total":28,"covered":28,"skipped":0,"pct":100},"functions":{"total":2,"covered":2,"skipped":0,"pct":100},"statements":{"total":28,"covered":28,"skipped":0,"pct":100},"branches":{"total":4,"covered":4,"skipped":0,"pct":100}}
,"/Users/vijay/workspaces/ws-million-views/create/lib/error-handler.mjs": {"lines":{"total":392,"covered":381,"skipped":0,"pct":97.19},"functions":{"total":18,"covered":18,"skipped":0,"pct":100},"statements":{"total":392,"covered":381,"skipped":0,"pct":97.19},"branches":{"total":58,"covered":50,"skipped":0,"pct":86.2}}
,"/Users/vijay/workspaces/ws-million-views/create/lib/logger.mjs": {"lines":{"total":551,"covered":338,"skipped":0,"pct":61.34},"functions":{"total":28,"covered":12,"skipped":0,"pct":42.85},"statements":{"total":551,"covered":338,"skipped":0,"pct":61.34},"branches":{"total":45,"covered":20,"skipped":0,"pct":44.44}}
,"/Users/vijay/workspaces/ws-million-views/create/lib/path-resolver.mjs": {"lines":{"total":84,"covered":84,"skipped":0,"pct":100},"functions":{"total":5,"covered":5,"skipped":0,"pct":100},"statements":{"total":84,"covered":84,"skipped":0,"pct":100},"branches":{"total":12,"covered":12,"skipped":0,"pct":100}}
,"/Users/vijay/workspaces/ws-million-views/create/lib/placeholder-formats.mjs": {"lines":{"total":250,"covered":213,"skipped":0,"pct":85.2},"functions":{"total":12,"covered":9,"skipped":0,"pct":75},"statements":{"total":250,"covered":213,"skipped":0,"pct":85.2},"branches":{"total":18,"covered":13,"skipped":0,"pct":72.22}}
,"/Users/vijay/workspaces/ws-million-views/create/lib/placeholder-resolver.mjs": {"lines":{"total":299,"covered":244,"skipped":0,"pct":81.6},"functions":{"total":5,"covered":3,"skipped":0,"pct":60},"statements":{"total":299,"covered":244,"skipped":0,"pct":81.6},"branches":{"total":83,"covered":72,"skipped":0,"pct":86.74}}
,"/Users/vijay/workspaces/ws-million-views/create/lib/placeholder-schema.mjs": {"lines":{"total":164,"covered":164,"skipped":0,"pct":100},"functions":{"total":3,"covered":3,"skipped":0,"pct":100},"statements":{"total":164,"covered":164,"skipped":0,"pct":100},"branches":{"total":62,"covered":62,"skipped":0,"pct":100}}
,"/Users/vijay/workspaces/ws-million-views/create/lib/security-audit-logger.mjs": {"lines":{"total":164,"covered":123,"skipped":0,"pct":75},"functions":{"total":12,"covered":8,"skipped":0,"pct":66.66},"statements":{"total":164,"covered":123,"skipped":0,"pct":75},"branches":{"total":18,"covered":14,"skipped":0,"pct":77.77}}
,"/Users/vijay/workspaces/ws-million-views/create/lib/security-gate.mjs": {"lines":{"total":262,"covered":222,"skipped":0,"pct":84.73},"functions":{"total":12,"covered":10,"skipped":0,"pct":83.33},"statements":{"total":262,"covered":222,"skipped":0,"pct":84.73},"branches":{"total":32,"covered":23,"skipped":0,"pct":71.87}}
,"/Users/vijay/workspaces/ws-million-views/create/lib/security.mjs": {"lines":{"total":1162,"covered":947,"skipped":0,"pct":81.49},"functions":{"total":21,"covered":20,"skipped":0,"pct":95.23},"statements":{"total":1162,"covered":947,"skipped":0,"pct":81.49},"branches":{"total":328,"covered":268,"skipped":0,"pct":81.7}}
,"/Users/vijay/workspaces/ws-million-views/create/lib/template-discovery.mjs": {"lines":{"total":556,"covered":347,"skipped":0,"pct":62.41},"functions":{"total":14,"covered":9,"skipped":0,"pct":64.28},"statements":{"total":556,"covered":347,"skipped":0,"pct":62.41},"branches":{"total":54,"covered":23,"skipped":0,"pct":42.59}}
,"/Users/vijay/workspaces/ws-million-views/create/lib/template-ignore.mjs": {"lines":{"total":109,"covered":107,"skipped":0,"pct":98.16},"functions":{"total":3,"covered":3,"skipped":0,"pct":100},"statements":{"total":109,"covered":107,"skipped":0,"pct":98.16},"branches":{"total":28,"covered":27,"skipped":0,"pct":96.42}}
,"/Users/vijay/workspaces/ws-million-views/create/lib/template-manifest-validator.mjs": {"lines":{"total":235,"covered":231,"skipped":0,"pct":98.29},"functions":{"total":2,"covered":2,"skipped":0,"pct":100},"statements":{"total":235,"covered":231,"skipped":0,"pct":98.29},"branches":{"total":121,"covered":119,"skipped":0,"pct":98.34}}
,"/Users/vijay/workspaces/ws-million-views/create/lib/templatize-config.mjs": {"lines":{"total":427,"covered":349,"skipped":0,"pct":81.73},"functions":{"total":9,"covered":7,"skipped":0,"pct":77.77},"statements":{"total":427,"covered":349,"skipped":0,"pct":81.73},"branches":{"total":36,"covered":18,"skipped":0,"pct":50}}
,"/Users/vijay/workspaces/ws-million-views/create/lib/templatize-html.mjs": {"lines":{"total":271,"covered":223,"skipped":0,"pct":82.28},"functions":{"total":7,"covered":7,"skipped":0,"pct":100},"statements":{"total":271,"covered":223,"skipped":0,"pct":82.28},"branches":{"total":45,"covered":34,"skipped":0,"pct":75.55}}
,"/Users/vijay/workspaces/ws-million-views/create/lib/templatize-json.mjs": {"lines":{"total":156,"covered":143,"skipped":0,"pct":91.66},"functions":{"total":4,"covered":4,"skipped":0,"pct":100},"statements":{"total":156,"covered":143,"skipped":0,"pct":91.66},"branches":{"total":27,"covered":21,"skipped":0,"pct":77.77}}
,"/Users/vijay/workspaces/ws-million-views/create/lib/templatize-jsx.mjs": {"lines":{"total":397,"covered":363,"skipped":0,"pct":91.43},"functions":{"total":14,"covered":13,"skipped":0,"pct":92.85},"statements":{"total":397,"covered":363,"skipped":0,"pct":91.43},"branches":{"total":99,"covered":75,"skipped":0,"pct":75.75}}
,"/Users/vijay/workspaces/ws-million-views/create/lib/templatize-markdown.mjs": {"lines":{"total":587,"covered":564,"skipped":0,"pct":96.08},"functions":{"total":18,"covered":18,"skipped":0,"pct":100},"statements":{"total":587,"covered":564,"skipped":0,"pct":96.08},"branches":{"total":102,"covered":87,"skipped":0,"pct":85.29}}
,"/Users/vijay/workspaces/ws-million-views/create/lib/cli/command.js": {"lines":{"total":150,"covered":126,"skipped":0,"pct":84},"functions":{"total":8,"covered":7,"skipped":0,"pct":87.5},"statements":{"total":150,"covered":126,"skipped":0,"pct":84},"branches":{"total":44,"covered":40,"skipped":0,"pct":90.9}}
,"/Users/vijay/workspaces/ws-million-views/create/lib/cli/router.js": {"lines":{"total":111,"covered":106,"skipped":0,"pct":95.49},"functions":{"total":3,"covered":3,"skipped":0,"pct":100},"statements":{"total":111,"covered":106,"skipped":0,"pct":95.49},"branches":{"total":48,"covered":44,"skipped":0,"pct":91.66}}
,"/Users/vijay/workspaces/ws-million-views/create/lib/environment/context.mjs": {"lines":{"total":179,"covered":177,"skipped":0,"pct":98.88},"functions":{"total":3,"covered":3,"skipped":0,"pct":100},"statements":{"total":179,"covered":177,"skipped":0,"pct":98.88},"branches":{"total":32,"covered":28,"skipped":0,"pct":87.5}}
,"/Users/vijay/workspaces/ws-million-views/create/lib/environment/index.mjs": {"lines":{"total":71,"covered":71,"skipped":0,"pct":100},"functions":{"total":0,"covered":0,"skipped":0,"pct":100},"statements":{"total":71,"covered":71,"skipped":0,"pct":100},"branches":{"total":1,"covered":1,"skipped":0,"pct":100}}
,"/Users/vijay/workspaces/ws-million-views/create/lib/environment/testing.mjs": {"lines":{"total":247,"covered":247,"skipped":0,"pct":100},"functions":{"total":9,"covered":9,"skipped":0,"pct":100},"statements":{"total":247,"covered":247,"skipped":0,"pct":100},"branches":{"total":16,"covered":16,"skipped":0,"pct":100}}
,"/Users/vijay/workspaces/ws-million-views/create/lib/environment/utils.mjs": {"lines":{"total":297,"covered":265,"skipped":0,"pct":89.22},"functions":{"total":15,"covered":15,"skipped":0,"pct":100},"statements":{"total":297,"covered":265,"skipped":0,"pct":89.22},"branches":{"total":75,"covered":59,"skipped":0,"pct":78.66}}
,"/Users/vijay/workspaces/ws-million-views/create/lib/environment/tools/files.mjs": {"lines":{"total":206,"covered":186,"skipped":0,"pct":90.29},"functions":{"total":11,"covered":11,"skipped":0,"pct":100},"statements":{"total":206,"covered":186,"skipped":0,"pct":90.29},"branches":{"total":36,"covered":26,"skipped":0,"pct":72.22}}
,"/Users/vijay/workspaces/ws-million-views/create/lib/environment/tools/index.mjs": {"lines":{"total":125,"covered":125,"skipped":0,"pct":100},"functions":{"total":4,"covered":2,"skipped":0,"pct":50},"statements":{"total":125,"covered":125,"skipped":0,"pct":100},"branches":{"total":21,"covered":21,"skipped":0,"pct":100}}
,"/Users/vijay/workspaces/ws-million-views/create/lib/environment/tools/inputs.mjs": {"lines":{"total":45,"covered":43,"skipped":0,"pct":95.55},"functions":{"total":3,"covered":3,"skipped":0,"pct":100},"statements":{"total":45,"covered":43,"skipped":0,"pct":95.55},"branches":{"total":8,"covered":6,"skipped":0,"pct":75}}
,"/Users/vijay/workspaces/ws-million-views/create/lib/environment/tools/json.mjs": {"lines":{"total":431,"covered":372,"skipped":0,"pct":86.31},"functions":{"total":22,"covered":22,"skipped":0,"pct":100},"statements":{"total":431,"covered":372,"skipped":0,"pct":86.31},"branches":{"total":76,"covered":57,"skipped":0,"pct":75}}
,"/Users/vijay/workspaces/ws-million-views/create/lib/environment/tools/logger.mjs": {"lines":{"total":42,"covered":40,"skipped":0,"pct":95.23},"functions":{"total":4,"covered":4,"skipped":0,"pct":100},"statements":{"total":42,"covered":40,"skipped":0,"pct":95.23},"branches":{"total":8,"covered":7,"skipped":0,"pct":87.5}}
,"/Users/vijay/workspaces/ws-million-views/create/lib/environment/tools/options.mjs": {"lines":{"total":210,"covered":185,"skipped":0,"pct":88.09},"functions":{"total":10,"covered":10,"skipped":0,"pct":100},"statements":{"total":210,"covered":185,"skipped":0,"pct":88.09},"branches":{"total":54,"covered":35,"skipped":0,"pct":64.81}}
,"/Users/vijay/workspaces/ws-million-views/create/lib/environment/tools/placeholders.mjs": {"lines":{"total":179,"covered":165,"skipped":0,"pct":92.17},"functions":{"total":9,"covered":9,"skipped":0,"pct":100},"statements":{"total":179,"covered":165,"skipped":0,"pct":92.17},"branches":{"total":30,"covered":20,"skipped":0,"pct":66.66}}
,"/Users/vijay/workspaces/ws-million-views/create/lib/environment/tools/templates.mjs": {"lines":{"total":111,"covered":104,"skipped":0,"pct":93.69},"functions":{"total":5,"covered":5,"skipped":0,"pct":100},"statements":{"total":111,"covered":104,"skipped":0,"pct":93.69},"branches":{"total":16,"covered":14,"skipped":0,"pct":87.5}}
,"/Users/vijay/workspaces/ws-million-views/create/lib/environment/tools/text.mjs": {"lines":{"total":241,"covered":215,"skipped":0,"pct":89.21},"functions":{"total":7,"covered":7,"skipped":0,"pct":100},"statements":{"total":241,"covered":215,"skipped":0,"pct":89.21},"branches":{"total":52,"covered":43,"skipped":0,"pct":82.69}}
,"/Users/vijay/workspaces/ws-million-views/create/lib/utils/file.mjs": {"lines":{"total":364,"covered":191,"skipped":0,"pct":52.47},"functions":{"total":16,"covered":7,"skipped":0,"pct":43.75},"statements":{"total":364,"covered":191,"skipped":0,"pct":52.47},"branches":{"total":22,"covered":13,"skipped":0,"pct":59.09}}
,"/Users/vijay/workspaces/ws-million-views/create/lib/utils/shell.mjs": {"lines":{"total":83,"covered":74,"skipped":0,"pct":89.15},"functions":{"total":1,"covered":1,"skipped":0,"pct":100},"statements":{"total":83,"covered":74,"skipped":0,"pct":89.15},"branches":{"total":8,"covered":6,"skipped":0,"pct":75}}
,"/Users/vijay/workspaces/ws-million-views/create/lib/validation/selection-validator.mjs": {"lines":{"total":402,"covered":349,"skipped":0,"pct":86.81},"functions":{"total":12,"covered":12,"skipped":0,"pct":100},"statements":{"total":402,"covered":349,"skipped":0,"pct":86.81},"branches":{"total":59,"covered":41,"skipped":0,"pct":69.49}}
,"/Users/vijay/workspaces/ws-million-views/create/lib/validation/template-validator.mjs": {"lines":{"total":951,"covered":914,"skipped":0,"pct":96.1},"functions":{"total":19,"covered":19,"skipped":0,"pct":100},"statements":{"total":951,"covered":914,"skipped":0,"pct":96.1},"branches":{"total":180,"covered":167,"skipped":0,"pct":92.77}}
,"/Users/vijay/workspaces/ws-million-views/create/scripts/build-template-schema.mjs": {"lines":{"total":379,"covered":336,"skipped":0,"pct":88.65},"functions":{"total":11,"covered":10,"skipped":0,"pct":90.9},"statements":{"total":379,"covered":336,"skipped":0,"pct":88.65},"branches":{"total":44,"covered":22,"skipped":0,"pct":50}}
,"/Users/vijay/workspaces/ws-million-views/create/scripts/test-runner.mjs": {"lines":{"total":542,"covered":458,"skipped":0,"pct":84.5},"functions":{"total":8,"covered":6,"skipped":0,"pct":75},"statements":{"total":542,"covered":458,"skipped":0,"pct":84.5},"branches":{"total":22,"covered":13,"skipped":0,"pct":59.09}}
}
